2019-03-28 07:43:53,041 - AdspySpider.py[line:59] - INFO: AdspySpider启动...
2019-03-28 07:43:57,807 - AdspyChromeMiddleware.py[line:51] - INFO: 8428792@qq.com: 登录成功！
2019-03-28 07:43:58,707 - AdspyChromeMiddleware.py[line:55] - INFO: 开始下拉翻页获取视频链接...
2019-03-28 07:44:01,710 - AdspyChromeMiddleware.py[line:58] - INFO: 第1次翻页...
2019-03-28 07:44:04,719 - AdspyChromeMiddleware.py[line:58] - INFO: 第2次翻页...
2019-03-28 07:44:07,727 - AdspyChromeMiddleware.py[line:58] - INFO: 第3次翻页...
2019-03-28 07:44:10,735 - AdspyChromeMiddleware.py[line:58] - INFO: 第4次翻页...
2019-03-28 07:44:13,759 - AdspyChromeMiddleware.py[line:58] - INFO: 第5次翻页...
2019-03-28 07:44:16,767 - AdspyChromeMiddleware.py[line:58] - INFO: 第6次翻页...
2019-03-28 07:44:19,775 - AdspyChromeMiddleware.py[line:58] - INFO: 第7次翻页...
2019-03-28 07:44:22,804 - AdspyChromeMiddleware.py[line:58] - INFO: 第8次翻页...
2019-03-28 07:44:25,816 - AdspyChromeMiddleware.py[line:58] - INFO: 第9次翻页...
2019-03-28 07:44:28,830 - AdspyChromeMiddleware.py[line:58] - INFO: 第10次翻页...
2019-03-28 07:44:31,844 - AdspyChromeMiddleware.py[line:58] - INFO: 第11次翻页...
2019-03-28 07:44:34,854 - AdspyChromeMiddleware.py[line:58] - INFO: 第12次翻页...
2019-03-28 07:44:37,860 - AdspyChromeMiddleware.py[line:58] - INFO: 第13次翻页...
2019-03-28 07:44:40,873 - AdspyChromeMiddleware.py[line:58] - INFO: 第14次翻页...
2019-03-28 07:44:43,882 - AdspyChromeMiddleware.py[line:58] - INFO: 第15次翻页...
2019-03-28 07:44:46,888 - AdspyChromeMiddleware.py[line:58] - INFO: 第16次翻页...
2019-03-28 07:44:49,902 - AdspyChromeMiddleware.py[line:58] - INFO: 第17次翻页...
2019-03-28 07:44:52,912 - AdspyChromeMiddleware.py[line:58] - INFO: 第18次翻页...
2019-03-28 07:44:55,917 - AdspyChromeMiddleware.py[line:58] - INFO: 第19次翻页...
2019-03-28 07:44:58,932 - AdspyChromeMiddleware.py[line:58] - INFO: 第20次翻页...
2019-03-28 07:45:04,497 - AdspyRedisPipeline.py[line:26] - INFO: 解析到新链接： https://www.facebook.com/185891658108917
2019-03-28 07:45:04,499 - AdspyRedisPipeline.py[line:26] - INFO: 解析到新链接： https://www.facebook.com/495075217208815
2019-03-28 07:45:04,550 - AdspyRedisPipeline.py[line:26] - INFO: 解析到新链接： https://www.facebook.com/733226656816228
2019-03-28 07:45:04,626 - AdspySpider.py[line:104] - INFO: 登陆成功，解析完毕!
2019-03-28 13:54:01,615 - AdspySpider.py[line:59] - INFO: AdspySpider启动...
2019-03-28 13:54:07,150 - AdspyChromeMiddleware.py[line:51] - INFO: 8428792@qq.com: 登录成功！
2019-03-28 13:54:08,103 - AdspyChromeMiddleware.py[line:55] - INFO: 开始下拉翻页获取视频链接...
2019-03-28 13:54:11,105 - AdspyChromeMiddleware.py[line:58] - INFO: 第1次翻页...
2019-03-28 13:54:14,114 - AdspyChromeMiddleware.py[line:58] - INFO: 第2次翻页...
2019-03-28 13:54:17,125 - AdspyChromeMiddleware.py[line:58] - INFO: 第3次翻页...
2019-03-28 13:54:20,135 - AdspyChromeMiddleware.py[line:58] - INFO: 第4次翻页...
2019-03-28 13:54:23,147 - AdspyChromeMiddleware.py[line:58] - INFO: 第5次翻页...
2019-03-28 13:54:26,154 - AdspyChromeMiddleware.py[line:58] - INFO: 第6次翻页...
2019-03-28 13:54:29,162 - AdspyChromeMiddleware.py[line:58] - INFO: 第7次翻页...
2019-03-28 13:54:32,190 - AdspyChromeMiddleware.py[line:58] - INFO: 第8次翻页...
2019-03-28 13:54:35,198 - AdspyChromeMiddleware.py[line:58] - INFO: 第9次翻页...
2019-03-28 13:54:38,207 - AdspyChromeMiddleware.py[line:58] - INFO: 第10次翻页...
2019-03-28 13:54:41,225 - AdspyChromeMiddleware.py[line:58] - INFO: 第11次翻页...
2019-03-28 13:54:44,244 - AdspyChromeMiddleware.py[line:58] - INFO: 第12次翻页...
2019-03-28 13:54:47,251 - AdspyChromeMiddleware.py[line:58] - INFO: 第13次翻页...
2019-03-28 13:54:50,265 - AdspyChromeMiddleware.py[line:58] - INFO: 第14次翻页...
2019-03-28 13:54:53,276 - AdspyChromeMiddleware.py[line:58] - INFO: 第15次翻页...
2019-03-28 13:54:56,281 - AdspyChromeMiddleware.py[line:58] - INFO: 第16次翻页...
2019-03-28 13:54:59,294 - AdspyChromeMiddleware.py[line:58] - INFO: 第17次翻页...
2019-03-28 13:55:02,305 - AdspyChromeMiddleware.py[line:58] - INFO: 第18次翻页...
2019-03-28 13:55:05,311 - AdspyChromeMiddleware.py[line:58] - INFO: 第19次翻页...
2019-03-28 13:55:08,324 - AdspyChromeMiddleware.py[line:58] - INFO: 第20次翻页...
2019-03-28 13:55:13,880 - AdspyRedisPipeline.py[line:26] - INFO: 解析到新链接： https://www.facebook.com/293405944687786
2019-03-28 13:55:13,881 - AdspyRedisPipeline.py[line:26] - INFO: 解析到新链接： https://www.facebook.com/319321431468083
2019-03-28 13:55:13,882 - AdspyRedisPipeline.py[line:26] - INFO: 解析到新链接： https://www.facebook.com/821291691309623
2019-03-28 13:55:13,887 - AdspyRedisPipeline.py[line:26] - INFO: 解析到新链接： https://www.facebook.com/234409674046130
2019-03-28 13:55:13,921 - AdspyRedisPipeline.py[line:26] - INFO: 解析到新链接： https://www.facebook.com/189010391223
2019-03-28 13:55:13,928 - AdspyRedisPipeline.py[line:26] - INFO: 解析到新链接： https://www.facebook.com/621903611565309
2019-03-28 13:55:13,936 - AdspyRedisPipeline.py[line:26] - INFO: 解析到新链接： https://www.facebook.com/272527763267983
2019-03-28 13:55:14,035 - AdspySpider.py[line:104] - INFO: 登陆成功，解析完毕!
2019-03-28 20:03:36,632 - AdspySpider.py[line:59] - INFO: AdspySpider启动...
2019-03-28 20:03:43,005 - AdspyChromeMiddleware.py[line:51] - INFO: 8428792@qq.com: 登录成功！
2019-03-28 20:03:43,988 - AdspyChromeMiddleware.py[line:55] - INFO: 开始下拉翻页获取视频链接...
2019-03-28 20:03:46,991 - AdspyChromeMiddleware.py[line:58] - INFO: 第1次翻页...
2019-03-28 20:03:50,001 - AdspyChromeMiddleware.py[line:58] - INFO: 第2次翻页...
2019-03-28 20:03:53,007 - AdspyChromeMiddleware.py[line:58] - INFO: 第3次翻页...
2019-03-28 20:03:56,015 - AdspyChromeMiddleware.py[line:58] - INFO: 第4次翻页...
2019-03-28 20:03:59,019 - AdspyChromeMiddleware.py[line:58] - INFO: 第5次翻页...
2019-03-28 20:04:02,031 - AdspyChromeMiddleware.py[line:58] - INFO: 第6次翻页...
2019-03-28 20:04:05,044 - AdspyChromeMiddleware.py[line:58] - INFO: 第7次翻页...
2019-03-28 20:04:08,052 - AdspyChromeMiddleware.py[line:58] - INFO: 第8次翻页...
2019-03-28 20:04:11,060 - AdspyChromeMiddleware.py[line:58] - INFO: 第9次翻页...
2019-03-28 20:04:14,074 - AdspyChromeMiddleware.py[line:58] - INFO: 第10次翻页...
2019-03-28 20:04:17,083 - AdspyChromeMiddleware.py[line:58] - INFO: 第11次翻页...
2019-03-28 20:04:20,089 - AdspyChromeMiddleware.py[line:58] - INFO: 第12次翻页...
2019-03-28 20:04:23,108 - AdspyChromeMiddleware.py[line:58] - INFO: 第13次翻页...
2019-03-28 20:04:26,120 - AdspyChromeMiddleware.py[line:58] - INFO: 第14次翻页...
2019-03-28 20:04:29,142 - AdspyChromeMiddleware.py[line:58] - INFO: 第15次翻页...
2019-03-28 20:04:32,166 - AdspyChromeMiddleware.py[line:58] - INFO: 第16次翻页...
2019-03-28 20:04:35,171 - AdspyChromeMiddleware.py[line:58] - INFO: 第17次翻页...
2019-03-28 20:04:38,184 - AdspyChromeMiddleware.py[line:58] - INFO: 第18次翻页...
2019-03-28 20:04:41,194 - AdspyChromeMiddleware.py[line:58] - INFO: 第19次翻页...
2019-03-28 20:04:44,339 - AdspyChromeMiddleware.py[line:58] - INFO: 第20次翻页...
2019-03-28 20:04:50,039 - AdspySpider.py[line:104] - INFO: 登陆成功，解析完毕!
