2019-04-10 04:29:35,526 - AdspySpider.py[line:59] - INFO: AdspySpider启动...
2019-04-10 04:29:40,689 - AdspyChromeMiddleware.py[line:51] - INFO: 8428792@qq.com: 登录成功！
2019-04-10 04:29:41,710 - AdspyChromeMiddleware.py[line:55] - INFO: 开始下拉翻页获取视频链接...
2019-04-10 04:29:44,713 - AdspyChromeMiddleware.py[line:58] - INFO: 第1次翻页...
2019-04-10 04:29:47,722 - AdspyChromeMiddleware.py[line:58] - INFO: 第2次翻页...
2019-04-10 04:29:50,730 - AdspyChromeMiddleware.py[line:58] - INFO: 第3次翻页...
2019-04-10 04:29:53,738 - AdspyChromeMiddleware.py[line:58] - INFO: 第4次翻页...
2019-04-10 04:29:56,745 - AdspyChromeMiddleware.py[line:58] - INFO: 第5次翻页...
2019-04-10 04:29:59,765 - AdspyChromeMiddleware.py[line:58] - INFO: 第6次翻页...
2019-04-10 04:30:02,781 - AdspyChromeMiddleware.py[line:58] - INFO: 第7次翻页...
2019-04-10 04:30:05,789 - AdspyChromeMiddleware.py[line:58] - INFO: 第8次翻页...
2019-04-10 04:30:08,798 - AdspyChromeMiddleware.py[line:58] - INFO: 第9次翻页...
2019-04-10 04:30:11,810 - AdspyChromeMiddleware.py[line:58] - INFO: 第10次翻页...
2019-04-10 04:30:14,823 - AdspyChromeMiddleware.py[line:58] - INFO: 第11次翻页...
2019-04-10 04:30:17,835 - AdspyChromeMiddleware.py[line:58] - INFO: 第12次翻页...
2019-04-10 04:30:20,850 - AdspyChromeMiddleware.py[line:58] - INFO: 第13次翻页...
2019-04-10 04:30:23,859 - AdspyChromeMiddleware.py[line:58] - INFO: 第14次翻页...
2019-04-10 04:30:26,866 - AdspyChromeMiddleware.py[line:58] - INFO: 第15次翻页...
2019-04-10 04:30:29,875 - AdspyChromeMiddleware.py[line:58] - INFO: 第16次翻页...
2019-04-10 04:30:32,882 - AdspyChromeMiddleware.py[line:58] - INFO: 第17次翻页...
2019-04-10 04:30:35,889 - AdspyChromeMiddleware.py[line:58] - INFO: 第18次翻页...
2019-04-10 04:30:38,918 - AdspyChromeMiddleware.py[line:58] - INFO: 第19次翻页...
2019-04-10 04:30:41,942 - AdspyChromeMiddleware.py[line:58] - INFO: 第20次翻页...
2019-04-10 04:30:47,538 - AdspyRedisPipeline.py[line:26] - INFO: 解析到新链接： https://www.facebook.com/297536144234045
2019-04-10 04:30:47,567 - AdspyRedisPipeline.py[line:26] - INFO: 解析到新链接： https://www.facebook.com/1654265534786908
2019-04-10 04:30:47,630 - AdspySpider.py[line:104] - INFO: 登陆成功，解析完毕!
2019-04-10 10:43:33,682 - AdspySpider.py[line:59] - INFO: AdspySpider启动...
2019-04-10 10:43:40,078 - AdspyChromeMiddleware.py[line:51] - INFO: 8428792@qq.com: 登录成功！
2019-04-10 10:43:41,101 - AdspyChromeMiddleware.py[line:55] - INFO: 开始下拉翻页获取视频链接...
2019-04-10 10:43:44,104 - AdspyChromeMiddleware.py[line:58] - INFO: 第1次翻页...
2019-04-10 10:43:47,120 - AdspyChromeMiddleware.py[line:58] - INFO: 第2次翻页...
2019-04-10 10:43:50,129 - AdspyChromeMiddleware.py[line:58] - INFO: 第3次翻页...
2019-04-10 10:43:53,137 - AdspyChromeMiddleware.py[line:58] - INFO: 第4次翻页...
2019-04-10 10:43:56,144 - AdspyChromeMiddleware.py[line:58] - INFO: 第5次翻页...
2019-04-10 10:43:59,153 - AdspyChromeMiddleware.py[line:58] - INFO: 第6次翻页...
2019-04-10 10:44:02,161 - AdspyChromeMiddleware.py[line:58] - INFO: 第7次翻页...
2019-04-10 10:44:05,174 - AdspyChromeMiddleware.py[line:58] - INFO: 第8次翻页...
2019-04-10 10:44:08,183 - AdspyChromeMiddleware.py[line:58] - INFO: 第9次翻页...
2019-04-10 10:44:11,196 - AdspyChromeMiddleware.py[line:58] - INFO: 第10次翻页...
2019-04-10 10:44:14,207 - AdspyChromeMiddleware.py[line:58] - INFO: 第11次翻页...
2019-04-10 10:44:17,215 - AdspyChromeMiddleware.py[line:58] - INFO: 第12次翻页...
2019-04-10 10:44:20,242 - AdspyChromeMiddleware.py[line:58] - INFO: 第13次翻页...
2019-04-10 10:44:23,254 - AdspyChromeMiddleware.py[line:58] - INFO: 第14次翻页...
2019-04-10 10:44:26,263 - AdspyChromeMiddleware.py[line:58] - INFO: 第15次翻页...
2019-04-10 10:44:29,272 - AdspyChromeMiddleware.py[line:58] - INFO: 第16次翻页...
2019-04-10 10:44:32,282 - AdspyChromeMiddleware.py[line:58] - INFO: 第17次翻页...
2019-04-10 10:44:35,289 - AdspyChromeMiddleware.py[line:58] - INFO: 第18次翻页...
2019-04-10 10:44:38,303 - AdspyChromeMiddleware.py[line:58] - INFO: 第19次翻页...
2019-04-10 10:44:41,313 - AdspyChromeMiddleware.py[line:58] - INFO: 第20次翻页...
2019-04-10 10:44:46,898 - AdspyRedisPipeline.py[line:26] - INFO: 解析到新链接： https://www.facebook.com/1882625565182833
2019-04-10 10:44:46,969 - AdspySpider.py[line:104] - INFO: 登陆成功，解析完毕!
2019-04-10 16:58:21,935 - AdspySpider.py[line:59] - INFO: AdspySpider启动...
2019-04-10 16:58:28,362 - AdspyChromeMiddleware.py[line:51] - INFO: 8428792@qq.com: 登录成功！
2019-04-10 16:58:28,951 - AdspyChromeMiddleware.py[line:55] - INFO: 开始下拉翻页获取视频链接...
2019-04-10 16:58:31,954 - AdspyChromeMiddleware.py[line:58] - INFO: 第1次翻页...
2019-04-10 16:58:34,963 - AdspyChromeMiddleware.py[line:58] - INFO: 第2次翻页...
2019-04-10 16:58:37,973 - AdspyChromeMiddleware.py[line:58] - INFO: 第3次翻页...
2019-04-10 16:58:40,980 - AdspyChromeMiddleware.py[line:58] - INFO: 第4次翻页...
2019-04-10 16:58:43,987 - AdspyChromeMiddleware.py[line:58] - INFO: 第5次翻页...
2019-04-10 16:58:46,997 - AdspyChromeMiddleware.py[line:58] - INFO: 第6次翻页...
2019-04-10 16:58:50,003 - AdspyChromeMiddleware.py[line:58] - INFO: 第7次翻页...
2019-04-10 16:58:53,009 - AdspyChromeMiddleware.py[line:58] - INFO: 第8次翻页...
2019-04-10 16:58:56,017 - AdspyChromeMiddleware.py[line:58] - INFO: 第9次翻页...
2019-04-10 16:58:59,026 - AdspyChromeMiddleware.py[line:58] - INFO: 第10次翻页...
2019-04-10 16:59:02,034 - AdspyChromeMiddleware.py[line:58] - INFO: 第11次翻页...
2019-04-10 16:59:05,051 - AdspyChromeMiddleware.py[line:58] - INFO: 第12次翻页...
2019-04-10 16:59:08,057 - AdspyChromeMiddleware.py[line:58] - INFO: 第13次翻页...
2019-04-10 16:59:11,068 - AdspyChromeMiddleware.py[line:58] - INFO: 第14次翻页...
2019-04-10 16:59:14,085 - AdspyChromeMiddleware.py[line:58] - INFO: 第15次翻页...
2019-04-10 16:59:17,105 - AdspyChromeMiddleware.py[line:58] - INFO: 第16次翻页...
2019-04-10 16:59:20,122 - AdspyChromeMiddleware.py[line:58] - INFO: 第17次翻页...
2019-04-10 16:59:23,128 - AdspyChromeMiddleware.py[line:58] - INFO: 第18次翻页...
2019-04-10 16:59:26,156 - AdspyChromeMiddleware.py[line:58] - INFO: 第19次翻页...
2019-04-10 16:59:29,166 - AdspyChromeMiddleware.py[line:58] - INFO: 第20次翻页...
2019-04-10 16:59:34,689 - AdspyRedisPipeline.py[line:26] - INFO: 解析到新链接： https://www.facebook.com/613268292052337
2019-04-10 16:59:34,695 - AdspyRedisPipeline.py[line:26] - INFO: 解析到新链接： https://www.facebook.com/1776416242687816
2019-04-10 16:59:34,696 - AdspyRedisPipeline.py[line:26] - INFO: 解析到新链接： https://www.facebook.com/1819816138240499
2019-04-10 16:59:34,702 - AdspyRedisPipeline.py[line:26] - INFO: 解析到新链接： https://www.facebook.com/2565199436853362
2019-04-10 16:59:34,717 - AdspyRedisPipeline.py[line:26] - INFO: 解析到新链接： https://www.facebook.com/722130441318441
2019-04-10 16:59:34,723 - AdspyRedisPipeline.py[line:26] - INFO: 解析到新链接： https://www.facebook.com/532330287259472
2019-04-10 16:59:34,725 - AdspyRedisPipeline.py[line:26] - INFO: 解析到新链接： https://www.facebook.com/1887258898023997
2019-04-10 16:59:34,727 - AdspyRedisPipeline.py[line:26] - INFO: 解析到新链接： https://www.facebook.com/2223079311353897
2019-04-10 16:59:34,738 - AdspyRedisPipeline.py[line:26] - INFO: 解析到新链接： https://www.facebook.com/2027588700832709
2019-04-10 16:59:34,745 - AdspyRedisPipeline.py[line:26] - INFO: 解析到新链接： https://www.facebook.com/853179071695792
2019-04-10 16:59:34,804 - AdspySpider.py[line:104] - INFO: 登陆成功，解析完毕!
2019-04-10 23:14:04,202 - AdspySpider.py[line:59] - INFO: AdspySpider启动...
2019-04-10 23:14:09,866 - AdspyChromeMiddleware.py[line:51] - INFO: 8428792@qq.com: 登录成功！
2019-04-10 23:14:10,789 - AdspyChromeMiddleware.py[line:55] - INFO: 开始下拉翻页获取视频链接...
2019-04-10 23:14:13,792 - AdspyChromeMiddleware.py[line:58] - INFO: 第1次翻页...
2019-04-10 23:14:16,801 - AdspyChromeMiddleware.py[line:58] - INFO: 第2次翻页...
2019-04-10 23:14:19,817 - AdspyChromeMiddleware.py[line:58] - INFO: 第3次翻页...
2019-04-10 23:14:22,843 - AdspyChromeMiddleware.py[line:58] - INFO: 第4次翻页...
2019-04-10 23:14:25,856 - AdspyChromeMiddleware.py[line:58] - INFO: 第5次翻页...
2019-04-10 23:14:28,867 - AdspyChromeMiddleware.py[line:58] - INFO: 第6次翻页...
2019-04-10 23:14:31,875 - AdspyChromeMiddleware.py[line:58] - INFO: 第7次翻页...
2019-04-10 23:14:34,883 - AdspyChromeMiddleware.py[line:58] - INFO: 第8次翻页...
2019-04-10 23:14:37,893 - AdspyChromeMiddleware.py[line:58] - INFO: 第9次翻页...
2019-04-10 23:14:40,900 - AdspyChromeMiddleware.py[line:58] - INFO: 第10次翻页...
2019-04-10 23:14:43,917 - AdspyChromeMiddleware.py[line:58] - INFO: 第11次翻页...
2019-04-10 23:14:46,934 - AdspyChromeMiddleware.py[line:58] - INFO: 第12次翻页...
2019-04-10 23:14:49,943 - AdspyChromeMiddleware.py[line:58] - INFO: 第13次翻页...
2019-04-10 23:14:52,958 - AdspyChromeMiddleware.py[line:58] - INFO: 第14次翻页...
2019-04-10 23:14:55,967 - AdspyChromeMiddleware.py[line:58] - INFO: 第15次翻页...
2019-04-10 23:14:58,974 - AdspyChromeMiddleware.py[line:58] - INFO: 第16次翻页...
2019-04-10 23:15:01,989 - AdspyChromeMiddleware.py[line:58] - INFO: 第17次翻页...
2019-04-10 23:15:04,998 - AdspyChromeMiddleware.py[line:58] - INFO: 第18次翻页...
2019-04-10 23:15:08,005 - AdspyChromeMiddleware.py[line:58] - INFO: 第19次翻页...
2019-04-10 23:15:11,020 - AdspyChromeMiddleware.py[line:58] - INFO: 第20次翻页...
2019-04-10 23:15:16,594 - AdspyRedisPipeline.py[line:26] - INFO: 解析到新链接： https://www.facebook.com/2065286150230217
2019-04-10 23:15:16,617 - AdspyRedisPipeline.py[line:26] - INFO: 解析到新链接： https://www.facebook.com/573209546524114
2019-04-10 23:15:16,714 - AdspySpider.py[line:104] - INFO: 登陆成功，解析完毕!
