2019-04-10 04:29:34,352 - AdspySpider.py[line:15] - INFO: 启动：adspySpider(爬取adspySpider.com网站)
2019-04-10 04:30:48,000 - AdSectorSpider.py[line:17] - INFO: 启动：adSectorSpider(爬取adSector.com网站)
2019-04-10 04:42:28,117 - HomepageSpider.py[line:18] - INFO: 启动：homepageSpider(爬取facebook主页信息)
2019-04-10 04:42:49,312 - HomepageSpider.py[line:64] - INFO: 启动HomepageSpider，准备开始工作...
2019-04-10 04:43:11,098 - HomepageSpider.py[line:143] - INFO: https://www.facebook.com/Beauty-Boutique-390966118336165/: 爬取成功！
2019-04-10 04:43:17,383 - HomepageSpider.py[line:143] - INFO: https://www.facebook.com/trendyfamstore/: 爬取成功！
2019-04-10 04:43:17,816 - HomepageSpider.py[line:143] - INFO: https://www.facebook.com/harneytea/: 爬取成功！
2019-04-10 04:43:17,991 - GetVideoSpider.py[line:24] - INFO: 启动：getVideoSpider(爬取adSector.com网站的视频详情)
2019-04-10 10:43:32,498 - AdspySpider.py[line:15] - INFO: 启动：adspySpider(爬取adspySpider.com网站)
2019-04-10 10:44:47,262 - AdSectorSpider.py[line:17] - INFO: 启动：adSectorSpider(爬取adSector.com网站)
2019-04-10 10:56:55,536 - HomepageSpider.py[line:18] - INFO: 启动：homepageSpider(爬取facebook主页信息)
2019-04-10 10:57:16,724 - HomepageSpider.py[line:64] - INFO: 启动HomepageSpider，准备开始工作...
2019-04-10 10:57:58,717 - HomepageSpider.py[line:143] - INFO: https://www.facebook.com/netzerocompany/: 爬取成功！
2019-04-10 10:58:12,244 - HomepageSpider.py[line:143] - INFO: https://www.facebook.com/Salmoph-shop-346336692623239/: 爬取成功！
2019-04-10 10:58:12,504 - HomepageSpider.py[line:143] - INFO: https://www.facebook.com/CAR-Pro-1882625565182833/: 爬取成功！
2019-04-10 10:58:12,660 - GetVideoSpider.py[line:24] - INFO: 启动：getVideoSpider(爬取adSector.com网站的视频详情)
2019-04-10 16:58:20,762 - AdspySpider.py[line:15] - INFO: 启动：adspySpider(爬取adspySpider.com网站)
2019-04-10 16:59:35,119 - AdSectorSpider.py[line:17] - INFO: 启动：adSectorSpider(爬取adSector.com网站)
2019-04-10 17:12:51,298 - HomepageSpider.py[line:18] - INFO: 启动：homepageSpider(爬取facebook主页信息)
2019-04-10 17:13:12,493 - HomepageSpider.py[line:64] - INFO: 启动HomepageSpider，准备开始工作...
2019-04-10 17:13:49,451 - HomepageSpider.py[line:143] - INFO: https://www.facebook.com/JuniperLife/: 爬取成功！
2019-04-10 17:13:53,259 - HomepageSpider.py[line:143] - INFO: https://www.facebook.com/TCKBrands/: 爬取成功！
2019-04-10 17:13:53,944 - HomepageSpider.py[line:143] - INFO: https://www.facebook.com/fivestargoodsdotcom/: 爬取成功！
2019-04-10 17:13:54,114 - GetVideoSpider.py[line:24] - INFO: 启动：getVideoSpider(爬取adSector.com网站的视频详情)
2019-04-10 23:14:03,024 - AdspySpider.py[line:15] - INFO: 启动：adspySpider(爬取adspySpider.com网站)
2019-04-10 23:15:17,041 - AdSectorSpider.py[line:17] - INFO: 启动：adSectorSpider(爬取adSector.com网站)
2019-04-10 23:33:37,797 - HomepageSpider.py[line:18] - INFO: 启动：homepageSpider(爬取facebook主页信息)
2019-04-10 23:33:58,998 - HomepageSpider.py[line:64] - INFO: 启动HomepageSpider，准备开始工作...
2019-04-10 23:34:15,881 - HomepageSpider.py[line:143] - INFO: https://www.facebook.com/Neat-Gadgets-517044985459415/: 爬取成功！
2019-04-10 23:34:18,858 - HomepageSpider.py[line:143] - INFO: https://www.facebook.com/TOP-STORE-422284304978570/: 爬取成功！
2019-04-10 23:34:19,481 - HomepageSpider.py[line:143] - INFO: https://www.facebook.com/5D-Artist-Diamond-Painting-Kit-Depot-2358168354411765/: 爬取成功！
2019-04-10 23:34:19,654 - GetVideoSpider.py[line:24] - INFO: 启动：getVideoSpider(爬取adSector.com网站的视频详情)
