2019-04-12 00:18:36,982 - AdspySpider.py[line:59] - INFO: AdspySpider启动...
2019-04-12 00:18:42,181 - AdspyChromeMiddleware.py[line:51] - INFO: 8428792@qq.com: 登录成功！
2019-04-12 00:18:44,087 - AdspyChromeMiddleware.py[line:55] - INFO: 开始下拉翻页获取视频链接...
2019-04-12 00:18:47,090 - AdspyChromeMiddleware.py[line:58] - INFO: 第1次翻页...
2019-04-12 00:18:50,105 - AdspyChromeMiddleware.py[line:58] - INFO: 第2次翻页...
2019-04-12 00:18:53,114 - AdspyChromeMiddleware.py[line:58] - INFO: 第3次翻页...
2019-04-12 00:18:56,124 - AdspyChromeMiddleware.py[line:58] - INFO: 第4次翻页...
2019-04-12 00:18:59,132 - AdspyChromeMiddleware.py[line:58] - INFO: 第5次翻页...
2019-04-12 00:19:02,141 - AdspyChromeMiddleware.py[line:58] - INFO: 第6次翻页...
2019-04-12 00:19:05,153 - AdspyChromeMiddleware.py[line:58] - INFO: 第7次翻页...
2019-04-12 00:19:08,166 - AdspyChromeMiddleware.py[line:58] - INFO: 第8次翻页...
2019-04-12 00:19:11,175 - AdspyChromeMiddleware.py[line:58] - INFO: 第9次翻页...
2019-04-12 00:19:14,183 - AdspyChromeMiddleware.py[line:58] - INFO: 第10次翻页...
2019-04-12 00:19:17,191 - AdspyChromeMiddleware.py[line:58] - INFO: 第11次翻页...
2019-04-12 00:19:20,210 - AdspyChromeMiddleware.py[line:58] - INFO: 第12次翻页...
2019-04-12 00:19:23,220 - AdspyChromeMiddleware.py[line:58] - INFO: 第13次翻页...
2019-04-12 00:19:26,228 - AdspyChromeMiddleware.py[line:58] - INFO: 第14次翻页...
2019-04-12 00:19:29,247 - AdspyChromeMiddleware.py[line:58] - INFO: 第15次翻页...
2019-04-12 00:19:32,257 - AdspyChromeMiddleware.py[line:58] - INFO: 第16次翻页...
2019-04-12 00:19:35,273 - AdspyChromeMiddleware.py[line:58] - INFO: 第17次翻页...
2019-04-12 00:19:38,283 - AdspyChromeMiddleware.py[line:58] - INFO: 第18次翻页...
2019-04-12 00:19:41,355 - AdspyChromeMiddleware.py[line:58] - INFO: 第19次翻页...
2019-04-12 00:19:44,376 - AdspyChromeMiddleware.py[line:58] - INFO: 第20次翻页...
2019-04-12 00:19:50,033 - AdspyRedisPipeline.py[line:26] - INFO: 解析到新链接： https://www.facebook.com/2552015018206443
2019-04-12 00:19:50,036 - AdspyRedisPipeline.py[line:26] - INFO: 解析到新链接： https://www.facebook.com/409567223116886
2019-04-12 00:19:50,048 - AdspyRedisPipeline.py[line:26] - INFO: 解析到新链接： https://www.facebook.com/2208435316074776
2019-04-12 00:19:50,049 - AdspyRedisPipeline.py[line:26] - INFO: 解析到新链接： https://www.facebook.com/1994949113936051
2019-04-12 00:19:50,059 - AdspyRedisPipeline.py[line:26] - INFO: 解析到新链接： https://www.facebook.com/370177860207573
2019-04-12 00:19:50,067 - AdspyRedisPipeline.py[line:26] - INFO: 解析到新链接： https://www.facebook.com/314944768605525
2019-04-12 00:19:50,068 - AdspyRedisPipeline.py[line:26] - INFO: 解析到新链接： https://www.facebook.com/1658869244330031
2019-04-12 00:19:50,076 - AdspyRedisPipeline.py[line:26] - INFO: 解析到新链接： https://www.facebook.com/337571490308690
2019-04-12 00:19:50,089 - AdspyRedisPipeline.py[line:26] - INFO: 解析到新链接： https://www.facebook.com/580501668747091
2019-04-12 00:19:50,094 - AdspyRedisPipeline.py[line:26] - INFO: 解析到新链接： https://www.facebook.com/1453529611348010
2019-04-12 00:19:50,127 - AdspyRedisPipeline.py[line:26] - INFO: 解析到新链接： https://www.facebook.com/406636793433412
2019-04-12 00:19:50,206 - AdspySpider.py[line:104] - INFO: 登陆成功，解析完毕!
2019-04-12 06:29:33,191 - AdspySpider.py[line:59] - INFO: AdspySpider启动...
2019-04-12 06:29:38,787 - AdspyChromeMiddleware.py[line:51] - INFO: 8428792@qq.com: 登录成功！
2019-04-12 06:29:39,340 - AdspyChromeMiddleware.py[line:55] - INFO: 开始下拉翻页获取视频链接...
2019-04-12 06:29:42,343 - AdspyChromeMiddleware.py[line:58] - INFO: 第1次翻页...
2019-04-12 06:29:45,354 - AdspyChromeMiddleware.py[line:58] - INFO: 第2次翻页...
2019-04-12 06:29:48,359 - AdspyChromeMiddleware.py[line:58] - INFO: 第3次翻页...
2019-04-12 06:29:51,366 - AdspyChromeMiddleware.py[line:58] - INFO: 第4次翻页...
2019-04-12 06:29:54,381 - AdspyChromeMiddleware.py[line:58] - INFO: 第5次翻页...
2019-04-12 06:29:57,389 - AdspyChromeMiddleware.py[line:58] - INFO: 第6次翻页...
2019-04-12 06:30:00,402 - AdspyChromeMiddleware.py[line:58] - INFO: 第7次翻页...
2019-04-12 06:30:03,415 - AdspyChromeMiddleware.py[line:58] - INFO: 第8次翻页...
2019-04-12 06:30:06,423 - AdspyChromeMiddleware.py[line:58] - INFO: 第9次翻页...
2019-04-12 06:30:09,438 - AdspyChromeMiddleware.py[line:58] - INFO: 第10次翻页...
2019-04-12 06:30:12,468 - AdspyChromeMiddleware.py[line:58] - INFO: 第11次翻页...
2019-04-12 06:30:15,482 - AdspyChromeMiddleware.py[line:58] - INFO: 第12次翻页...
2019-04-12 06:30:18,492 - AdspyChromeMiddleware.py[line:58] - INFO: 第13次翻页...
2019-04-12 06:30:21,502 - AdspyChromeMiddleware.py[line:58] - INFO: 第14次翻页...
2019-04-12 06:30:24,508 - AdspyChromeMiddleware.py[line:58] - INFO: 第15次翻页...
2019-04-12 06:30:27,522 - AdspyChromeMiddleware.py[line:58] - INFO: 第16次翻页...
2019-04-12 06:30:30,547 - AdspyChromeMiddleware.py[line:58] - INFO: 第17次翻页...
2019-04-12 06:30:33,564 - AdspyChromeMiddleware.py[line:58] - INFO: 第18次翻页...
2019-04-12 06:30:36,580 - AdspyChromeMiddleware.py[line:58] - INFO: 第19次翻页...
2019-04-12 06:30:39,590 - AdspyChromeMiddleware.py[line:58] - INFO: 第20次翻页...
2019-04-12 06:30:45,169 - AdspyRedisPipeline.py[line:26] - INFO: 解析到新链接： https://www.facebook.com/393299268173189
2019-04-12 06:30:45,172 - AdspyRedisPipeline.py[line:26] - INFO: 解析到新链接： https://www.facebook.com/507608579764098
2019-04-12 06:30:45,268 - AdspySpider.py[line:104] - INFO: 登陆成功，解析完毕!
