2019-03-31 03:26:59,451 - AdspySpider.py[line:59] - INFO: AdspySpider启动...
2019-03-31 03:27:05,615 - AdspyChromeMiddleware.py[line:51] - INFO: 8428792@qq.com: 登录成功！
2019-03-31 03:27:06,588 - AdspyChromeMiddleware.py[line:55] - INFO: 开始下拉翻页获取视频链接...
2019-03-31 03:27:09,591 - AdspyChromeMiddleware.py[line:58] - INFO: 第1次翻页...
2019-03-31 03:27:12,600 - AdspyChromeMiddleware.py[line:58] - INFO: 第2次翻页...
2019-03-31 03:27:15,617 - AdspyChromeMiddleware.py[line:58] - INFO: 第3次翻页...
2019-03-31 03:27:18,625 - AdspyChromeMiddleware.py[line:58] - INFO: 第4次翻页...
2019-03-31 03:27:21,645 - AdspyChromeMiddleware.py[line:58] - INFO: 第5次翻页...
2019-03-31 03:27:24,659 - AdspyChromeMiddleware.py[line:58] - INFO: 第6次翻页...
2019-03-31 03:27:27,678 - AdspyChromeMiddleware.py[line:58] - INFO: 第7次翻页...
2019-03-31 03:27:30,696 - AdspyChromeMiddleware.py[line:58] - INFO: 第8次翻页...
2019-03-31 03:27:33,705 - AdspyChromeMiddleware.py[line:58] - INFO: 第9次翻页...
2019-03-31 03:27:36,735 - AdspyChromeMiddleware.py[line:58] - INFO: 第10次翻页...
2019-03-31 03:27:39,743 - AdspyChromeMiddleware.py[line:58] - INFO: 第11次翻页...
2019-03-31 03:27:42,763 - AdspyChromeMiddleware.py[line:58] - INFO: 第12次翻页...
2019-03-31 03:27:45,775 - AdspyChromeMiddleware.py[line:58] - INFO: 第13次翻页...
2019-03-31 03:27:48,940 - AdspyChromeMiddleware.py[line:58] - INFO: 第14次翻页...
2019-03-31 03:27:51,955 - AdspyChromeMiddleware.py[line:58] - INFO: 第15次翻页...
2019-03-31 03:27:54,963 - AdspyChromeMiddleware.py[line:58] - INFO: 第16次翻页...
2019-03-31 03:27:57,985 - AdspyChromeMiddleware.py[line:58] - INFO: 第17次翻页...
2019-03-31 03:28:01,017 - AdspyChromeMiddleware.py[line:58] - INFO: 第18次翻页...
2019-03-31 03:28:04,029 - AdspyChromeMiddleware.py[line:58] - INFO: 第19次翻页...
2019-03-31 03:28:07,036 - AdspyChromeMiddleware.py[line:58] - INFO: 第20次翻页...
2019-03-31 03:28:12,678 - AdspyRedisPipeline.py[line:26] - INFO: 解析到新链接： https://www.facebook.com/979152355624020
2019-03-31 03:28:12,811 - AdspyRedisPipeline.py[line:26] - INFO: 解析到新链接： https://www.facebook.com/588069391390106
2019-03-31 03:28:12,814 - AdspyRedisPipeline.py[line:26] - INFO: 解析到新链接： https://www.facebook.com/1394025277399777
2019-03-31 03:28:12,818 - AdspyRedisPipeline.py[line:26] - INFO: 解析到新链接： https://www.facebook.com/1531031777117083
2019-03-31 03:28:12,827 - AdspyRedisPipeline.py[line:26] - INFO: 解析到新链接： https://www.facebook.com/823597421314920
2019-03-31 03:28:12,837 - AdspyRedisPipeline.py[line:26] - INFO: 解析到新链接： https://www.facebook.com/2256323114651710
2019-03-31 03:28:12,838 - AdspyRedisPipeline.py[line:26] - INFO: 解析到新链接： https://www.facebook.com/1270598206334614
2019-03-31 03:28:12,840 - AdspyRedisPipeline.py[line:26] - INFO: 解析到新链接： https://www.facebook.com/2145864635634730
2019-03-31 03:28:12,840 - AdspyRedisPipeline.py[line:26] - INFO: 解析到新链接： https://www.facebook.com/310773229580377
2019-03-31 03:28:12,848 - AdspyRedisPipeline.py[line:26] - INFO: 解析到新链接： https://www.facebook.com/365756320914106
2019-03-31 03:28:12,862 - AdspyRedisPipeline.py[line:26] - INFO: 解析到新链接： https://www.facebook.com/1086868824833133
2019-03-31 03:28:12,933 - AdspySpider.py[line:104] - INFO: 登陆成功，解析完毕!
2019-03-31 09:36:09,751 - AdspySpider.py[line:59] - INFO: AdspySpider启动...
2019-03-31 09:36:16,751 - AdspyChromeMiddleware.py[line:51] - INFO: 8428792@qq.com: 登录成功！
2019-03-31 09:36:17,679 - AdspyChromeMiddleware.py[line:55] - INFO: 开始下拉翻页获取视频链接...
2019-03-31 09:36:20,682 - AdspyChromeMiddleware.py[line:58] - INFO: 第1次翻页...
2019-03-31 09:36:23,691 - AdspyChromeMiddleware.py[line:58] - INFO: 第2次翻页...
2019-03-31 09:36:26,700 - AdspyChromeMiddleware.py[line:58] - INFO: 第3次翻页...
2019-03-31 09:36:29,709 - AdspyChromeMiddleware.py[line:58] - INFO: 第4次翻页...
2019-03-31 09:36:32,726 - AdspyChromeMiddleware.py[line:58] - INFO: 第5次翻页...
2019-03-31 09:36:35,739 - AdspyChromeMiddleware.py[line:58] - INFO: 第6次翻页...
2019-03-31 09:36:38,767 - AdspyChromeMiddleware.py[line:58] - INFO: 第7次翻页...
2019-03-31 09:36:41,776 - AdspyChromeMiddleware.py[line:58] - INFO: 第8次翻页...
2019-03-31 09:36:44,789 - AdspyChromeMiddleware.py[line:58] - INFO: 第9次翻页...
2019-03-31 09:36:47,836 - AdspyChromeMiddleware.py[line:58] - INFO: 第10次翻页...
2019-03-31 09:36:50,845 - AdspyChromeMiddleware.py[line:58] - INFO: 第11次翻页...
2019-03-31 09:36:53,852 - AdspyChromeMiddleware.py[line:58] - INFO: 第12次翻页...
2019-03-31 09:36:56,864 - AdspyChromeMiddleware.py[line:58] - INFO: 第13次翻页...
2019-03-31 09:36:59,872 - AdspyChromeMiddleware.py[line:58] - INFO: 第14次翻页...
2019-03-31 09:37:02,879 - AdspyChromeMiddleware.py[line:58] - INFO: 第15次翻页...
2019-03-31 09:37:05,887 - AdspyChromeMiddleware.py[line:58] - INFO: 第16次翻页...
2019-03-31 09:37:08,895 - AdspyChromeMiddleware.py[line:58] - INFO: 第17次翻页...
2019-03-31 09:37:11,909 - AdspyChromeMiddleware.py[line:58] - INFO: 第18次翻页...
2019-03-31 09:37:14,919 - AdspyChromeMiddleware.py[line:58] - INFO: 第19次翻页...
2019-03-31 09:37:17,928 - AdspyChromeMiddleware.py[line:58] - INFO: 第20次翻页...
2019-03-31 09:37:23,602 - AdspyRedisPipeline.py[line:26] - INFO: 解析到新链接： https://www.facebook.com/1571676379601467
2019-03-31 09:37:23,604 - AdspyRedisPipeline.py[line:26] - INFO: 解析到新链接： https://www.facebook.com/524646924690626
2019-03-31 09:37:23,616 - AdspyRedisPipeline.py[line:26] - INFO: 解析到新链接： https://www.facebook.com/330713174225732
2019-03-31 09:37:23,619 - AdspyRedisPipeline.py[line:26] - INFO: 解析到新链接： https://www.facebook.com/205677219556756
2019-03-31 09:37:23,636 - AdspyRedisPipeline.py[line:26] - INFO: 解析到新链接： https://www.facebook.com/425381904191689
2019-03-31 09:37:23,637 - AdspyRedisPipeline.py[line:26] - INFO: 解析到新链接： https://www.facebook.com/1566371506915847
2019-03-31 09:37:23,651 - AdspyRedisPipeline.py[line:26] - INFO: 解析到新链接： https://www.facebook.com/456731441447448
2019-03-31 09:37:23,663 - AdspyRedisPipeline.py[line:26] - INFO: 解析到新链接： https://www.facebook.com/131419084219454
2019-03-31 09:37:23,666 - AdspyRedisPipeline.py[line:26] - INFO: 解析到新链接： https://www.facebook.com/237527819979745
2019-03-31 09:37:23,669 - AdspyRedisPipeline.py[line:26] - INFO: 解析到新链接： https://www.facebook.com/16506799404
2019-03-31 09:37:23,678 - AdspyRedisPipeline.py[line:26] - INFO: 解析到新链接： https://www.facebook.com/156828191895434
2019-03-31 09:37:23,776 - AdspySpider.py[line:104] - INFO: 登陆成功，解析完毕!
2019-03-31 15:45:48,851 - AdspySpider.py[line:59] - INFO: AdspySpider启动...
2019-03-31 15:45:54,589 - AdspyChromeMiddleware.py[line:51] - INFO: 8428792@qq.com: 登录成功！
2019-03-31 15:45:55,547 - AdspyChromeMiddleware.py[line:55] - INFO: 开始下拉翻页获取视频链接...
2019-03-31 15:45:58,549 - AdspyChromeMiddleware.py[line:58] - INFO: 第1次翻页...
2019-03-31 15:46:01,559 - AdspyChromeMiddleware.py[line:58] - INFO: 第2次翻页...
2019-03-31 15:46:04,571 - AdspyChromeMiddleware.py[line:58] - INFO: 第3次翻页...
2019-03-31 15:46:07,578 - AdspyChromeMiddleware.py[line:58] - INFO: 第4次翻页...
2019-03-31 15:46:10,603 - AdspyChromeMiddleware.py[line:58] - INFO: 第5次翻页...
2019-03-31 15:46:13,610 - AdspyChromeMiddleware.py[line:58] - INFO: 第6次翻页...
2019-03-31 15:46:16,634 - AdspyChromeMiddleware.py[line:58] - INFO: 第7次翻页...
2019-03-31 15:46:19,640 - AdspyChromeMiddleware.py[line:58] - INFO: 第8次翻页...
2019-03-31 15:46:22,651 - AdspyChromeMiddleware.py[line:58] - INFO: 第9次翻页...
2019-03-31 15:46:25,663 - AdspyChromeMiddleware.py[line:58] - INFO: 第10次翻页...
2019-03-31 15:46:28,669 - AdspyChromeMiddleware.py[line:58] - INFO: 第11次翻页...
2019-03-31 15:46:31,677 - AdspyChromeMiddleware.py[line:58] - INFO: 第12次翻页...
2019-03-31 15:46:34,686 - AdspyChromeMiddleware.py[line:58] - INFO: 第13次翻页...
2019-03-31 15:46:37,692 - AdspyChromeMiddleware.py[line:58] - INFO: 第14次翻页...
2019-03-31 15:46:40,706 - AdspyChromeMiddleware.py[line:58] - INFO: 第15次翻页...
2019-03-31 15:46:43,715 - AdspyChromeMiddleware.py[line:58] - INFO: 第16次翻页...
2019-03-31 15:46:46,720 - AdspyChromeMiddleware.py[line:58] - INFO: 第17次翻页...
2019-03-31 15:46:49,752 - AdspyChromeMiddleware.py[line:58] - INFO: 第18次翻页...
2019-03-31 15:46:52,762 - AdspyChromeMiddleware.py[line:58] - INFO: 第19次翻页...
2019-03-31 15:46:55,772 - AdspyChromeMiddleware.py[line:58] - INFO: 第20次翻页...
2019-03-31 15:47:01,302 - AdspyRedisPipeline.py[line:26] - INFO: 解析到新链接： https://www.facebook.com/661185010984797
2019-03-31 15:47:01,305 - AdspyRedisPipeline.py[line:26] - INFO: 解析到新链接： https://www.facebook.com/399947420580996
2019-03-31 15:47:01,305 - AdspyRedisPipeline.py[line:26] - INFO: 解析到新链接： https://www.facebook.com/2084724991613052
2019-03-31 15:47:01,307 - AdspyRedisPipeline.py[line:26] - INFO: 解析到新链接： https://www.facebook.com/395202731216338
2019-03-31 15:47:01,310 - AdspyRedisPipeline.py[line:26] - INFO: 解析到新链接： https://www.facebook.com/1811003375806548
2019-03-31 15:47:01,313 - AdspyRedisPipeline.py[line:26] - INFO: 解析到新链接： https://www.facebook.com/2305990639658142
2019-03-31 15:47:01,329 - AdspyRedisPipeline.py[line:26] - INFO: 解析到新链接： https://www.facebook.com/311994812832299
2019-03-31 15:47:01,335 - AdspyRedisPipeline.py[line:26] - INFO: 解析到新链接： https://www.facebook.com/310248089690695
2019-03-31 15:47:01,357 - AdspyRedisPipeline.py[line:26] - INFO: 解析到新链接： https://www.facebook.com/282974658919954
2019-03-31 15:47:01,415 - AdspySpider.py[line:104] - INFO: 登陆成功，解析完毕!
2019-03-31 21:56:32,145 - AdspySpider.py[line:59] - INFO: AdspySpider启动...
2019-03-31 21:56:39,140 - AdspyChromeMiddleware.py[line:51] - INFO: 8428792@qq.com: 登录成功！
2019-03-31 21:56:39,663 - AdspyChromeMiddleware.py[line:55] - INFO: 开始下拉翻页获取视频链接...
2019-03-31 21:56:42,666 - AdspyChromeMiddleware.py[line:58] - INFO: 第1次翻页...
2019-03-31 21:56:45,675 - AdspyChromeMiddleware.py[line:58] - INFO: 第2次翻页...
2019-03-31 21:56:48,684 - AdspyChromeMiddleware.py[line:58] - INFO: 第3次翻页...
2019-03-31 21:56:51,734 - AdspyChromeMiddleware.py[line:58] - INFO: 第4次翻页...
2019-03-31 21:56:54,745 - AdspyChromeMiddleware.py[line:58] - INFO: 第5次翻页...
2019-03-31 21:56:57,769 - AdspyChromeMiddleware.py[line:58] - INFO: 第6次翻页...
2019-03-31 21:57:00,781 - AdspyChromeMiddleware.py[line:58] - INFO: 第7次翻页...
2019-03-31 21:57:03,787 - AdspyChromeMiddleware.py[line:58] - INFO: 第8次翻页...
2019-03-31 21:57:06,796 - AdspyChromeMiddleware.py[line:58] - INFO: 第9次翻页...
2019-03-31 21:57:09,821 - AdspyChromeMiddleware.py[line:58] - INFO: 第10次翻页...
2019-03-31 21:57:12,827 - AdspyChromeMiddleware.py[line:58] - INFO: 第11次翻页...
2019-03-31 21:57:15,835 - AdspyChromeMiddleware.py[line:58] - INFO: 第12次翻页...
2019-03-31 21:57:18,844 - AdspyChromeMiddleware.py[line:58] - INFO: 第13次翻页...
2019-03-31 21:57:21,851 - AdspyChromeMiddleware.py[line:58] - INFO: 第14次翻页...
2019-03-31 21:57:24,866 - AdspyChromeMiddleware.py[line:58] - INFO: 第15次翻页...
2019-03-31 21:57:27,876 - AdspyChromeMiddleware.py[line:58] - INFO: 第16次翻页...
2019-03-31 21:57:30,880 - AdspyChromeMiddleware.py[line:58] - INFO: 第17次翻页...
2019-03-31 21:57:33,894 - AdspyChromeMiddleware.py[line:58] - INFO: 第18次翻页...
2019-03-31 21:57:36,903 - AdspyChromeMiddleware.py[line:58] - INFO: 第19次翻页...
2019-03-31 21:57:40,006 - AdspyChromeMiddleware.py[line:58] - INFO: 第20次翻页...
2019-03-31 21:57:45,610 - AdspyRedisPipeline.py[line:26] - INFO: 解析到新链接： https://www.facebook.com/787896004922921
2019-03-31 21:57:45,611 - AdspyRedisPipeline.py[line:26] - INFO: 解析到新链接： https://www.facebook.com/634869833613659
2019-03-31 21:57:45,613 - AdspyRedisPipeline.py[line:26] - INFO: 解析到新链接： https://www.facebook.com/2079507802168696
2019-03-31 21:57:45,619 - AdspyRedisPipeline.py[line:26] - INFO: 解析到新链接： https://www.facebook.com/1999297613624204
2019-03-31 21:57:45,639 - AdspyRedisPipeline.py[line:26] - INFO: 解析到新链接： https://www.facebook.com/897958120362054
2019-03-31 21:57:45,640 - AdspyRedisPipeline.py[line:26] - INFO: 解析到新链接： https://www.facebook.com/207574622605460
2019-03-31 21:57:45,647 - AdspyRedisPipeline.py[line:26] - INFO: 解析到新链接： https://www.facebook.com/555034601661592
2019-03-31 21:57:45,648 - AdspyRedisPipeline.py[line:26] - INFO: 解析到新链接： https://www.facebook.com/638222136580284
2019-03-31 21:57:45,656 - AdspyRedisPipeline.py[line:26] - INFO: 解析到新链接： https://www.facebook.com/367800746953733
2019-03-31 21:57:45,658 - AdspyRedisPipeline.py[line:26] - INFO: 解析到新链接： https://www.facebook.com/444942042276688
2019-03-31 21:57:45,666 - AdspyRedisPipeline.py[line:26] - INFO: 解析到新链接： https://www.facebook.com/804695086214693
2019-03-31 21:57:45,668 - AdspyRedisPipeline.py[line:26] - INFO: 解析到新链接： https://www.facebook.com/1883502848361831
2019-03-31 21:57:45,669 - AdspyRedisPipeline.py[line:26] - INFO: 解析到新链接： https://www.facebook.com/2223757131285373
2019-03-31 21:57:45,673 - AdspyRedisPipeline.py[line:26] - INFO: 解析到新链接： https://www.facebook.com/416630538902326
2019-03-31 21:57:45,675 - AdspyRedisPipeline.py[line:26] - INFO: 解析到新链接： https://www.facebook.com/2327560133935886
2019-03-31 21:57:45,679 - AdspyRedisPipeline.py[line:26] - INFO: 解析到新链接： https://www.facebook.com/279670889650120
2019-03-31 21:57:45,751 - AdspySpider.py[line:104] - INFO: 登陆成功，解析完毕!
