2019-03-27 03:25:01,674 - AdSectorSpider.py[line:74] - INFO: AdSectorSpider启动...
2019-03-27 03:25:06,049 - AdSectorChromeMiddleware.py[line:54] - INFO: leite2015: 登录成功！
2019-03-27 03:25:06,484 - AdSectorChromeMiddleware.py[line:58] - INFO: 开始下拉翻页获取视频链接...
2019-03-27 03:25:09,487 - AdSectorChromeMiddleware.py[line:61] - INFO: 第1次翻页...
2019-03-27 03:25:12,500 - AdSectorChromeMiddleware.py[line:61] - INFO: 第2次翻页...
2019-03-27 03:25:15,513 - AdSectorChromeMiddleware.py[line:61] - INFO: 第3次翻页...
2019-03-27 03:25:18,535 - AdSectorChromeMiddleware.py[line:61] - INFO: 第4次翻页...
2019-03-27 03:25:21,549 - AdSectorChromeMiddleware.py[line:61] - INFO: 第5次翻页...
2019-03-27 03:25:24,559 - AdSectorChromeMiddleware.py[line:61] - INFO: 第6次翻页...
2019-03-27 03:25:27,565 - AdSectorChromeMiddleware.py[line:61] - INFO: 第7次翻页...
2019-03-27 03:25:30,572 - AdSectorChromeMiddleware.py[line:61] - INFO: 第8次翻页...
2019-03-27 03:25:33,579 - AdSectorChromeMiddleware.py[line:61] - INFO: 第9次翻页...
2019-03-27 03:25:36,582 - AdSectorChromeMiddleware.py[line:61] - INFO: 第10次翻页...
2019-03-27 03:25:39,589 - AdSectorChromeMiddleware.py[line:61] - INFO: 第11次翻页...
2019-03-27 03:25:42,595 - AdSectorChromeMiddleware.py[line:61] - INFO: 第12次翻页...
2019-03-27 03:25:45,601 - AdSectorChromeMiddleware.py[line:61] - INFO: 第13次翻页...
2019-03-27 03:25:48,608 - AdSectorChromeMiddleware.py[line:61] - INFO: 第14次翻页...
2019-03-27 03:25:51,613 - AdSectorChromeMiddleware.py[line:61] - INFO: 第15次翻页...
2019-03-27 03:25:54,619 - AdSectorChromeMiddleware.py[line:61] - INFO: 第16次翻页...
2019-03-27 03:25:57,625 - AdSectorChromeMiddleware.py[line:61] - INFO: 第17次翻页...
2019-03-27 03:26:00,632 - AdSectorChromeMiddleware.py[line:61] - INFO: 第18次翻页...
2019-03-27 03:26:03,638 - AdSectorChromeMiddleware.py[line:61] - INFO: 第19次翻页...
2019-03-27 03:26:06,645 - AdSectorChromeMiddleware.py[line:61] - INFO: 第20次翻页...
2019-03-27 03:26:11,837 - AdSectorSpider.py[line:104] - INFO: 登陆成功，开始解析...
2019-03-27 03:26:11,860 - AdSectorPageViewUrlPipeline.py[line:24] - INFO: 解析到新链接： https://www.facebook.com/164187397731602
2019-03-27 03:26:11,861 - AdSectorPageViewUrlPipeline.py[line:24] - INFO: 解析到新链接： https://www.facebook.com/1958616684252941
2019-03-27 03:26:11,862 - AdSectorPageViewUrlPipeline.py[line:24] - INFO: 解析到新链接： https://www.facebook.com/375187873263554
2019-03-27 03:26:11,864 - AdSectorPageViewUrlPipeline.py[line:24] - INFO: 解析到新链接： https://www.facebook.com/2333514603333491
2019-03-27 03:26:11,865 - AdSectorPageViewUrlPipeline.py[line:24] - INFO: 解析到新链接： https://www.facebook.com/923061504459351
2019-03-27 03:26:11,866 - AdSectorPageViewUrlPipeline.py[line:24] - INFO: 解析到新链接： https://www.facebook.com/2232431860328827
2019-03-27 03:26:11,867 - AdSectorPageViewUrlPipeline.py[line:24] - INFO: 解析到新链接： https://www.facebook.com/686233954900086
2019-03-27 03:26:11,868 - AdSectorPageViewUrlPipeline.py[line:24] - INFO: 解析到新链接： https://www.facebook.com/581933835243183
2019-03-27 03:26:11,869 - AdSectorPageViewUrlPipeline.py[line:24] - INFO: 解析到新链接： https://www.facebook.com/333993714084315
2019-03-27 03:26:11,870 - AdSectorPageViewUrlPipeline.py[line:24] - INFO: 解析到新链接： https://www.facebook.com/239357786803173
2019-03-27 03:27:01,878 - AdSectorPageViewUrlPipeline.py[line:24] - INFO: 解析到新链接： https://www.facebook.com/2477659312465250
2019-03-27 03:27:01,879 - AdSectorPageViewUrlPipeline.py[line:24] - INFO: 解析到新链接： https://www.facebook.com/2337620419856017
2019-03-27 03:27:01,880 - AdSectorPageViewUrlPipeline.py[line:24] - INFO: 解析到新链接： https://www.facebook.com/1165908370184712
2019-03-27 03:27:01,881 - AdSectorPageViewUrlPipeline.py[line:24] - INFO: 解析到新链接： https://www.facebook.com/1403899579741691
2019-03-27 03:27:01,883 - AdSectorPageViewUrlPipeline.py[line:24] - INFO: 解析到新链接： https://www.facebook.com/2031519190411360
2019-03-27 03:27:01,884 - AdSectorPageViewUrlPipeline.py[line:24] - INFO: 解析到新链接： https://www.facebook.com/158851298228561
2019-03-27 03:27:01,885 - AdSectorPageViewUrlPipeline.py[line:24] - INFO: 解析到新链接： https://www.facebook.com/443303979094122
2019-03-27 03:27:01,924 - AdSectorPageViewUrlPipeline.py[line:24] - INFO: 解析到新链接： https://www.facebook.com/184990448211225
2019-03-27 03:27:01,925 - AdSectorPageViewUrlPipeline.py[line:24] - INFO: 解析到新链接： https://www.facebook.com/549598422202251
2019-03-27 03:27:01,926 - AdSectorPageViewUrlPipeline.py[line:24] - INFO: 解析到新链接： https://www.facebook.com/1445372012374866
2019-03-27 03:27:01,927 - AdSectorPageViewUrlPipeline.py[line:24] - INFO: 解析到新链接： https://www.facebook.com/1182695138551955
2019-03-27 03:27:01,928 - AdSectorPageViewUrlPipeline.py[line:24] - INFO: 解析到新链接： https://www.facebook.com/109817865740140
2019-03-27 03:27:01,930 - AdSectorPageViewUrlPipeline.py[line:24] - INFO: 解析到新链接： https://www.facebook.com/303844590373509
2019-03-27 03:27:01,931 - AdSectorPageViewUrlPipeline.py[line:24] - INFO: 解析到新链接： https://www.facebook.com/424540241417248
2019-03-27 03:27:01,932 - AdSectorPageViewUrlPipeline.py[line:24] - INFO: 解析到新链接： https://www.facebook.com/322813685233333
2019-03-27 03:27:01,933 - AdSectorPageViewUrlPipeline.py[line:24] - INFO: 解析到新链接： https://www.facebook.com/106259202757285
2019-03-27 03:27:01,933 - AdSectorSpider.py[line:127] - INFO: https://adsector.com/ad/10521924解析视频链接...
2019-03-27 03:27:01,944 - AdSectorPageViewUrlPipeline.py[line:33] - INFO: 解析到新链接： https://www.facebook.com/333993714084315/posts/2391869031044052
2019-03-27 03:27:01,945 - AdSectorSpider.py[line:127] - INFO: https://adsector.com/ad/10521979解析视频链接...
2019-03-27 03:27:01,955 - AdSectorPageViewUrlPipeline.py[line:33] - INFO: 解析到新链接： https://www.facebook.com/581933835243183/posts/519476635243548
2019-03-27 03:27:01,956 - AdSectorSpider.py[line:127] - INFO: https://adsector.com/ad/10522046解析视频链接...
2019-03-27 03:27:01,966 - AdSectorPageViewUrlPipeline.py[line:33] - INFO: 解析到新链接： https://www.facebook.com/686233954900086/posts/296574044371820
2019-03-27 03:27:01,967 - AdSectorSpider.py[line:127] - INFO: https://adsector.com/ad/10522081解析视频链接...
2019-03-27 03:27:01,978 - AdSectorPageViewUrlPipeline.py[line:33] - INFO: 解析到新链接： https://www.facebook.com/2232431860328827/posts/2257084897863523
2019-03-27 03:27:01,978 - AdSectorSpider.py[line:127] - INFO: https://adsector.com/ad/10522158解析视频链接...
2019-03-27 03:27:01,988 - AdSectorPageViewUrlPipeline.py[line:33] - INFO: 解析到新链接： https://www.facebook.com/923061504459351/posts/2035773363188154
2019-03-27 03:27:01,989 - AdSectorSpider.py[line:127] - INFO: https://adsector.com/ad/10522280解析视频链接...
2019-03-27 03:27:02,000 - AdSectorPageViewUrlPipeline.py[line:33] - INFO: 解析到新链接： https://www.facebook.com/2333514603333491/posts/417624242135639
2019-03-27 03:27:02,001 - AdSectorSpider.py[line:127] - INFO: https://adsector.com/ad/10522301解析视频链接...
2019-03-27 03:27:02,011 - AdSectorPageViewUrlPipeline.py[line:33] - INFO: 解析到新链接： https://www.facebook.com/375187873263554/posts/423764948169093
2019-03-27 03:27:02,012 - AdSectorSpider.py[line:127] - INFO: https://adsector.com/ad/10522324解析视频链接...
2019-03-27 03:27:02,022 - AdSectorPageViewUrlPipeline.py[line:33] - INFO: 解析到新链接： https://www.facebook.com/1958616684252941/posts/577517319434687
2019-03-27 03:27:02,024 - AdSectorPageViewUrlPipeline.py[line:24] - INFO: 解析到新链接： https://www.facebook.com/2629728843734655
2019-03-27 03:27:02,026 - AdSectorPageViewUrlPipeline.py[line:24] - INFO: 解析到新链接： https://www.facebook.com/205344326170394
2019-03-27 03:27:02,027 - AdSectorPageViewUrlPipeline.py[line:24] - INFO: 解析到新链接： https://www.facebook.com/808565749481902
2019-03-27 03:27:02,030 - AdSectorPageViewUrlPipeline.py[line:24] - INFO: 解析到新链接： https://www.facebook.com/216667842571299
2019-03-27 03:27:02,031 - AdSectorPageViewUrlPipeline.py[line:24] - INFO: 解析到新链接： https://www.facebook.com/2643966632284302
2019-03-27 03:27:02,032 - AdSectorPageViewUrlPipeline.py[line:24] - INFO: 解析到新链接： https://www.facebook.com/752529291511183
2019-03-27 03:27:02,056 - AdSectorPageViewUrlPipeline.py[line:24] - INFO: 解析到新链接： https://www.facebook.com/513268699135607
2019-03-27 03:27:02,057 - AdSectorPageViewUrlPipeline.py[line:24] - INFO: 解析到新链接： https://www.facebook.com/174640979799572
2019-03-27 03:27:02,058 - AdSectorPageViewUrlPipeline.py[line:24] - INFO: 解析到新链接： https://www.facebook.com/402087419841550
2019-03-27 03:27:02,059 - AdSectorPageViewUrlPipeline.py[line:24] - INFO: 解析到新链接： https://www.facebook.com/1154640847959377
2019-03-27 03:27:02,060 - AdSectorPageViewUrlPipeline.py[line:24] - INFO: 解析到新链接： https://www.facebook.com/375553413222121
2019-03-27 03:27:02,061 - AdSectorPageViewUrlPipeline.py[line:24] - INFO: 解析到新链接： https://www.facebook.com/983030675230620
2019-03-27 03:27:02,062 - AdSectorPageViewUrlPipeline.py[line:24] - INFO: 解析到新链接： https://www.facebook.com/1031712880214205
2019-03-27 03:27:02,063 - AdSectorPageViewUrlPipeline.py[line:24] - INFO: 解析到新链接： https://www.facebook.com/522866554751683
2019-03-27 03:27:02,065 - AdSectorPageViewUrlPipeline.py[line:24] - INFO: 解析到新链接： https://www.facebook.com/215408479218956
2019-03-27 03:27:46,374 - AdSectorSpider.py[line:127] - INFO: https://adsector.com/ad/10522328解析视频链接...
2019-03-27 03:27:46,384 - AdSectorPageViewUrlPipeline.py[line:33] - INFO: 解析到新链接： https://www.facebook.com/164187397731602/posts/264456977817988
2019-03-27 03:27:46,386 - AdSectorPageViewUrlPipeline.py[line:24] - INFO: 解析到新链接： https://www.facebook.com/553697135000968
2019-03-27 03:27:46,387 - AdSectorPageViewUrlPipeline.py[line:24] - INFO: 解析到新链接： https://www.facebook.com/1835795186490414
2019-03-27 03:27:57,489 - AdSectorSpider.py[line:127] - INFO: https://adsector.com/ad/10399756解析视频链接...
2019-03-27 03:27:57,499 - AdSectorPageViewUrlPipeline.py[line:33] - INFO: 解析到新链接： https://www.facebook.com/522866554751683/posts/2199926943588951
2019-03-27 03:27:57,500 - AdSectorSpider.py[line:127] - INFO: https://adsector.com/ad/10439183解析视频链接...
2019-03-27 03:27:57,508 - AdSectorPageViewUrlPipeline.py[line:33] - INFO: 解析到新链接： https://www.facebook.com/1031712880214205/posts/2200829366635878
2019-03-27 03:27:57,510 - AdSectorSpider.py[line:127] - INFO: https://adsector.com/ad/10454982解析视频链接...
2019-03-27 03:27:57,521 - AdSectorPageViewUrlPipeline.py[line:33] - INFO: 解析到新链接： https://www.facebook.com/983030675230620/posts/357669055070234
2019-03-27 03:27:57,522 - AdSectorSpider.py[line:127] - INFO: https://adsector.com/ad/10488416解析视频链接...
2019-03-27 03:27:57,532 - AdSectorPageViewUrlPipeline.py[line:33] - INFO: 解析到新链接： https://www.facebook.com/375553413222121/posts/376683169775812
2019-03-27 03:27:57,532 - AdSectorSpider.py[line:127] - INFO: https://adsector.com/ad/10490847解析视频链接...
2019-03-27 03:27:57,543 - AdSectorPageViewUrlPipeline.py[line:33] - INFO: 解析到新链接： https://www.facebook.com/1154640847959377/posts/258518035089795
2019-03-27 03:27:57,544 - AdSectorSpider.py[line:127] - INFO: https://adsector.com/ad/10496216解析视频链接...
2019-03-27 03:27:57,554 - AdSectorPageViewUrlPipeline.py[line:33] - INFO: 解析到新链接： https://www.facebook.com/402087419841550/posts/409486783141043
2019-03-27 03:27:57,555 - AdSectorSpider.py[line:127] - INFO: https://adsector.com/ad/10499394解析视频链接...
2019-03-27 03:27:57,565 - AdSectorPageViewUrlPipeline.py[line:33] - INFO: 解析到新链接： https://www.facebook.com/174640979799572/posts/330961310871598
2019-03-27 03:27:57,566 - AdSectorSpider.py[line:127] - INFO: https://adsector.com/ad/10517703解析视频链接...
2019-03-27 03:27:57,576 - AdSectorPageViewUrlPipeline.py[line:33] - INFO: 解析到新链接： https://www.facebook.com/513268699135607/posts/1148489898645926
2019-03-27 03:27:57,596 - AdSectorSpider.py[line:127] - INFO: https://adsector.com/ad/10155620解析视频链接...
2019-03-27 03:27:57,608 - AdSectorPageViewUrlPipeline.py[line:33] - INFO: 解析到新链接： https://www.facebook.com/1835795186490414/posts/2278567165546545
2019-03-27 03:28:47,476 - AdSectorSpider.py[line:127] - INFO: https://adsector.com/ad/10223342解析视频链接...
2019-03-27 03:28:47,489 - AdSectorPageViewUrlPipeline.py[line:33] - INFO: 解析到新链接： https://www.facebook.com/553697135000968/posts/187401562093735
2019-03-27 03:28:47,491 - AdSectorSpider.py[line:127] - INFO: https://adsector.com/ad/10348747解析视频链接...
2019-03-27 03:28:47,501 - AdSectorPageViewUrlPipeline.py[line:33] - INFO: 解析到新链接： https://www.facebook.com/215408479218956/posts/391445781615224
2019-03-27 03:28:47,501 - AdSectorSpider.py[line:127] - INFO: https://adsector.com/ad/10517944解析视频链接...
2019-03-27 03:28:47,508 - AdSectorPageViewUrlPipeline.py[line:33] - INFO: 解析到新链接： https://www.facebook.com/155577444523958/posts/267050167528791
2019-03-27 03:28:47,511 - AdSectorSpider.py[line:127] - INFO: https://adsector.com/ad/10517945解析视频链接...
2019-03-27 03:28:47,521 - AdSectorPageViewUrlPipeline.py[line:33] - INFO: 解析到新链接： https://www.facebook.com/752529291511183/posts/2196394430620838
2019-03-27 03:28:47,522 - AdSectorSpider.py[line:127] - INFO: https://adsector.com/ad/10518019解析视频链接...
2019-03-27 03:28:47,531 - AdSectorPageViewUrlPipeline.py[line:33] - INFO: 解析到新链接： https://www.facebook.com/2643966632284302/posts/2649890085025290
2019-03-27 03:28:47,532 - AdSectorSpider.py[line:127] - INFO: https://adsector.com/ad/10518022解析视频链接...
2019-03-27 03:28:47,542 - AdSectorPageViewUrlPipeline.py[line:33] - INFO: 解析到新链接： https://www.facebook.com/216667842571299/posts/312761159359968
2019-03-27 03:28:47,543 - AdSectorSpider.py[line:127] - INFO: https://adsector.com/ad/10518050解析视频链接...
2019-03-27 03:28:47,553 - AdSectorPageViewUrlPipeline.py[line:33] - INFO: 解析到新链接： https://www.facebook.com/581933835243183/posts/1981405921985583
2019-03-27 03:28:47,554 - AdSectorSpider.py[line:127] - INFO: https://adsector.com/ad/10518172解析视频链接...
2019-03-27 03:28:47,564 - AdSectorPageViewUrlPipeline.py[line:33] - INFO: 解析到新链接： https://www.facebook.com/581933835243183/posts/393497921430713
2019-03-27 03:28:47,567 - AdSectorSpider.py[line:127] - INFO: https://adsector.com/ad/10519018解析视频链接...
2019-03-27 03:28:47,577 - AdSectorPageViewUrlPipeline.py[line:33] - INFO: 解析到新链接： https://www.facebook.com/808565749481902/posts/338194750374496
2019-03-27 03:29:37,546 - AdSectorSpider.py[line:127] - INFO: https://adsector.com/ad/10519024解析视频链接...
2019-03-27 03:29:37,553 - AdSectorPageViewUrlPipeline.py[line:33] - INFO: 解析到新链接： https://www.facebook.com/205344326170394/posts/371125860153699
2019-03-27 03:29:43,122 - AdSectorSpider.py[line:127] - INFO: https://adsector.com/ad/10519602解析视频链接...
2019-03-27 03:29:43,132 - AdSectorPageViewUrlPipeline.py[line:33] - INFO: 解析到新链接： https://www.facebook.com/2477659312465250/posts/2079138109053223
2019-03-27 03:29:43,132 - AdSectorSpider.py[line:127] - INFO: https://adsector.com/ad/10519633解析视频链接...
2019-03-27 03:29:43,142 - AdSectorPageViewUrlPipeline.py[line:33] - INFO: 解析到新链接： https://www.facebook.com/2629728843734655/posts/2192620327665447
2019-03-27 03:29:43,143 - AdSectorSpider.py[line:127] - INFO: https://adsector.com/ad/10519638解析视频链接...
2019-03-27 03:29:43,153 - AdSectorPageViewUrlPipeline.py[line:33] - INFO: 解析到新链接： https://www.facebook.com/206145456592249/posts/378425029364290
2019-03-27 03:29:43,155 - AdSectorSpider.py[line:127] - INFO: https://adsector.com/ad/10519828解析视频链接...
2019-03-27 03:29:43,163 - AdSectorPageViewUrlPipeline.py[line:33] - INFO: 解析到新链接： https://www.facebook.com/106259202757285/posts/608775302883352
2019-03-27 03:29:43,165 - AdSectorSpider.py[line:127] - INFO: https://adsector.com/ad/10519920解析视频链接...
2019-03-27 03:29:43,175 - AdSectorPageViewUrlPipeline.py[line:33] - INFO: 解析到新链接： https://www.facebook.com/322813685233333/posts/326539471337276
2019-03-27 03:29:43,176 - AdSectorSpider.py[line:127] - INFO: https://adsector.com/ad/10520028解析视频链接...
2019-03-27 03:29:43,186 - AdSectorPageViewUrlPipeline.py[line:33] - INFO: 解析到新链接： https://www.facebook.com/424540241417248/posts/270458240521244
2019-03-27 03:29:43,187 - AdSectorSpider.py[line:127] - INFO: https://adsector.com/ad/10520129解析视频链接...
2019-03-27 03:29:43,197 - AdSectorPageViewUrlPipeline.py[line:33] - INFO: 解析到新链接： https://www.facebook.com/303844590373509/posts/416403872450913
2019-03-27 03:29:43,198 - AdSectorSpider.py[line:127] - INFO: https://adsector.com/ad/10520145解析视频链接...
2019-03-27 03:29:43,207 - AdSectorPageViewUrlPipeline.py[line:33] - INFO: 解析到新链接： https://www.facebook.com/109817865740140/posts/2283978898540312
2019-03-27 03:29:43,216 - AdSectorSpider.py[line:127] - INFO: https://adsector.com/ad/10520659解析视频链接...
2019-03-27 03:29:43,226 - AdSectorPageViewUrlPipeline.py[line:33] - INFO: 解析到新链接： https://www.facebook.com/1182695138551955/posts/384224595692538
2019-03-27 03:30:33,251 - AdSectorSpider.py[line:127] - INFO: https://adsector.com/ad/10520744解析视频链接...
2019-03-27 03:30:33,258 - AdSectorPageViewUrlPipeline.py[line:33] - INFO: 解析到新链接： https://www.facebook.com/1445372012374866/posts/2131845636930022
2019-03-27 03:30:38,809 - AdSectorSpider.py[line:127] - INFO: https://adsector.com/ad/10520752解析视频链接...
2019-03-27 03:30:38,818 - AdSectorPageViewUrlPipeline.py[line:33] - INFO: 解析到新链接： https://www.facebook.com/549598422202251/posts/647619549022322
2019-03-27 03:30:38,819 - AdSectorSpider.py[line:127] - INFO: https://adsector.com/ad/10520945解析视频链接...
2019-03-27 03:30:38,827 - AdSectorPageViewUrlPipeline.py[line:33] - INFO: 解析到新链接： https://www.facebook.com/184990448211225/posts/2199468903701214
2019-03-27 03:30:38,829 - AdSectorSpider.py[line:127] - INFO: https://adsector.com/ad/10521133解析视频链接...
2019-03-27 03:30:38,837 - AdSectorPageViewUrlPipeline.py[line:33] - INFO: 解析到新链接： https://www.facebook.com/443303979094122/posts/2216966871851360
2019-03-27 03:30:38,839 - AdSectorSpider.py[line:127] - INFO: https://adsector.com/ad/10521167解析视频链接...
2019-03-27 03:30:38,846 - AdSectorPageViewUrlPipeline.py[line:33] - INFO: 解析到新链接： https://www.facebook.com/158851298228561/posts/397803451000010
2019-03-27 03:30:38,849 - AdSectorSpider.py[line:127] - INFO: https://adsector.com/ad/10521171解析视频链接...
2019-03-27 03:30:38,859 - AdSectorPageViewUrlPipeline.py[line:33] - INFO: 解析到新链接： https://www.facebook.com/2031519190411360/posts/635212700242648
2019-03-27 03:30:38,860 - AdSectorSpider.py[line:127] - INFO: https://adsector.com/ad/10521208解析视频链接...
2019-03-27 03:30:38,870 - AdSectorPageViewUrlPipeline.py[line:33] - INFO: 解析到新链接： https://www.facebook.com/606426623024865/posts/845502789132040
2019-03-27 03:30:38,871 - AdSectorSpider.py[line:127] - INFO: https://adsector.com/ad/10521215解析视频链接...
2019-03-27 03:30:38,881 - AdSectorPageViewUrlPipeline.py[line:33] - INFO: 解析到新链接： https://www.facebook.com/1403899579741691/posts/1424718804326435
2019-03-27 03:30:38,881 - AdSectorSpider.py[line:127] - INFO: https://adsector.com/ad/10521339解析视频链接...
2019-03-27 03:30:38,891 - AdSectorPageViewUrlPipeline.py[line:33] - INFO: 解析到新链接： https://www.facebook.com/1165908370184712/posts/327026317992700
2019-03-27 03:30:44,445 - AdSectorSpider.py[line:127] - INFO: https://adsector.com/ad/10521340解析视频链接...
2019-03-27 03:30:44,455 - AdSectorPageViewUrlPipeline.py[line:33] - INFO: 解析到新链接： https://www.facebook.com/2337620419856017/posts/2315014382047142
2019-03-27 03:30:49,999 - AdSectorSpider.py[line:127] - INFO: https://adsector.com/ad/10521451解析视频链接...
2019-03-27 03:30:50,009 - AdSectorPageViewUrlPipeline.py[line:33] - INFO: 解析到新链接： https://www.facebook.com/2477659312465250/posts/398464467600487
2019-03-27 03:30:50,014 - AdSectorSpider.py[line:127] - INFO: https://adsector.com/ad/10521542解析视频链接...
2019-03-27 03:30:50,024 - AdSectorPageViewUrlPipeline.py[line:33] - INFO: 解析到新链接： https://www.facebook.com/606426623024865/posts/339016316586308
2019-03-27 03:30:50,098 - AdSectorSpider.py[line:127] - INFO: https://adsector.com/ad/10521864解析视频链接...
2019-03-27 03:30:50,108 - AdSectorPageViewUrlPipeline.py[line:33] - INFO: 解析到新链接： https://www.facebook.com/239357786803173/posts/387100231845699
2019-03-27 09:46:16,655 - AdSectorSpider.py[line:62] - INFO: AdSectorSpider启动...
2019-03-27 09:46:20,420 - AdSectorChromeMiddleware.py[line:54] - INFO: leite2015: 登录成功！
2019-03-27 09:46:21,201 - AdSectorChromeMiddleware.py[line:58] - INFO: 开始下拉翻页获取视频链接...
2019-03-27 09:46:24,204 - AdSectorChromeMiddleware.py[line:61] - INFO: 第1次翻页...
2019-03-27 09:46:27,214 - AdSectorChromeMiddleware.py[line:61] - INFO: 第2次翻页...
2019-03-27 09:46:30,228 - AdSectorChromeMiddleware.py[line:61] - INFO: 第3次翻页...
2019-03-27 09:46:33,253 - AdSectorChromeMiddleware.py[line:61] - INFO: 第4次翻页...
2019-03-27 09:46:36,268 - AdSectorChromeMiddleware.py[line:61] - INFO: 第5次翻页...
2019-03-27 09:46:39,278 - AdSectorChromeMiddleware.py[line:61] - INFO: 第6次翻页...
2019-03-27 09:46:42,284 - AdSectorChromeMiddleware.py[line:61] - INFO: 第7次翻页...
2019-03-27 09:46:45,291 - AdSectorChromeMiddleware.py[line:61] - INFO: 第8次翻页...
2019-03-27 09:46:48,297 - AdSectorChromeMiddleware.py[line:61] - INFO: 第9次翻页...
2019-03-27 09:46:51,301 - AdSectorChromeMiddleware.py[line:61] - INFO: 第10次翻页...
2019-03-27 09:46:54,308 - AdSectorChromeMiddleware.py[line:61] - INFO: 第11次翻页...
2019-03-27 09:46:57,314 - AdSectorChromeMiddleware.py[line:61] - INFO: 第12次翻页...
2019-03-27 09:47:00,320 - AdSectorChromeMiddleware.py[line:61] - INFO: 第13次翻页...
2019-03-27 09:47:03,327 - AdSectorChromeMiddleware.py[line:61] - INFO: 第14次翻页...
2019-03-27 09:47:06,330 - AdSectorChromeMiddleware.py[line:61] - INFO: 第15次翻页...
2019-03-27 09:47:09,336 - AdSectorChromeMiddleware.py[line:61] - INFO: 第16次翻页...
2019-03-27 09:47:12,342 - AdSectorChromeMiddleware.py[line:61] - INFO: 第17次翻页...
2019-03-27 09:47:15,349 - AdSectorChromeMiddleware.py[line:61] - INFO: 第18次翻页...
2019-03-27 09:47:18,355 - AdSectorChromeMiddleware.py[line:61] - INFO: 第19次翻页...
2019-03-27 09:47:21,361 - AdSectorChromeMiddleware.py[line:61] - INFO: 第20次翻页...
2019-03-27 09:47:26,551 - AdSectorSpider.py[line:92] - INFO: 登陆成功，开始解析...
2019-03-27 09:47:26,574 - AdSectorPageViewUrlPipeline.py[line:24] - INFO: 解析到新链接： https://www.facebook.com/106183968297
2019-03-27 09:47:26,576 - AdSectorPageViewUrlPipeline.py[line:24] - INFO: 解析到新链接： https://www.facebook.com/291162528275684
2019-03-27 09:48:16,661 - AdSectorSpider.py[line:135] - INFO: https://adsector.com/ad/10522158 解析视频链接成功！
2019-03-27 09:48:16,672 - AdSectorSpider.py[line:135] - INFO: https://adsector.com/ad/10522280 解析视频链接成功！
2019-03-27 09:48:16,675 - AdSectorPageViewUrlPipeline.py[line:24] - INFO: 解析到新链接： https://www.facebook.com/2218911111698061
2019-03-27 09:48:16,679 - AdSectorPageViewUrlPipeline.py[line:24] - INFO: 解析到新链接： https://www.facebook.com/361525314449297
2019-03-27 09:48:16,682 - AdSectorSpider.py[line:135] - INFO: https://adsector.com/ad/10521542 解析视频链接成功！
2019-03-27 09:48:16,685 - AdSectorSpider.py[line:135] - INFO: https://adsector.com/ad/10521864 解析视频链接成功！
2019-03-27 09:48:16,688 - AdSectorSpider.py[line:135] - INFO: https://adsector.com/ad/10521924 解析视频链接成功！
2019-03-27 09:48:16,691 - AdSectorSpider.py[line:135] - INFO: https://adsector.com/ad/10521979 解析视频链接成功！
2019-03-27 09:48:16,694 - AdSectorSpider.py[line:135] - INFO: https://adsector.com/ad/10522046 解析视频链接成功！
2019-03-27 09:48:16,697 - AdSectorSpider.py[line:135] - INFO: https://adsector.com/ad/10522081 解析视频链接成功！
2019-03-27 09:48:16,705 - AdSectorPageViewUrlPipeline.py[line:24] - INFO: 解析到新链接： https://www.facebook.com/1942253219380826
2019-03-27 09:48:16,706 - AdSectorSpider.py[line:108] - INFO: https://adsector.com/login : 解析完毕！
2019-03-27 09:49:06,553 - AdSectorSpider.py[line:135] - INFO: https://adsector.com/ad/10522301 解析视频链接成功！
2019-03-27 09:49:06,576 - AdSectorPageViewUrlPipeline.py[line:33] - INFO: 解析到新链接： https://www.facebook.com/1942253219380826/posts/334492667109561
2019-03-27 09:49:06,576 - AdSectorSpider.py[line:135] - INFO: https://adsector.com/ad/10206266 解析视频链接成功！
2019-03-27 09:49:06,601 - AdSectorSpider.py[line:135] - INFO: https://adsector.com/ad/10348747 解析视频链接成功！
2019-03-27 09:49:06,620 - AdSectorSpider.py[line:135] - INFO: https://adsector.com/ad/10439183 解析视频链接成功！
2019-03-27 09:49:06,644 - AdSectorPageViewUrlPipeline.py[line:33] - INFO: 解析到新链接： https://www.facebook.com/361525314449297/posts/689182251483757
2019-03-27 09:49:17,714 - AdSectorSpider.py[line:135] - INFO: https://adsector.com/ad/10155620 解析视频链接成功！
2019-03-27 09:49:17,718 - AdSectorSpider.py[line:135] - INFO: https://adsector.com/ad/10223342 解析视频链接成功！
2019-03-27 09:49:17,723 - AdSectorSpider.py[line:135] - INFO: https://adsector.com/ad/10399756 解析视频链接成功！
2019-03-27 09:49:17,726 - AdSectorSpider.py[line:135] - INFO: https://adsector.com/ad/10454982 解析视频链接成功！
2019-03-27 09:49:17,730 - AdSectorSpider.py[line:135] - INFO: https://adsector.com/ad/10469643 解析视频链接成功！
2019-03-27 09:49:56,458 - AdSectorSpider.py[line:135] - INFO: https://adsector.com/ad/10488416 解析视频链接成功！
2019-03-27 09:49:56,492 - AdSectorPageViewUrlPipeline.py[line:33] - INFO: 解析到新链接： https://www.facebook.com/2218911111698061/posts/2281854862104250
2019-03-27 09:49:56,503 - AdSectorSpider.py[line:135] - INFO: https://adsector.com/ad/10517703 解析视频链接成功！
2019-03-27 09:49:56,510 - AdSectorSpider.py[line:135] - INFO: https://adsector.com/ad/10517944 解析视频链接成功！
2019-03-27 09:49:56,533 - AdSectorSpider.py[line:135] - INFO: https://adsector.com/ad/10518019 解析视频链接成功！
2019-03-27 09:49:56,533 - AdSectorSpider.py[line:135] - INFO: https://adsector.com/ad/10490847 解析视频链接成功！
2019-03-27 09:50:13,139 - AdSectorSpider.py[line:135] - INFO: https://adsector.com/ad/10496216 解析视频链接成功！
2019-03-27 09:50:13,142 - AdSectorSpider.py[line:135] - INFO: https://adsector.com/ad/10499394 解析视频链接成功！
2019-03-27 09:50:13,145 - AdSectorSpider.py[line:135] - INFO: https://adsector.com/ad/10513688 解析视频链接成功！
2019-03-27 09:50:13,150 - AdSectorSpider.py[line:135] - INFO: https://adsector.com/ad/10517945 解析视频链接成功！
2019-03-27 09:50:46,343 - AdSectorSpider.py[line:135] - INFO: https://adsector.com/ad/10518022 解析视频链接成功！
2019-03-27 09:50:46,371 - AdSectorSpider.py[line:135] - INFO: https://adsector.com/ad/10518172 解析视频链接成功！
2019-03-27 09:50:46,383 - AdSectorSpider.py[line:135] - INFO: https://adsector.com/ad/10519018 解析视频链接成功！
2019-03-27 09:50:46,390 - AdSectorSpider.py[line:135] - INFO: https://adsector.com/ad/10519024 解析视频链接成功！
2019-03-27 09:50:46,413 - AdSectorSpider.py[line:135] - INFO: https://adsector.com/ad/10519633 解析视频链接成功！
2019-03-27 09:50:46,431 - AdSectorSpider.py[line:135] - INFO: https://adsector.com/ad/10519828 解析视频链接成功！
2019-03-27 09:50:46,434 - AdSectorSpider.py[line:135] - INFO: https://adsector.com/ad/10518050 解析视频链接成功！
2019-03-27 09:51:14,127 - AdSectorSpider.py[line:135] - INFO: https://adsector.com/ad/10519602 解析视频链接成功！
2019-03-27 09:51:14,132 - AdSectorSpider.py[line:135] - INFO: https://adsector.com/ad/10519638 解析视频链接成功！
2019-03-27 09:51:36,305 - AdSectorSpider.py[line:135] - INFO: https://adsector.com/ad/10520028 解析视频链接成功！
2019-03-27 09:51:36,325 - AdSectorSpider.py[line:135] - INFO: https://adsector.com/ad/10520145 解析视频链接成功！
2019-03-27 09:51:36,336 - AdSectorSpider.py[line:135] - INFO: https://adsector.com/ad/10519920 解析视频链接成功！
2019-03-27 09:51:36,345 - AdSectorSpider.py[line:135] - INFO: https://adsector.com/ad/10520744 解析视频链接成功！
2019-03-27 09:51:36,358 - AdSectorSpider.py[line:135] - INFO: https://adsector.com/ad/10520752 解析视频链接成功！
2019-03-27 09:51:36,366 - AdSectorSpider.py[line:135] - INFO: https://adsector.com/ad/10520945 解析视频链接成功！
2019-03-27 09:51:36,376 - AdSectorSpider.py[line:135] - INFO: https://adsector.com/ad/10521133 解析视频链接成功！
2019-03-27 09:51:36,380 - AdSectorSpider.py[line:135] - INFO: https://adsector.com/ad/10520129 解析视频链接成功！
2019-03-27 09:51:36,385 - AdSectorSpider.py[line:135] - INFO: https://adsector.com/ad/10520659 解析视频链接成功！
2019-03-27 09:52:26,238 - AdSectorSpider.py[line:135] - INFO: https://adsector.com/ad/10521167 解析视频链接成功！
2019-03-27 09:52:31,789 - AdSectorSpider.py[line:135] - INFO: https://adsector.com/ad/10521208 解析视频链接成功！
2019-03-27 09:52:31,829 - AdSectorSpider.py[line:135] - INFO: https://adsector.com/ad/10521451 解析视频链接成功！
2019-03-27 09:52:31,851 - AdSectorSpider.py[line:135] - INFO: https://adsector.com/ad/10522328 解析视频链接成功！
2019-03-27 09:52:31,852 - AdSectorSpider.py[line:135] - INFO: https://adsector.com/ad/10521171 解析视频链接成功！
2019-03-27 09:52:31,856 - AdSectorSpider.py[line:135] - INFO: https://adsector.com/ad/10521215 解析视频链接成功！
2019-03-27 09:52:31,859 - AdSectorSpider.py[line:135] - INFO: https://adsector.com/ad/10521339 解析视频链接成功！
2019-03-27 09:52:31,862 - AdSectorSpider.py[line:135] - INFO: https://adsector.com/ad/10521340 解析视频链接成功！
2019-03-27 09:52:31,877 - AdSectorPageViewUrlPipeline.py[line:33] - INFO: 解析到新链接： https://www.facebook.com/291162528275684/posts/1808175005954535
2019-03-27 09:52:31,877 - AdSectorSpider.py[line:135] - INFO: https://adsector.com/ad/10522324 解析视频链接成功！
2019-03-27 09:52:37,418 - AdSectorSpider.py[line:135] - INFO: https://adsector.com/ad/10522544 解析视频链接成功！
2019-03-27 09:52:37,431 - AdSectorPageViewUrlPipeline.py[line:33] - INFO: 解析到新链接： https://www.facebook.com/1403899579741691/posts/1427954950669487
2019-03-27 09:52:37,432 - AdSectorSpider.py[line:135] - INFO: https://adsector.com/ad/10522574 解析视频链接成功！
2019-03-27 09:52:37,528 - AdSectorPageViewUrlPipeline.py[line:33] - INFO: 解析到新链接： https://www.facebook.com/106183968297/posts/557998548017635
2019-03-27 09:52:37,529 - AdSectorSpider.py[line:135] - INFO: https://adsector.com/ad/10522835 解析视频链接成功！
2019-03-27 16:00:52,930 - AdSectorSpider.py[line:62] - INFO: AdSectorSpider启动...
2019-03-27 16:00:56,888 - AdSectorChromeMiddleware.py[line:54] - INFO: leite2015: 登录成功！
2019-03-27 16:00:57,352 - AdSectorChromeMiddleware.py[line:58] - INFO: 开始下拉翻页获取视频链接...
2019-03-27 16:01:00,355 - AdSectorChromeMiddleware.py[line:61] - INFO: 第1次翻页...
2019-03-27 16:01:03,368 - AdSectorChromeMiddleware.py[line:61] - INFO: 第2次翻页...
2019-03-27 16:01:06,382 - AdSectorChromeMiddleware.py[line:61] - INFO: 第3次翻页...
2019-03-27 16:01:09,396 - AdSectorChromeMiddleware.py[line:61] - INFO: 第4次翻页...
2019-03-27 16:01:12,410 - AdSectorChromeMiddleware.py[line:61] - INFO: 第5次翻页...
2019-03-27 16:01:15,425 - AdSectorChromeMiddleware.py[line:61] - INFO: 第6次翻页...
2019-03-27 16:01:18,432 - AdSectorChromeMiddleware.py[line:61] - INFO: 第7次翻页...
2019-03-27 16:01:21,438 - AdSectorChromeMiddleware.py[line:61] - INFO: 第8次翻页...
2019-03-27 16:01:24,445 - AdSectorChromeMiddleware.py[line:61] - INFO: 第9次翻页...
2019-03-27 16:01:27,449 - AdSectorChromeMiddleware.py[line:61] - INFO: 第10次翻页...
2019-03-27 16:01:30,455 - AdSectorChromeMiddleware.py[line:61] - INFO: 第11次翻页...
2019-03-27 16:01:33,462 - AdSectorChromeMiddleware.py[line:61] - INFO: 第12次翻页...
2019-03-27 16:01:36,468 - AdSectorChromeMiddleware.py[line:61] - INFO: 第13次翻页...
2019-03-27 16:01:39,475 - AdSectorChromeMiddleware.py[line:61] - INFO: 第14次翻页...
2019-03-27 16:01:42,481 - AdSectorChromeMiddleware.py[line:61] - INFO: 第15次翻页...
2019-03-27 16:01:45,488 - AdSectorChromeMiddleware.py[line:61] - INFO: 第16次翻页...
2019-03-27 16:01:48,494 - AdSectorChromeMiddleware.py[line:61] - INFO: 第17次翻页...
2019-03-27 16:01:51,501 - AdSectorChromeMiddleware.py[line:61] - INFO: 第18次翻页...
2019-03-27 16:01:54,507 - AdSectorChromeMiddleware.py[line:61] - INFO: 第19次翻页...
2019-03-27 16:01:57,514 - AdSectorChromeMiddleware.py[line:61] - INFO: 第20次翻页...
2019-03-27 16:02:02,715 - AdSectorSpider.py[line:92] - INFO: 登陆成功，开始解析...
2019-03-27 16:02:02,740 - AdSectorPageViewUrlPipeline.py[line:24] - INFO: 解析到新链接： https://www.facebook.com/222707452010237
2019-03-27 16:02:02,741 - AdSectorPageViewUrlPipeline.py[line:24] - INFO: 解析到新链接： https://www.facebook.com/396452551110058
2019-03-27 16:02:02,742 - AdSectorPageViewUrlPipeline.py[line:24] - INFO: 解析到新链接： https://www.facebook.com/798625520498149
2019-03-27 16:02:02,744 - AdSectorPageViewUrlPipeline.py[line:24] - INFO: 解析到新链接： https://www.facebook.com/593578030792140
2019-03-27 16:02:02,745 - AdSectorPageViewUrlPipeline.py[line:24] - INFO: 解析到新链接： https://www.facebook.com/108144086000095
2019-03-27 16:02:53,060 - AdSectorPageViewUrlPipeline.py[line:33] - INFO: 解析到新链接： https://www.facebook.com/108144086000095/posts/1255650367916122
2019-03-27 16:02:53,061 - AdSectorSpider.py[line:135] - INFO: https://adsector.com/ad/10523252 解析视频链接成功！
2019-03-27 16:02:53,070 - AdSectorPageViewUrlPipeline.py[line:33] - INFO: 解析到新链接： https://www.facebook.com/593578030792140/posts/2106701302719033
2019-03-27 16:02:53,071 - AdSectorSpider.py[line:135] - INFO: https://adsector.com/ad/10523367 解析视频链接成功！
2019-03-27 16:02:53,083 - AdSectorSpider.py[line:135] - INFO: https://adsector.com/ad/10522301 解析视频链接成功！
2019-03-27 16:02:53,086 - AdSectorSpider.py[line:135] - INFO: https://adsector.com/ad/10522324 解析视频链接成功！
2019-03-27 16:02:53,088 - AdSectorSpider.py[line:135] - INFO: https://adsector.com/ad/10522328 解析视频链接成功！
2019-03-27 16:02:53,092 - AdSectorSpider.py[line:135] - INFO: https://adsector.com/ad/10522544 解析视频链接成功！
2019-03-27 16:02:53,095 - AdSectorSpider.py[line:135] - INFO: https://adsector.com/ad/10522574 解析视频链接成功！
2019-03-27 16:02:53,097 - AdSectorSpider.py[line:135] - INFO: https://adsector.com/ad/10522835 解析视频链接成功！
2019-03-27 16:02:53,107 - AdSectorPageViewUrlPipeline.py[line:24] - INFO: 解析到新链接： https://www.facebook.com/958301857691382
2019-03-27 16:02:53,110 - AdSectorSpider.py[line:108] - INFO: https://adsector.com/login : 解析完毕！
2019-03-27 16:03:32,044 - AdSectorPageViewUrlPipeline.py[line:33] - INFO: 解析到新链接： https://www.facebook.com/798625520498149/posts/1228500643941290
2019-03-27 16:03:43,153 - AdSectorSpider.py[line:135] - INFO: https://adsector.com/ad/10523588 解析视频链接成功！
2019-03-27 16:03:48,764 - AdSectorSpider.py[line:135] - INFO: https://adsector.com/ad/10206266 解析视频链接成功！
2019-03-27 16:03:48,792 - AdSectorPageViewUrlPipeline.py[line:33] - INFO: 解析到新链接： https://www.facebook.com/958301857691382/posts/975330692655165
2019-03-27 16:03:48,803 - AdSectorSpider.py[line:135] - INFO: https://adsector.com/ad/10348747 解析视频链接成功！
2019-03-27 16:03:48,821 - AdSectorSpider.py[line:135] - INFO: https://adsector.com/ad/10439183 解析视频链接成功！
2019-03-27 16:03:48,835 - AdSectorSpider.py[line:135] - INFO: https://adsector.com/ad/10155620 解析视频链接成功！
2019-03-27 16:03:48,839 - AdSectorSpider.py[line:135] - INFO: https://adsector.com/ad/10223342 解析视频链接成功！
2019-03-27 16:03:48,842 - AdSectorSpider.py[line:135] - INFO: https://adsector.com/ad/10228134 解析视频链接成功！
2019-03-27 16:03:48,847 - AdSectorSpider.py[line:135] - INFO: https://adsector.com/ad/10399756 解析视频链接成功！
2019-03-27 16:03:48,862 - AdSectorSpider.py[line:135] - INFO: https://adsector.com/ad/10454982 解析视频链接成功！
2019-03-27 16:04:33,280 - AdSectorSpider.py[line:135] - INFO: https://adsector.com/ad/10469643 解析视频链接成功！
2019-03-27 16:04:38,897 - AdSectorSpider.py[line:135] - INFO: https://adsector.com/ad/10517944 解析视频链接成功！
2019-03-27 16:04:38,910 - AdSectorSpider.py[line:135] - INFO: https://adsector.com/ad/10488416 解析视频链接成功！
2019-03-27 16:04:38,923 - AdSectorSpider.py[line:135] - INFO: https://adsector.com/ad/10490847 解析视频链接成功！
2019-03-27 16:04:38,926 - AdSectorSpider.py[line:135] - INFO: https://adsector.com/ad/10496216 解析视频链接成功！
2019-03-27 16:04:38,929 - AdSectorSpider.py[line:135] - INFO: https://adsector.com/ad/10499394 解析视频链接成功！
2019-03-27 16:04:38,932 - AdSectorSpider.py[line:135] - INFO: https://adsector.com/ad/10513688 解析视频链接成功！
2019-03-27 16:04:38,934 - AdSectorSpider.py[line:135] - INFO: https://adsector.com/ad/10517703 解析视频链接成功！
2019-03-27 16:05:17,833 - AdSectorSpider.py[line:135] - INFO: https://adsector.com/ad/10517945 解析视频链接成功！
2019-03-27 16:05:17,837 - AdSectorSpider.py[line:135] - INFO: https://adsector.com/ad/10518019 解析视频链接成功！
2019-03-27 16:05:28,980 - AdSectorSpider.py[line:135] - INFO: https://adsector.com/ad/10519018 解析视频链接成功！
2019-03-27 16:05:28,987 - AdSectorSpider.py[line:135] - INFO: https://adsector.com/ad/10519024 解析视频链接成功！
2019-03-27 16:05:29,010 - AdSectorSpider.py[line:135] - INFO: https://adsector.com/ad/10519633 解析视频链接成功！
2019-03-27 16:05:29,011 - AdSectorSpider.py[line:135] - INFO: https://adsector.com/ad/10518022 解析视频链接成功！
2019-03-27 16:05:29,032 - AdSectorSpider.py[line:135] - INFO: https://adsector.com/ad/10519828 解析视频链接成功！
2019-03-27 16:05:29,034 - AdSectorSpider.py[line:135] - INFO: https://adsector.com/ad/10518050 解析视频链接成功！
2019-03-27 16:05:29,037 - AdSectorSpider.py[line:135] - INFO: https://adsector.com/ad/10518172 解析视频链接成功！
2019-03-27 16:05:56,757 - AdSectorSpider.py[line:135] - INFO: https://adsector.com/ad/10519602 解析视频链接成功！
2019-03-27 16:05:56,762 - AdSectorSpider.py[line:135] - INFO: https://adsector.com/ad/10519638 解析视频链接成功！
2019-03-27 16:06:19,122 - AdSectorSpider.py[line:135] - INFO: https://adsector.com/ad/10519920 解析视频链接成功！
2019-03-27 16:06:19,132 - AdSectorSpider.py[line:135] - INFO: https://adsector.com/ad/10520744 解析视频链接成功！
2019-03-27 16:06:19,153 - AdSectorSpider.py[line:135] - INFO: https://adsector.com/ad/10520945 解析视频链接成功！
2019-03-27 16:06:19,163 - AdSectorSpider.py[line:135] - INFO: https://adsector.com/ad/10521133 解析视频链接成功！
2019-03-27 16:06:19,165 - AdSectorSpider.py[line:135] - INFO: https://adsector.com/ad/10520028 解析视频链接成功！
2019-03-27 16:06:19,168 - AdSectorSpider.py[line:135] - INFO: https://adsector.com/ad/10520129 解析视频链接成功！
2019-03-27 16:06:19,171 - AdSectorSpider.py[line:135] - INFO: https://adsector.com/ad/10520145 解析视频链接成功！
2019-03-27 16:06:19,173 - AdSectorSpider.py[line:135] - INFO: https://adsector.com/ad/10520659 解析视频链接成功！
2019-03-27 16:06:52,447 - AdSectorSpider.py[line:135] - INFO: https://adsector.com/ad/10520752 解析视频链接成功！
2019-03-27 16:07:09,109 - AdSectorSpider.py[line:135] - INFO: https://adsector.com/ad/10521167 解析视频链接成功！
2019-03-27 16:07:09,198 - AdSectorSpider.py[line:135] - INFO: https://adsector.com/ad/10521171 解析视频链接成功！
2019-03-27 16:07:09,201 - AdSectorSpider.py[line:135] - INFO: https://adsector.com/ad/10521208 解析视频链接成功！
2019-03-27 16:07:09,203 - AdSectorSpider.py[line:135] - INFO: https://adsector.com/ad/10521215 解析视频链接成功！
2019-03-27 16:07:09,206 - AdSectorSpider.py[line:135] - INFO: https://adsector.com/ad/10521339 解析视频链接成功！
2019-03-27 16:07:09,209 - AdSectorSpider.py[line:135] - INFO: https://adsector.com/ad/10521340 解析视频链接成功！
2019-03-27 16:07:42,472 - AdSectorSpider.py[line:135] - INFO: https://adsector.com/ad/10521451 解析视频链接成功！
2019-03-27 16:07:42,475 - AdSectorSpider.py[line:135] - INFO: https://adsector.com/ad/10521542 解析视频链接成功！
2019-03-27 16:07:42,479 - AdSectorSpider.py[line:135] - INFO: https://adsector.com/ad/10521864 解析视频链接成功！
2019-03-27 16:07:53,565 - AdSectorSpider.py[line:135] - INFO: https://adsector.com/ad/10521924 解析视频链接成功！
2019-03-27 16:07:53,627 - AdSectorPageViewUrlPipeline.py[line:33] - INFO: 解析到新链接： https://www.facebook.com/396452551110058/posts/300176470657049
2019-03-27 16:07:53,628 - AdSectorSpider.py[line:135] - INFO: https://adsector.com/ad/10523662 解析视频链接成功！
2019-03-27 16:07:53,637 - AdSectorPageViewUrlPipeline.py[line:33] - INFO: 解析到新链接： https://www.facebook.com/222707452010237/posts/626952434442939
2019-03-27 16:07:53,638 - AdSectorSpider.py[line:135] - INFO: https://adsector.com/ad/10523873 解析视频链接成功！
2019-03-27 16:07:53,640 - AdSectorSpider.py[line:135] - INFO: https://adsector.com/ad/10521979 解析视频链接成功！
2019-03-27 16:07:53,643 - AdSectorSpider.py[line:135] - INFO: https://adsector.com/ad/10522046 解析视频链接成功！
2019-03-27 16:07:53,646 - AdSectorSpider.py[line:135] - INFO: https://adsector.com/ad/10522081 解析视频链接成功！
2019-03-27 16:07:53,648 - AdSectorSpider.py[line:135] - INFO: https://adsector.com/ad/10522158 解析视频链接成功！
2019-03-27 16:07:53,651 - AdSectorSpider.py[line:135] - INFO: https://adsector.com/ad/10522280 解析视频链接成功！
2019-03-27 16:07:53,662 - AdSectorPageViewUrlPipeline.py[line:33] - INFO: 解析到新链接： https://www.facebook.com/1071413789539538/posts/819481558450674
2019-03-27 16:07:53,663 - AdSectorSpider.py[line:135] - INFO: https://adsector.com/ad/10523877 解析视频链接成功！
2019-03-27 22:10:51,405 - AdSectorSpider.py[line:62] - INFO: AdSectorSpider启动...
2019-03-27 22:10:55,731 - AdSectorChromeMiddleware.py[line:54] - INFO: leite2015: 登录成功！
2019-03-27 22:10:56,165 - AdSectorChromeMiddleware.py[line:58] - INFO: 开始下拉翻页获取视频链接...
2019-03-27 22:10:59,168 - AdSectorChromeMiddleware.py[line:61] - INFO: 第1次翻页...
2019-03-27 22:11:02,181 - AdSectorChromeMiddleware.py[line:61] - INFO: 第2次翻页...
2019-03-27 22:11:05,194 - AdSectorChromeMiddleware.py[line:61] - INFO: 第3次翻页...
2019-03-27 22:11:08,207 - AdSectorChromeMiddleware.py[line:61] - INFO: 第4次翻页...
2019-03-27 22:11:11,218 - AdSectorChromeMiddleware.py[line:61] - INFO: 第5次翻页...
2019-03-27 22:11:14,231 - AdSectorChromeMiddleware.py[line:61] - INFO: 第6次翻页...
2019-03-27 22:11:17,247 - AdSectorChromeMiddleware.py[line:61] - INFO: 第7次翻页...
2019-03-27 22:11:20,258 - AdSectorChromeMiddleware.py[line:61] - INFO: 第8次翻页...
2019-03-27 22:11:23,264 - AdSectorChromeMiddleware.py[line:61] - INFO: 第9次翻页...
2019-03-27 22:11:26,271 - AdSectorChromeMiddleware.py[line:61] - INFO: 第10次翻页...
2019-03-27 22:11:29,277 - AdSectorChromeMiddleware.py[line:61] - INFO: 第11次翻页...
2019-03-27 22:11:32,283 - AdSectorChromeMiddleware.py[line:61] - INFO: 第12次翻页...
2019-03-27 22:11:35,290 - AdSectorChromeMiddleware.py[line:61] - INFO: 第13次翻页...
2019-03-27 22:11:38,297 - AdSectorChromeMiddleware.py[line:61] - INFO: 第14次翻页...
2019-03-27 22:11:41,303 - AdSectorChromeMiddleware.py[line:61] - INFO: 第15次翻页...
2019-03-27 22:11:44,310 - AdSectorChromeMiddleware.py[line:61] - INFO: 第16次翻页...
2019-03-27 22:11:47,315 - AdSectorChromeMiddleware.py[line:61] - INFO: 第17次翻页...
2019-03-27 22:11:50,321 - AdSectorChromeMiddleware.py[line:61] - INFO: 第18次翻页...
2019-03-27 22:11:53,328 - AdSectorChromeMiddleware.py[line:61] - INFO: 第19次翻页...
2019-03-27 22:11:56,334 - AdSectorChromeMiddleware.py[line:61] - INFO: 第20次翻页...
2019-03-27 22:12:01,540 - AdSectorSpider.py[line:92] - INFO: 登陆成功，开始解析...
2019-03-27 22:12:01,567 - AdSectorPageViewUrlPipeline.py[line:24] - INFO: 解析到新链接： https://www.facebook.com/394286818040188
2019-03-27 22:12:01,569 - AdSectorPageViewUrlPipeline.py[line:24] - INFO: 解析到新链接： https://www.facebook.com/351642345578698
2019-03-27 22:12:01,570 - AdSectorPageViewUrlPipeline.py[line:24] - INFO: 解析到新链接： https://www.facebook.com/2163767040504099
2019-03-27 22:12:01,572 - AdSectorPageViewUrlPipeline.py[line:24] - INFO: 解析到新链接： https://www.facebook.com/324753815060630
2019-03-27 22:12:01,573 - AdSectorPageViewUrlPipeline.py[line:24] - INFO: 解析到新链接： https://www.facebook.com/442424149286371
2019-03-27 22:12:01,574 - AdSectorPageViewUrlPipeline.py[line:24] - INFO: 解析到新链接： https://www.facebook.com/1572624059715896
2019-03-27 22:12:01,575 - AdSectorPageViewUrlPipeline.py[line:24] - INFO: 解析到新链接： https://www.facebook.com/189611674455412
2019-03-27 22:12:01,576 - AdSectorPageViewUrlPipeline.py[line:24] - INFO: 解析到新链接： https://www.facebook.com/1851765844937778
2019-03-27 22:12:51,987 - AdSectorSpider.py[line:135] - INFO: https://adsector.com/ad/10523877 解析视频链接成功！
2019-03-27 22:12:52,000 - AdSectorPageViewUrlPipeline.py[line:33] - INFO: 解析到新链接： https://www.facebook.com/1851765844937778/posts/309323113304675
2019-03-27 22:12:52,011 - AdSectorPageViewUrlPipeline.py[line:33] - INFO: 解析到新链接： https://www.facebook.com/189611674455412/posts/1267512163407777
2019-03-27 22:12:52,022 - AdSectorPageViewUrlPipeline.py[line:33] - INFO: 解析到新链接： https://www.facebook.com/1572624059715896/posts/375375966381748
2019-03-27 22:12:52,034 - AdSectorPageViewUrlPipeline.py[line:33] - INFO: 解析到新链接： https://www.facebook.com/442424149286371/posts/986697584859022
2019-03-27 22:12:52,041 - AdSectorPageViewUrlPipeline.py[line:33] - INFO: 解析到新链接： https://www.facebook.com/324753815060630/posts/412809509280172
2019-03-27 22:12:52,041 - AdSectorSpider.py[line:135] - INFO: https://adsector.com/ad/10524505 解析视频链接成功！
2019-03-27 22:12:52,053 - AdSectorPageViewUrlPipeline.py[line:33] - INFO: 解析到新链接： https://www.facebook.com/581933835243183/posts/1467743916662166
2019-03-27 22:12:52,065 - AdSectorPageViewUrlPipeline.py[line:33] - INFO: 解析到新链接： https://www.facebook.com/593578030792140/posts/1140825436097627
2019-03-27 22:12:57,610 - AdSectorSpider.py[line:135] - INFO: https://adsector.com/ad/10524123 解析视频链接成功！
2019-03-27 22:12:57,613 - AdSectorSpider.py[line:135] - INFO: https://adsector.com/ad/10524439 解析视频链接成功！
2019-03-27 22:12:57,616 - AdSectorSpider.py[line:135] - INFO: https://adsector.com/ad/10524441 解析视频链接成功！
2019-03-27 22:12:57,619 - AdSectorSpider.py[line:135] - INFO: https://adsector.com/ad/10524456 解析视频链接成功！
2019-03-27 22:12:57,622 - AdSectorSpider.py[line:135] - INFO: https://adsector.com/ad/10524592 解析视频链接成功！
2019-03-27 22:12:57,624 - AdSectorSpider.py[line:135] - INFO: https://adsector.com/ad/10524779 解析视频链接成功！
2019-03-27 22:13:36,386 - AdSectorPageViewUrlPipeline.py[line:33] - INFO: 解析到新链接： https://www.facebook.com/2163767040504099/posts/2264794623734673
2019-03-27 22:13:36,387 - AdSectorPageViewUrlPipeline.py[line:24] - INFO: 解析到新链接： https://www.facebook.com/303879593427727
2019-03-27 22:13:36,394 - AdSectorSpider.py[line:108] - INFO: https://adsector.com/login : 解析完毕！
2019-03-27 22:13:36,404 - AdSectorSpider.py[line:135] - INFO: https://adsector.com/ad/10525279 解析视频链接成功！
2019-03-27 22:13:36,415 - AdSectorSpider.py[line:135] - INFO: https://adsector.com/ad/10519024 解析视频链接成功！
2019-03-27 22:13:36,440 - AdSectorSpider.py[line:135] - INFO: https://adsector.com/ad/10488416 解析视频链接成功！
2019-03-27 22:13:53,062 - AdSectorSpider.py[line:135] - INFO: https://adsector.com/ad/10469643 解析视频链接成功！
2019-03-27 22:13:53,067 - AdSectorSpider.py[line:135] - INFO: https://adsector.com/ad/10490847 解析视频链接成功！
2019-03-27 22:13:53,070 - AdSectorSpider.py[line:135] - INFO: https://adsector.com/ad/10496216 解析视频链接成功！
2019-03-27 22:13:53,073 - AdSectorSpider.py[line:135] - INFO: https://adsector.com/ad/10499394 解析视频链接成功！
2019-03-27 22:13:53,076 - AdSectorSpider.py[line:135] - INFO: https://adsector.com/ad/10513688 解析视频链接成功！
2019-03-27 22:14:26,299 - AdSectorSpider.py[line:135] - INFO: https://adsector.com/ad/10206266 解析视频链接成功！
2019-03-27 22:14:26,300 - AdSectorSpider.py[line:135] - INFO: https://adsector.com/ad/10517703 解析视频链接成功！
2019-03-27 22:14:26,342 - AdSectorSpider.py[line:135] - INFO: https://adsector.com/ad/10348747 解析视频链接成功！
2019-03-27 22:14:26,360 - AdSectorSpider.py[line:135] - INFO: https://adsector.com/ad/10439183 解析视频链接成功！
2019-03-27 22:14:26,373 - AdSectorSpider.py[line:135] - INFO: https://adsector.com/ad/10155620 解析视频链接成功！
2019-03-27 22:14:48,543 - AdSectorSpider.py[line:135] - INFO: https://adsector.com/ad/10223342 解析视频链接成功！
2019-03-27 22:14:48,547 - AdSectorSpider.py[line:135] - INFO: https://adsector.com/ad/10228134 解析视频链接成功！
2019-03-27 22:14:48,552 - AdSectorSpider.py[line:135] - INFO: https://adsector.com/ad/10399756 解析视频链接成功！
2019-03-27 22:14:48,556 - AdSectorSpider.py[line:135] - INFO: https://adsector.com/ad/10454982 解析视频链接成功！
2019-03-27 22:15:16,235 - AdSectorPageViewUrlPipeline.py[line:33] - INFO: 解析到新链接： https://www.facebook.com/303879593427727/posts/543503962722038
2019-03-27 22:15:16,248 - AdSectorSpider.py[line:135] - INFO: https://adsector.com/ad/10517944 解析视频链接成功！
2019-03-27 22:15:16,261 - AdSectorSpider.py[line:135] - INFO: https://adsector.com/ad/10517945 解析视频链接成功！
2019-03-27 22:15:16,271 - AdSectorSpider.py[line:135] - INFO: https://adsector.com/ad/10461467 解析视频链接成功！
2019-03-27 22:15:16,294 - AdSectorSpider.py[line:135] - INFO: https://adsector.com/ad/10518050 解析视频链接成功！
2019-03-27 22:15:16,314 - AdSectorSpider.py[line:135] - INFO: https://adsector.com/ad/10519018 解析视频链接成功！
2019-03-27 22:15:27,398 - AdSectorSpider.py[line:135] - INFO: https://adsector.com/ad/10518019 解析视频链接成功！
2019-03-27 22:15:27,400 - AdSectorSpider.py[line:135] - INFO: https://adsector.com/ad/10518022 解析视频链接成功！
2019-03-27 22:15:27,405 - AdSectorSpider.py[line:135] - INFO: https://adsector.com/ad/10518172 解析视频链接成功！
2019-03-27 22:15:27,411 - AdSectorSpider.py[line:135] - INFO: https://adsector.com/ad/10519602 解析视频链接成功！
2019-03-27 22:16:06,176 - AdSectorSpider.py[line:135] - INFO: https://adsector.com/ad/10519633 解析视频链接成功！
2019-03-27 22:16:06,204 - AdSectorSpider.py[line:135] - INFO: https://adsector.com/ad/10519828 解析视频链接成功！
2019-03-27 22:16:06,246 - AdSectorSpider.py[line:135] - INFO: https://adsector.com/ad/10520145 解析视频链接成功！
2019-03-27 22:16:06,264 - AdSectorSpider.py[line:135] - INFO: https://adsector.com/ad/10520744 解析视频链接成功！
2019-03-27 22:16:06,266 - AdSectorSpider.py[line:135] - INFO: https://adsector.com/ad/10519638 解析视频链接成功！
2019-03-27 22:16:22,892 - AdSectorSpider.py[line:135] - INFO: https://adsector.com/ad/10519920 解析视频链接成功！
2019-03-27 22:16:22,895 - AdSectorSpider.py[line:135] - INFO: https://adsector.com/ad/10520028 解析视频链接成功！
2019-03-27 22:16:22,897 - AdSectorSpider.py[line:135] - INFO: https://adsector.com/ad/10520129 解析视频链接成功！
2019-03-27 22:16:22,902 - AdSectorSpider.py[line:135] - INFO: https://adsector.com/ad/10520659 解析视频链接成功！
2019-03-27 22:16:56,143 - AdSectorSpider.py[line:135] - INFO: https://adsector.com/ad/10520752 解析视频链接成功！
2019-03-27 22:16:56,159 - AdSectorSpider.py[line:135] - INFO: https://adsector.com/ad/10520945 解析视频链接成功！
2019-03-27 22:16:56,169 - AdSectorSpider.py[line:135] - INFO: https://adsector.com/ad/10521133 解析视频链接成功！
2019-03-27 22:16:56,181 - AdSectorSpider.py[line:135] - INFO: https://adsector.com/ad/10521167 解析视频链接成功！
2019-03-27 22:16:56,203 - AdSectorSpider.py[line:135] - INFO: https://adsector.com/ad/10521208 解析视频链接成功！
2019-03-27 22:16:56,224 - AdSectorSpider.py[line:135] - INFO: https://adsector.com/ad/10521339 解析视频链接成功！
2019-03-27 22:17:18,344 - AdSectorSpider.py[line:135] - INFO: https://adsector.com/ad/10521171 解析视频链接成功！
2019-03-27 22:17:18,349 - AdSectorSpider.py[line:135] - INFO: https://adsector.com/ad/10521215 解析视频链接成功！
2019-03-27 22:17:18,355 - AdSectorSpider.py[line:135] - INFO: https://adsector.com/ad/10521340 解析视频链接成功！
2019-03-27 22:17:46,057 - AdSectorSpider.py[line:135] - INFO: https://adsector.com/ad/10521864 解析视频链接成功！
2019-03-27 22:17:46,067 - AdSectorSpider.py[line:135] - INFO: https://adsector.com/ad/10521924 解析视频链接成功！
2019-03-27 22:17:46,068 - AdSectorSpider.py[line:135] - INFO: https://adsector.com/ad/10521451 解析视频链接成功！
2019-03-27 22:17:46,101 - AdSectorSpider.py[line:135] - INFO: https://adsector.com/ad/10522081 解析视频链接成功！
2019-03-27 22:17:46,111 - AdSectorSpider.py[line:135] - INFO: https://adsector.com/ad/10522158 解析视频链接成功！
2019-03-27 22:17:46,122 - AdSectorSpider.py[line:135] - INFO: https://adsector.com/ad/10522280 解析视频链接成功！
2019-03-27 22:17:46,122 - AdSectorSpider.py[line:135] - INFO: https://adsector.com/ad/10521542 解析视频链接成功！
2019-03-27 22:18:08,240 - AdSectorSpider.py[line:135] - INFO: https://adsector.com/ad/10521979 解析视频链接成功！
2019-03-27 22:18:08,243 - AdSectorSpider.py[line:135] - INFO: https://adsector.com/ad/10522046 解析视频链接成功！
2019-03-27 22:18:36,001 - AdSectorSpider.py[line:135] - INFO: https://adsector.com/ad/10522324 解析视频链接成功！
2019-03-27 22:18:36,022 - AdSectorSpider.py[line:135] - INFO: https://adsector.com/ad/10522301 解析视频链接成功！
2019-03-27 22:18:36,045 - AdSectorSpider.py[line:135] - INFO: https://adsector.com/ad/10522835 解析视频链接成功！
2019-03-27 22:18:36,053 - AdSectorSpider.py[line:135] - INFO: https://adsector.com/ad/10523252 解析视频链接成功！
2019-03-27 22:18:36,063 - AdSectorSpider.py[line:135] - INFO: https://adsector.com/ad/10523367 解析视频链接成功！
2019-03-27 22:18:36,078 - AdSectorSpider.py[line:135] - INFO: https://adsector.com/ad/10522328 解析视频链接成功！
2019-03-27 22:18:36,081 - AdSectorSpider.py[line:135] - INFO: https://adsector.com/ad/10522544 解析视频链接成功！
2019-03-27 22:18:52,692 - AdSectorSpider.py[line:135] - INFO: https://adsector.com/ad/10522574 解析视频链接成功！
2019-03-27 22:18:52,698 - AdSectorSpider.py[line:135] - INFO: https://adsector.com/ad/10523588 解析视频链接成功！
2019-03-27 22:18:52,710 - AdSectorSpider.py[line:135] - INFO: https://adsector.com/ad/10523662 解析视频链接成功！
2019-03-27 22:18:52,719 - AdSectorSpider.py[line:135] - INFO: https://adsector.com/ad/10523873 解析视频链接成功！
2019-03-27 22:18:52,731 - AdSectorPageViewUrlPipeline.py[line:33] - INFO: 解析到新链接： https://www.facebook.com/351642345578698/posts/2300231633353761
2019-03-27 22:18:52,732 - AdSectorSpider.py[line:135] - INFO: https://adsector.com/ad/10525539 解析视频链接成功！
2019-03-27 22:18:52,803 - AdSectorPageViewUrlPipeline.py[line:33] - INFO: 解析到新链接： https://www.facebook.com/394286818040188/posts/409128636553816
2019-03-27 22:18:52,804 - AdSectorSpider.py[line:135] - INFO: https://adsector.com/ad/10525553 解析视频链接成功！
