2019-03-27 03:23:47,990 - AdspySpider.py[line:71] - INFO: AdspySpider启动...
2019-03-27 03:23:53,205 - AdspyChromeMiddleware.py[line:51] - INFO: 8428792@qq.com: 登录成功！
2019-03-27 03:23:54,197 - AdspyChromeMiddleware.py[line:55] - INFO: 开始下拉翻页获取视频链接...
2019-03-27 03:23:57,200 - AdspyChromeMiddleware.py[line:58] - INFO: 第1次翻页...
2019-03-27 03:24:00,209 - AdspyChromeMiddleware.py[line:58] - INFO: 第2次翻页...
2019-03-27 03:24:03,218 - AdspyChromeMiddleware.py[line:58] - INFO: 第3次翻页...
2019-03-27 03:24:06,224 - AdspyChromeMiddleware.py[line:58] - INFO: 第4次翻页...
2019-03-27 03:24:09,247 - AdspyChromeMiddleware.py[line:58] - INFO: 第5次翻页...
2019-03-27 03:24:12,259 - AdspyChromeMiddleware.py[line:58] - INFO: 第6次翻页...
2019-03-27 03:24:15,279 - AdspyChromeMiddleware.py[line:58] - INFO: 第7次翻页...
2019-03-27 03:24:18,285 - AdspyChromeMiddleware.py[line:58] - INFO: 第8次翻页...
2019-03-27 03:24:21,291 - AdspyChromeMiddleware.py[line:58] - INFO: 第9次翻页...
2019-03-27 03:24:24,318 - AdspyChromeMiddleware.py[line:58] - INFO: 第10次翻页...
2019-03-27 03:24:27,342 - AdspyChromeMiddleware.py[line:58] - INFO: 第11次翻页...
2019-03-27 03:24:30,356 - AdspyChromeMiddleware.py[line:58] - INFO: 第12次翻页...
2019-03-27 03:24:33,366 - AdspyChromeMiddleware.py[line:58] - INFO: 第13次翻页...
2019-03-27 03:24:36,372 - AdspyChromeMiddleware.py[line:58] - INFO: 第14次翻页...
2019-03-27 03:24:39,386 - AdspyChromeMiddleware.py[line:58] - INFO: 第15次翻页...
2019-03-27 03:24:42,395 - AdspyChromeMiddleware.py[line:58] - INFO: 第16次翻页...
2019-03-27 03:24:45,402 - AdspyChromeMiddleware.py[line:58] - INFO: 第17次翻页...
2019-03-27 03:24:48,416 - AdspyChromeMiddleware.py[line:58] - INFO: 第18次翻页...
2019-03-27 03:24:51,427 - AdspyChromeMiddleware.py[line:58] - INFO: 第19次翻页...
2019-03-27 03:24:54,434 - AdspyChromeMiddleware.py[line:58] - INFO: 第20次翻页...
2019-03-27 03:24:59,853 - AdspySpider.py[line:100] - INFO: 登陆成功，开始解析...
2019-03-27 03:25:00,001 - AdspyRedisPipeline.py[line:26] - INFO: 解析到新链接： https://www.facebook.com/352249348298702
2019-03-27 03:25:00,002 - AdspyRedisPipeline.py[line:26] - INFO: 解析到新链接： https://www.facebook.com/1480909462141493
2019-03-27 03:25:00,003 - AdspyRedisPipeline.py[line:26] - INFO: 解析到新链接： https://www.facebook.com/1559173467497639
2019-03-27 03:25:00,004 - AdspyRedisPipeline.py[line:26] - INFO: 解析到新链接： https://www.facebook.com/1716489575297900
2019-03-27 03:25:00,005 - AdspyRedisPipeline.py[line:26] - INFO: 解析到新链接： https://www.facebook.com/322446628926
2019-03-27 03:25:00,006 - AdspyRedisPipeline.py[line:26] - INFO: 解析到新链接： https://www.facebook.com/504515512931245
2019-03-27 03:25:00,006 - AdspyRedisPipeline.py[line:26] - INFO: 解析到新链接： https://www.facebook.com/1443941315912795
2019-03-27 03:25:00,007 - AdspyRedisPipeline.py[line:26] - INFO: 解析到新链接： https://www.facebook.com/2284209971838760
2019-03-27 03:25:00,008 - AdspyRedisPipeline.py[line:26] - INFO: 解析到新链接： https://www.facebook.com/887845504608226
2019-03-27 03:25:00,009 - AdspyRedisPipeline.py[line:26] - INFO: 解析到新链接： https://www.facebook.com/206145456592249
2019-03-27 03:25:00,010 - AdspyRedisPipeline.py[line:26] - INFO: 解析到新链接： https://www.facebook.com/1514279495372242
2019-03-27 03:25:00,010 - AdspyRedisPipeline.py[line:26] - INFO: 解析到新链接： https://www.facebook.com/407873496345429
2019-03-27 03:25:00,011 - AdspyRedisPipeline.py[line:26] - INFO: 解析到新链接： https://www.facebook.com/256488177769996
2019-03-27 03:25:00,012 - AdspyRedisPipeline.py[line:26] - INFO: 解析到新链接： https://www.facebook.com/755724061225054
2019-03-27 03:25:00,013 - AdspyRedisPipeline.py[line:26] - INFO: 解析到新链接： https://www.facebook.com/278343909750999
2019-03-27 03:25:00,014 - AdspyRedisPipeline.py[line:26] - INFO: 解析到新链接： https://www.facebook.com/2033530083588724
2019-03-27 03:25:00,015 - AdspyRedisPipeline.py[line:26] - INFO: 解析到新链接： https://www.facebook.com/1545577295743703
2019-03-27 03:25:00,016 - AdspyRedisPipeline.py[line:26] - INFO: 解析到新链接： https://www.facebook.com/527360740614022
2019-03-27 03:25:00,017 - AdspyRedisPipeline.py[line:26] - INFO: 解析到新链接： https://www.facebook.com/308215769214587
2019-03-27 03:25:00,018 - AdspyRedisPipeline.py[line:26] - INFO: 解析到新链接： https://www.facebook.com/416185879155875
2019-03-27 03:25:00,018 - AdspyRedisPipeline.py[line:26] - INFO: 解析到新链接： https://www.facebook.com/984991364897672
2019-03-27 03:25:00,019 - AdspyRedisPipeline.py[line:26] - INFO: 解析到新链接： https://www.facebook.com/1203604426328370
2019-03-27 03:25:00,020 - AdspyRedisPipeline.py[line:26] - INFO: 解析到新链接： https://www.facebook.com/606426623024865
2019-03-27 03:25:00,021 - AdspyRedisPipeline.py[line:26] - INFO: 解析到新链接： https://www.facebook.com/1984641225152292
2019-03-27 03:25:00,022 - AdspyRedisPipeline.py[line:26] - INFO: 解析到新链接： https://www.facebook.com/1561530087476096
2019-03-27 03:25:00,023 - AdspyRedisPipeline.py[line:26] - INFO: 解析到新链接： https://www.facebook.com/155577444523958
2019-03-27 03:25:00,024 - AdspyRedisPipeline.py[line:26] - INFO: 解析到新链接： https://www.facebook.com/113741208636938
2019-03-27 03:25:00,025 - AdspyRedisPipeline.py[line:26] - INFO: 解析到新链接： https://www.facebook.com/342673032469435
2019-03-27 03:25:00,025 - AdspyRedisPipeline.py[line:26] - INFO: 解析到新链接： https://www.facebook.com/260576494383294
2019-03-27 03:25:00,026 - AdspyRedisPipeline.py[line:26] - INFO: 解析到新链接： https://www.facebook.com/246984542535757
2019-03-27 03:25:00,027 - AdspyRedisPipeline.py[line:26] - INFO: 解析到新链接： https://www.facebook.com/121559064656225
2019-03-27 03:25:00,028 - AdspyRedisPipeline.py[line:26] - INFO: 解析到新链接： https://www.facebook.com/536344866387339
2019-03-27 03:25:00,029 - AdspyRedisPipeline.py[line:26] - INFO: 解析到新链接： https://www.facebook.com/510456905957544
2019-03-27 03:25:00,029 - AdspyRedisPipeline.py[line:26] - INFO: 解析到新链接： https://www.facebook.com/150236225577432
2019-03-27 03:25:00,031 - AdspyRedisPipeline.py[line:26] - INFO: 解析到新链接： https://www.facebook.com/1644072599178676
2019-03-27 03:25:00,032 - AdspyRedisPipeline.py[line:26] - INFO: 解析到新链接： https://www.facebook.com/320169391680407
2019-03-27 03:25:00,032 - AdspyRedisPipeline.py[line:26] - INFO: 解析到新链接： https://www.facebook.com/1691150421114964
2019-03-27 03:25:00,036 - AdspyRedisPipeline.py[line:26] - INFO: 解析到新链接： https://www.facebook.com/1000554409990511
2019-03-27 03:25:00,037 - AdspyRedisPipeline.py[line:26] - INFO: 解析到新链接： https://www.facebook.com/1862495450457895
2019-03-27 03:25:00,037 - AdspyRedisPipeline.py[line:26] - INFO: 解析到新链接： https://www.facebook.com/347557965690753
2019-03-27 03:25:00,038 - AdspyRedisPipeline.py[line:26] - INFO: 解析到新链接： https://www.facebook.com/1012353748789496
2019-03-27 03:25:00,039 - AdspyRedisPipeline.py[line:26] - INFO: 解析到新链接： https://www.facebook.com/760394720992593
2019-03-27 03:25:00,040 - AdspyRedisPipeline.py[line:26] - INFO: 解析到新链接： https://www.facebook.com/1558822447721020
2019-03-27 03:25:00,041 - AdspyRedisPipeline.py[line:26] - INFO: 解析到新链接： https://www.facebook.com/2517270895163722
2019-03-27 03:25:00,041 - AdspyRedisPipeline.py[line:26] - INFO: 解析到新链接： https://www.facebook.com/550389858412243
2019-03-27 03:25:00,042 - AdspyRedisPipeline.py[line:26] - INFO: 解析到新链接： https://www.facebook.com/415663905115195
2019-03-27 03:25:00,043 - AdspyRedisPipeline.py[line:26] - INFO: 解析到新链接： https://www.facebook.com/1071413789539538
2019-03-27 03:25:00,044 - AdspyRedisPipeline.py[line:26] - INFO: 解析到新链接： https://www.facebook.com/236959743562
2019-03-27 03:25:00,045 - AdspyRedisPipeline.py[line:26] - INFO: 解析到新链接： https://www.facebook.com/212377122105873
2019-03-27 03:25:00,046 - AdspyRedisPipeline.py[line:26] - INFO: 解析到新链接： https://www.facebook.com/1115518201793453
2019-03-27 03:25:00,046 - AdspyRedisPipeline.py[line:26] - INFO: 解析到新链接： https://www.facebook.com/191869350841183
2019-03-27 03:25:00,047 - AdspyRedisPipeline.py[line:26] - INFO: 解析到新链接： https://www.facebook.com/1570300329680690
2019-03-27 03:25:00,048 - AdspyRedisPipeline.py[line:26] - INFO: 解析到新链接： https://www.facebook.com/431180057018014
2019-03-27 03:25:00,049 - AdspyRedisPipeline.py[line:26] - INFO: 解析到新链接： https://www.facebook.com/774841369193085
2019-03-27 03:25:00,050 - AdspyRedisPipeline.py[line:26] - INFO: 解析到新链接： https://www.facebook.com/439386492768813
2019-03-27 03:25:00,050 - AdspyRedisPipeline.py[line:26] - INFO: 解析到新链接： https://www.facebook.com/425928680820998
2019-03-27 03:25:00,053 - AdspyRedisPipeline.py[line:26] - INFO: 解析到新链接： https://www.facebook.com/1872228776122687
2019-03-27 03:25:00,053 - AdspyRedisPipeline.py[line:26] - INFO: 解析到新链接： https://www.facebook.com/297561083628867
2019-03-27 03:25:00,055 - AdspyRedisPipeline.py[line:26] - INFO: 解析到新链接： https://www.facebook.com/455108604697637
2019-03-27 03:25:00,056 - AdspyRedisPipeline.py[line:26] - INFO: 解析到新链接： https://www.facebook.com/142831823159197
2019-03-27 03:25:00,056 - AdspyRedisPipeline.py[line:26] - INFO: 解析到新链接： https://www.facebook.com/1800851473544569
2019-03-27 03:25:00,058 - AdspyRedisPipeline.py[line:26] - INFO: 解析到新链接： https://www.facebook.com/323363524483195
2019-03-27 03:25:00,059 - AdspyRedisPipeline.py[line:26] - INFO: 解析到新链接： https://www.facebook.com/1589074521118277
2019-03-27 03:25:00,059 - AdspyRedisPipeline.py[line:26] - INFO: 解析到新链接： https://www.facebook.com/542690909486538
2019-03-27 03:25:00,062 - AdspyRedisPipeline.py[line:26] - INFO: 解析到新链接： https://www.facebook.com/717936521673517
2019-03-27 03:25:00,064 - AdspyRedisPipeline.py[line:26] - INFO: 解析到新链接： https://www.facebook.com/1756128491320752
2019-03-27 03:25:00,064 - AdspyRedisPipeline.py[line:26] - INFO: 解析到新链接： https://www.facebook.com/309192509456805
2019-03-27 03:25:00,066 - AdspyRedisPipeline.py[line:26] - INFO: 解析到新链接： https://www.facebook.com/18366808002
2019-03-27 03:25:00,067 - AdspyRedisPipeline.py[line:26] - INFO: 解析到新链接： https://www.facebook.com/370454826436175
2019-03-27 03:25:00,069 - AdspyRedisPipeline.py[line:26] - INFO: 解析到新链接： https://www.facebook.com/191495958098926
2019-03-27 03:25:00,070 - AdspyRedisPipeline.py[line:26] - INFO: 解析到新链接： https://www.facebook.com/1475888082691195
2019-03-27 03:25:00,070 - AdspyRedisPipeline.py[line:26] - INFO: 解析到新链接： https://www.facebook.com/637156592966776
2019-03-27 03:25:00,071 - AdspyRedisPipeline.py[line:26] - INFO: 解析到新链接： https://www.facebook.com/729100240497625
2019-03-27 03:25:00,072 - AdspyRedisPipeline.py[line:26] - INFO: 解析到新链接： https://www.facebook.com/351730065675069
2019-03-27 03:25:00,073 - AdspyRedisPipeline.py[line:26] - INFO: 解析到新链接： https://www.facebook.com/249346985233155
2019-03-27 03:25:00,075 - AdspyRedisPipeline.py[line:26] - INFO: 解析到新链接： https://www.facebook.com/167919909918615
2019-03-27 03:25:00,076 - AdspyRedisPipeline.py[line:26] - INFO: 解析到新链接： https://www.facebook.com/967198263379930
2019-03-27 03:25:00,077 - AdspyRedisPipeline.py[line:26] - INFO: 解析到新链接： https://www.facebook.com/1325798594134419
2019-03-27 03:25:00,078 - AdspyRedisPipeline.py[line:26] - INFO: 解析到新链接： https://www.facebook.com/66222681822
2019-03-27 03:25:00,078 - AdspyRedisPipeline.py[line:26] - INFO: 解析到新链接： https://www.facebook.com/144769175568065
2019-03-27 03:25:00,082 - AdspyRedisPipeline.py[line:26] - INFO: 解析到新链接： https://www.facebook.com/363844174059828
2019-03-27 03:25:00,083 - AdspyRedisPipeline.py[line:26] - INFO: 解析到新链接： https://www.facebook.com/445629222247515
2019-03-27 03:25:00,084 - AdspyRedisPipeline.py[line:26] - INFO: 解析到新链接： https://www.facebook.com/339351116218373
2019-03-27 03:25:00,086 - AdspyRedisPipeline.py[line:26] - INFO: 解析到新链接： https://www.facebook.com/367815690010019
2019-03-27 03:25:00,088 - AdspyRedisPipeline.py[line:26] - INFO: 解析到新链接： https://www.facebook.com/157759211516203
2019-03-27 03:25:00,089 - AdspyRedisPipeline.py[line:26] - INFO: 解析到新链接： https://www.facebook.com/263682907118099
2019-03-27 03:25:00,090 - AdspyRedisPipeline.py[line:26] - INFO: 解析到新链接： https://www.facebook.com/503798896331547
2019-03-27 03:25:00,092 - AdspyRedisPipeline.py[line:26] - INFO: 解析到新链接： https://www.facebook.com/199433493405658
2019-03-27 03:25:00,093 - AdspyRedisPipeline.py[line:26] - INFO: 解析到新链接： https://www.facebook.com/350154838339984
2019-03-27 09:45:02,108 - AdspySpider.py[line:59] - INFO: AdspySpider启动...
2019-03-27 09:45:08,313 - AdspyChromeMiddleware.py[line:51] - INFO: 8428792@qq.com: 登录成功！
2019-03-27 09:45:09,269 - AdspyChromeMiddleware.py[line:55] - INFO: 开始下拉翻页获取视频链接...
2019-03-27 09:45:12,270 - AdspyChromeMiddleware.py[line:58] - INFO: 第1次翻页...
2019-03-27 09:45:15,298 - AdspyChromeMiddleware.py[line:58] - INFO: 第2次翻页...
2019-03-27 09:45:18,319 - AdspyChromeMiddleware.py[line:58] - INFO: 第3次翻页...
2019-03-27 09:45:21,327 - AdspyChromeMiddleware.py[line:58] - INFO: 第4次翻页...
2019-03-27 09:45:24,335 - AdspyChromeMiddleware.py[line:58] - INFO: 第5次翻页...
2019-03-27 09:45:27,341 - AdspyChromeMiddleware.py[line:58] - INFO: 第6次翻页...
2019-03-27 09:45:30,348 - AdspyChromeMiddleware.py[line:58] - INFO: 第7次翻页...
2019-03-27 09:45:33,356 - AdspyChromeMiddleware.py[line:58] - INFO: 第8次翻页...
2019-03-27 09:45:36,369 - AdspyChromeMiddleware.py[line:58] - INFO: 第9次翻页...
2019-03-27 09:45:39,382 - AdspyChromeMiddleware.py[line:58] - INFO: 第10次翻页...
2019-03-27 09:45:42,392 - AdspyChromeMiddleware.py[line:58] - INFO: 第11次翻页...
2019-03-27 09:45:45,398 - AdspyChromeMiddleware.py[line:58] - INFO: 第12次翻页...
2019-03-27 09:45:48,416 - AdspyChromeMiddleware.py[line:58] - INFO: 第13次翻页...
2019-03-27 09:45:51,426 - AdspyChromeMiddleware.py[line:58] - INFO: 第14次翻页...
2019-03-27 09:45:54,433 - AdspyChromeMiddleware.py[line:58] - INFO: 第15次翻页...
2019-03-27 09:45:57,441 - AdspyChromeMiddleware.py[line:58] - INFO: 第16次翻页...
2019-03-27 09:46:00,452 - AdspyChromeMiddleware.py[line:58] - INFO: 第17次翻页...
2019-03-27 09:46:03,458 - AdspyChromeMiddleware.py[line:58] - INFO: 第18次翻页...
2019-03-27 09:46:06,466 - AdspyChromeMiddleware.py[line:58] - INFO: 第19次翻页...
2019-03-27 09:46:09,474 - AdspyChromeMiddleware.py[line:58] - INFO: 第20次翻页...
2019-03-27 09:46:15,033 - AdspyRedisPipeline.py[line:26] - INFO: 解析到新链接： https://www.facebook.com/1472480759712660
2019-03-27 09:46:15,034 - AdspyRedisPipeline.py[line:26] - INFO: 解析到新链接： https://www.facebook.com/778794852137593
2019-03-27 09:46:15,035 - AdspyRedisPipeline.py[line:26] - INFO: 解析到新链接： https://www.facebook.com/1665128843539765
2019-03-27 09:46:15,037 - AdspyRedisPipeline.py[line:26] - INFO: 解析到新链接： https://www.facebook.com/1944958719161959
2019-03-27 09:46:15,042 - AdspyRedisPipeline.py[line:26] - INFO: 解析到新链接： https://www.facebook.com/561849687165949
2019-03-27 09:46:15,043 - AdspyRedisPipeline.py[line:26] - INFO: 解析到新链接： https://www.facebook.com/367823720736678
2019-03-27 09:46:15,067 - AdspyRedisPipeline.py[line:26] - INFO: 解析到新链接： https://www.facebook.com/59851606862
2019-03-27 09:46:15,071 - AdspyRedisPipeline.py[line:26] - INFO: 解析到新链接： https://www.facebook.com/509467195871245
2019-03-27 09:46:15,078 - AdspyRedisPipeline.py[line:26] - INFO: 解析到新链接： https://www.facebook.com/299523900771766
2019-03-27 09:46:15,083 - AdspyRedisPipeline.py[line:26] - INFO: 解析到新链接： https://www.facebook.com/163063823739876
2019-03-27 09:46:15,089 - AdspyRedisPipeline.py[line:26] - INFO: 解析到新链接： https://www.facebook.com/484226551617824
2019-03-27 09:46:15,090 - AdspyRedisPipeline.py[line:26] - INFO: 解析到新链接： https://www.facebook.com/1469656949829955
2019-03-27 09:46:15,097 - AdspyRedisPipeline.py[line:26] - INFO: 解析到新链接： https://www.facebook.com/1132685033427961
2019-03-27 09:46:15,163 - AdspySpider.py[line:104] - INFO: 登陆成功，解析完毕!
2019-03-27 15:59:38,492 - AdspySpider.py[line:59] - INFO: AdspySpider启动...
2019-03-27 15:59:44,895 - AdspyChromeMiddleware.py[line:51] - INFO: 8428792@qq.com: 登录成功！
2019-03-27 15:59:45,454 - AdspyChromeMiddleware.py[line:55] - INFO: 开始下拉翻页获取视频链接...
2019-03-27 15:59:48,457 - AdspyChromeMiddleware.py[line:58] - INFO: 第1次翻页...
2019-03-27 15:59:51,466 - AdspyChromeMiddleware.py[line:58] - INFO: 第2次翻页...
2019-03-27 15:59:54,474 - AdspyChromeMiddleware.py[line:58] - INFO: 第3次翻页...
2019-03-27 15:59:57,482 - AdspyChromeMiddleware.py[line:58] - INFO: 第4次翻页...
2019-03-27 16:00:00,494 - AdspyChromeMiddleware.py[line:58] - INFO: 第5次翻页...
2019-03-27 16:00:03,525 - AdspyChromeMiddleware.py[line:58] - INFO: 第6次翻页...
2019-03-27 16:00:06,537 - AdspyChromeMiddleware.py[line:58] - INFO: 第7次翻页...
2019-03-27 16:00:09,546 - AdspyChromeMiddleware.py[line:58] - INFO: 第8次翻页...
2019-03-27 16:00:12,562 - AdspyChromeMiddleware.py[line:58] - INFO: 第9次翻页...
2019-03-27 16:00:15,579 - AdspyChromeMiddleware.py[line:58] - INFO: 第10次翻页...
2019-03-27 16:00:18,593 - AdspyChromeMiddleware.py[line:58] - INFO: 第11次翻页...
2019-03-27 16:00:21,602 - AdspyChromeMiddleware.py[line:58] - INFO: 第12次翻页...
2019-03-27 16:00:24,609 - AdspyChromeMiddleware.py[line:58] - INFO: 第13次翻页...
2019-03-27 16:00:27,623 - AdspyChromeMiddleware.py[line:58] - INFO: 第14次翻页...
2019-03-27 16:00:30,632 - AdspyChromeMiddleware.py[line:58] - INFO: 第15次翻页...
2019-03-27 16:00:33,638 - AdspyChromeMiddleware.py[line:58] - INFO: 第16次翻页...
2019-03-27 16:00:36,652 - AdspyChromeMiddleware.py[line:58] - INFO: 第17次翻页...
2019-03-27 16:00:39,661 - AdspyChromeMiddleware.py[line:58] - INFO: 第18次翻页...
2019-03-27 16:00:42,665 - AdspyChromeMiddleware.py[line:58] - INFO: 第19次翻页...
2019-03-27 16:00:45,702 - AdspyChromeMiddleware.py[line:58] - INFO: 第20次翻页...
2019-03-27 16:00:51,438 - AdspySpider.py[line:104] - INFO: 登陆成功，解析完毕!
2019-03-27 22:09:37,153 - AdspySpider.py[line:59] - INFO: AdspySpider启动...
2019-03-27 22:09:42,832 - AdspyChromeMiddleware.py[line:51] - INFO: 8428792@qq.com: 登录成功！
2019-03-27 22:09:43,725 - AdspyChromeMiddleware.py[line:55] - INFO: 开始下拉翻页获取视频链接...
2019-03-27 22:09:46,728 - AdspyChromeMiddleware.py[line:58] - INFO: 第1次翻页...
2019-03-27 22:09:49,741 - AdspyChromeMiddleware.py[line:58] - INFO: 第2次翻页...
2019-03-27 22:09:52,751 - AdspyChromeMiddleware.py[line:58] - INFO: 第3次翻页...
2019-03-27 22:09:55,766 - AdspyChromeMiddleware.py[line:58] - INFO: 第4次翻页...
2019-03-27 22:09:58,779 - AdspyChromeMiddleware.py[line:58] - INFO: 第5次翻页...
2019-03-27 22:10:01,787 - AdspyChromeMiddleware.py[line:58] - INFO: 第6次翻页...
2019-03-27 22:10:04,793 - AdspyChromeMiddleware.py[line:58] - INFO: 第7次翻页...
2019-03-27 22:10:07,877 - AdspyChromeMiddleware.py[line:58] - INFO: 第8次翻页...
2019-03-27 22:10:10,890 - AdspyChromeMiddleware.py[line:58] - INFO: 第9次翻页...
2019-03-27 22:10:13,905 - AdspyChromeMiddleware.py[line:58] - INFO: 第10次翻页...
2019-03-27 22:10:16,912 - AdspyChromeMiddleware.py[line:58] - INFO: 第11次翻页...
2019-03-27 22:10:19,928 - AdspyChromeMiddleware.py[line:58] - INFO: 第12次翻页...
2019-03-27 22:10:22,938 - AdspyChromeMiddleware.py[line:58] - INFO: 第13次翻页...
2019-03-27 22:10:25,946 - AdspyChromeMiddleware.py[line:58] - INFO: 第14次翻页...
2019-03-27 22:10:28,961 - AdspyChromeMiddleware.py[line:58] - INFO: 第15次翻页...
2019-03-27 22:10:31,977 - AdspyChromeMiddleware.py[line:58] - INFO: 第16次翻页...
2019-03-27 22:10:34,993 - AdspyChromeMiddleware.py[line:58] - INFO: 第17次翻页...
2019-03-27 22:10:38,004 - AdspyChromeMiddleware.py[line:58] - INFO: 第18次翻页...
2019-03-27 22:10:41,024 - AdspyChromeMiddleware.py[line:58] - INFO: 第19次翻页...
2019-03-27 22:10:44,050 - AdspyChromeMiddleware.py[line:58] - INFO: 第20次翻页...
2019-03-27 22:10:49,751 - AdspyRedisPipeline.py[line:26] - INFO: 解析到新链接： https://www.facebook.com/114570545240850
2019-03-27 22:10:49,752 - AdspyRedisPipeline.py[line:26] - INFO: 解析到新链接： https://www.facebook.com/79979911177
2019-03-27 22:10:49,754 - AdspyRedisPipeline.py[line:26] - INFO: 解析到新链接： https://www.facebook.com/174127537063
2019-03-27 22:10:49,779 - AdspyRedisPipeline.py[line:26] - INFO: 解析到新链接： https://www.facebook.com/779610692097160
2019-03-27 22:10:49,784 - AdspyRedisPipeline.py[line:26] - INFO: 解析到新链接： https://www.facebook.com/133385950484387
2019-03-27 22:10:49,793 - AdspyRedisPipeline.py[line:26] - INFO: 解析到新链接： https://www.facebook.com/1443862005832088
2019-03-27 22:10:49,794 - AdspyRedisPipeline.py[line:26] - INFO: 解析到新链接： https://www.facebook.com/2397703523591788
2019-03-27 22:10:49,795 - AdspyRedisPipeline.py[line:26] - INFO: 解析到新链接： https://www.facebook.com/966536740210284
2019-03-27 22:10:49,795 - AdspyRedisPipeline.py[line:26] - INFO: 解析到新链接： https://www.facebook.com/639044309859437
2019-03-27 22:10:49,797 - AdspyRedisPipeline.py[line:26] - INFO: 解析到新链接： https://www.facebook.com/367496863992034
2019-03-27 22:10:49,797 - AdspyRedisPipeline.py[line:26] - INFO: 解析到新链接： https://www.facebook.com/260602461088539
2019-03-27 22:10:49,802 - AdspyRedisPipeline.py[line:26] - INFO: 解析到新链接： https://www.facebook.com/1443212639243379
2019-03-27 22:10:49,805 - AdspyRedisPipeline.py[line:26] - INFO: 解析到新链接： https://www.facebook.com/677818989081401
2019-03-27 22:10:49,838 - AdspyRedisPipeline.py[line:26] - INFO: 解析到新链接： https://www.facebook.com/46891043156
2019-03-27 22:10:49,840 - AdspyRedisPipeline.py[line:26] - INFO: 解析到新链接： https://www.facebook.com/2431558477071601
2019-03-27 22:10:49,842 - AdspyRedisPipeline.py[line:26] - INFO: 解析到新链接： https://www.facebook.com/1747389505489695
2019-03-27 22:10:49,842 - AdspyRedisPipeline.py[line:26] - INFO: 解析到新链接： https://www.facebook.com/574820589685576
2019-03-27 22:10:49,843 - AdspyRedisPipeline.py[line:26] - INFO: 解析到新链接： https://www.facebook.com/208474819900112
2019-03-27 22:10:49,931 - AdspySpider.py[line:104] - INFO: 登陆成功，解析完毕!
