2019-03-30 02:51:45,935 - AdspySpider.py[line:59] - INFO: AdspySpider启动...
2019-03-30 02:51:51,871 - AdspyChromeMiddleware.py[line:51] - INFO: 8428792@qq.com: 登录成功！
2019-03-30 02:51:52,949 - AdspyChromeMiddleware.py[line:55] - INFO: 开始下拉翻页获取视频链接...
2019-03-30 02:51:55,952 - AdspyChromeMiddleware.py[line:58] - INFO: 第1次翻页...
2019-03-30 02:51:58,968 - AdspyChromeMiddleware.py[line:58] - INFO: 第2次翻页...
2019-03-30 02:52:01,986 - AdspyChromeMiddleware.py[line:58] - INFO: 第3次翻页...
2019-03-30 02:52:04,997 - AdspyChromeMiddleware.py[line:58] - INFO: 第4次翻页...
2019-03-30 02:52:08,013 - AdspyChromeMiddleware.py[line:58] - INFO: 第5次翻页...
2019-03-30 02:52:11,028 - AdspyChromeMiddleware.py[line:58] - INFO: 第6次翻页...
2019-03-30 02:52:14,038 - AdspyChromeMiddleware.py[line:58] - INFO: 第7次翻页...
2019-03-30 02:52:17,051 - AdspyChromeMiddleware.py[line:58] - INFO: 第8次翻页...
2019-03-30 02:52:20,065 - AdspyChromeMiddleware.py[line:58] - INFO: 第9次翻页...
2019-03-30 02:52:23,078 - AdspyChromeMiddleware.py[line:58] - INFO: 第10次翻页...
2019-03-30 02:52:26,087 - AdspyChromeMiddleware.py[line:58] - INFO: 第11次翻页...
2019-03-30 02:52:29,102 - AdspyChromeMiddleware.py[line:58] - INFO: 第12次翻页...
2019-03-30 02:52:32,133 - AdspyChromeMiddleware.py[line:58] - INFO: 第13次翻页...
2019-03-30 02:52:35,165 - AdspyChromeMiddleware.py[line:58] - INFO: 第14次翻页...
2019-03-30 02:52:38,179 - AdspyChromeMiddleware.py[line:58] - INFO: 第15次翻页...
2019-03-30 02:52:41,187 - AdspyChromeMiddleware.py[line:58] - INFO: 第16次翻页...
2019-03-30 02:52:44,199 - AdspyChromeMiddleware.py[line:58] - INFO: 第17次翻页...
2019-03-30 02:52:47,207 - AdspyChromeMiddleware.py[line:58] - INFO: 第18次翻页...
2019-03-30 02:52:50,239 - AdspyChromeMiddleware.py[line:58] - INFO: 第19次翻页...
2019-03-30 02:52:53,261 - AdspyChromeMiddleware.py[line:58] - INFO: 第20次翻页...
2019-03-30 02:52:58,944 - AdspyRedisPipeline.py[line:26] - INFO: 解析到新链接： https://www.facebook.com/829202150561063
2019-03-30 02:52:58,974 - AdspyRedisPipeline.py[line:26] - INFO: 解析到新链接： https://www.facebook.com/242358003376905
2019-03-30 02:52:58,982 - AdspyRedisPipeline.py[line:26] - INFO: 解析到新链接： https://www.facebook.com/1143990528968604
2019-03-30 02:52:59,000 - AdspyRedisPipeline.py[line:26] - INFO: 解析到新链接： https://www.facebook.com/649784385390279
2019-03-30 02:52:59,018 - AdspyRedisPipeline.py[line:26] - INFO: 解析到新链接： https://www.facebook.com/1733918116873254
2019-03-30 02:52:59,021 - AdspyRedisPipeline.py[line:26] - INFO: 解析到新链接： https://www.facebook.com/234590300546527
2019-03-30 02:52:59,112 - AdspySpider.py[line:104] - INFO: 登陆成功，解析完毕!
2019-03-30 08:59:29,059 - AdspySpider.py[line:59] - INFO: AdspySpider启动...
2019-03-30 08:59:35,420 - AdspyChromeMiddleware.py[line:51] - INFO: 8428792@qq.com: 登录成功！
2019-03-30 08:59:36,321 - AdspyChromeMiddleware.py[line:55] - INFO: 开始下拉翻页获取视频链接...
2019-03-30 08:59:39,324 - AdspyChromeMiddleware.py[line:58] - INFO: 第1次翻页...
2019-03-30 08:59:42,338 - AdspyChromeMiddleware.py[line:58] - INFO: 第2次翻页...
2019-03-30 08:59:45,349 - AdspyChromeMiddleware.py[line:58] - INFO: 第3次翻页...
2019-03-30 08:59:48,356 - AdspyChromeMiddleware.py[line:58] - INFO: 第4次翻页...
2019-03-30 08:59:51,368 - AdspyChromeMiddleware.py[line:58] - INFO: 第5次翻页...
2019-03-30 08:59:54,376 - AdspyChromeMiddleware.py[line:58] - INFO: 第6次翻页...
2019-03-30 08:59:57,396 - AdspyChromeMiddleware.py[line:58] - INFO: 第7次翻页...
2019-03-30 09:00:00,407 - AdspyChromeMiddleware.py[line:58] - INFO: 第8次翻页...
2019-03-30 09:00:03,420 - AdspyChromeMiddleware.py[line:58] - INFO: 第9次翻页...
2019-03-30 09:00:06,428 - AdspyChromeMiddleware.py[line:58] - INFO: 第10次翻页...
2019-03-30 09:00:09,436 - AdspyChromeMiddleware.py[line:58] - INFO: 第11次翻页...
2019-03-30 09:00:12,452 - AdspyChromeMiddleware.py[line:58] - INFO: 第12次翻页...
2019-03-30 09:00:15,459 - AdspyChromeMiddleware.py[line:58] - INFO: 第13次翻页...
2019-03-30 09:00:18,534 - AdspyChromeMiddleware.py[line:58] - INFO: 第14次翻页...
2019-03-30 09:00:21,548 - AdspyChromeMiddleware.py[line:58] - INFO: 第15次翻页...
2019-03-30 09:00:24,561 - AdspyChromeMiddleware.py[line:58] - INFO: 第16次翻页...
2019-03-30 09:00:27,591 - AdspyChromeMiddleware.py[line:58] - INFO: 第17次翻页...
2019-03-30 09:00:30,604 - AdspyChromeMiddleware.py[line:58] - INFO: 第18次翻页...
2019-03-30 09:00:33,617 - AdspyChromeMiddleware.py[line:58] - INFO: 第19次翻页...
2019-03-30 09:00:36,632 - AdspyChromeMiddleware.py[line:58] - INFO: 第20次翻页...
2019-03-30 09:00:42,265 - AdspyRedisPipeline.py[line:26] - INFO: 解析到新链接： https://www.facebook.com/570328476415065
2019-03-30 09:00:42,267 - AdspyRedisPipeline.py[line:26] - INFO: 解析到新链接： https://www.facebook.com/736042443225817
2019-03-30 09:00:42,272 - AdspyRedisPipeline.py[line:26] - INFO: 解析到新链接： https://www.facebook.com/1697063820587795
2019-03-30 09:00:42,277 - AdspyRedisPipeline.py[line:26] - INFO: 解析到新链接： https://www.facebook.com/1374826826104281
2019-03-30 09:00:42,280 - AdspyRedisPipeline.py[line:26] - INFO: 解析到新链接： https://www.facebook.com/477720445687883
2019-03-30 09:00:42,284 - AdspyRedisPipeline.py[line:26] - INFO: 解析到新链接： https://www.facebook.com/1613745678873477
2019-03-30 09:00:42,286 - AdspyRedisPipeline.py[line:26] - INFO: 解析到新链接： https://www.facebook.com/968041440007712
2019-03-30 09:00:42,288 - AdspyRedisPipeline.py[line:26] - INFO: 解析到新链接： https://www.facebook.com/1680838525464642
2019-03-30 09:00:42,312 - AdspyRedisPipeline.py[line:26] - INFO: 解析到新链接： https://www.facebook.com/613958365368983
2019-03-30 09:00:42,316 - AdspyRedisPipeline.py[line:26] - INFO: 解析到新链接： https://www.facebook.com/1376019622699730
2019-03-30 09:00:42,325 - AdspyRedisPipeline.py[line:26] - INFO: 解析到新链接： https://www.facebook.com/195587574474388
2019-03-30 09:00:42,327 - AdspyRedisPipeline.py[line:26] - INFO: 解析到新链接： https://www.facebook.com/932729010198109
2019-03-30 09:00:42,333 - AdspyRedisPipeline.py[line:26] - INFO: 解析到新链接： https://www.facebook.com/193749148085364
2019-03-30 09:00:42,336 - AdspyRedisPipeline.py[line:26] - INFO: 解析到新链接： https://www.facebook.com/1495383094086931
2019-03-30 09:00:42,342 - AdspyRedisPipeline.py[line:26] - INFO: 解析到新链接： https://www.facebook.com/625843037551365
2019-03-30 09:00:42,420 - AdspySpider.py[line:104] - INFO: 登陆成功，解析完毕!
2019-03-30 15:07:46,905 - AdspySpider.py[line:59] - INFO: AdspySpider启动...
2019-03-30 15:07:53,007 - AdspyChromeMiddleware.py[line:51] - INFO: 8428792@qq.com: 登录成功！
2019-03-30 15:07:53,978 - AdspyChromeMiddleware.py[line:55] - INFO: 开始下拉翻页获取视频链接...
2019-03-30 15:07:56,981 - AdspyChromeMiddleware.py[line:58] - INFO: 第1次翻页...
2019-03-30 15:08:00,039 - AdspyChromeMiddleware.py[line:58] - INFO: 第2次翻页...
2019-03-30 15:08:03,045 - AdspyChromeMiddleware.py[line:58] - INFO: 第3次翻页...
2019-03-30 15:08:06,055 - AdspyChromeMiddleware.py[line:58] - INFO: 第4次翻页...
2019-03-30 15:08:09,067 - AdspyChromeMiddleware.py[line:58] - INFO: 第5次翻页...
2019-03-30 15:08:12,074 - AdspyChromeMiddleware.py[line:58] - INFO: 第6次翻页...
2019-03-30 15:08:15,088 - AdspyChromeMiddleware.py[line:58] - INFO: 第7次翻页...
2019-03-30 15:08:18,097 - AdspyChromeMiddleware.py[line:58] - INFO: 第8次翻页...
2019-03-30 15:08:21,105 - AdspyChromeMiddleware.py[line:58] - INFO: 第9次翻页...
2019-03-30 15:08:24,112 - AdspyChromeMiddleware.py[line:58] - INFO: 第10次翻页...
2019-03-30 15:08:27,120 - AdspyChromeMiddleware.py[line:58] - INFO: 第11次翻页...
2019-03-30 15:08:30,128 - AdspyChromeMiddleware.py[line:58] - INFO: 第12次翻页...
2019-03-30 15:08:33,142 - AdspyChromeMiddleware.py[line:58] - INFO: 第13次翻页...
2019-03-30 15:08:36,151 - AdspyChromeMiddleware.py[line:58] - INFO: 第14次翻页...
2019-03-30 15:08:39,157 - AdspyChromeMiddleware.py[line:58] - INFO: 第15次翻页...
2019-03-30 15:08:42,165 - AdspyChromeMiddleware.py[line:58] - INFO: 第16次翻页...
2019-03-30 15:08:45,175 - AdspyChromeMiddleware.py[line:58] - INFO: 第17次翻页...
2019-03-30 15:08:48,181 - AdspyChromeMiddleware.py[line:58] - INFO: 第18次翻页...
2019-03-30 15:08:51,201 - AdspyChromeMiddleware.py[line:58] - INFO: 第19次翻页...
2019-03-30 15:08:54,211 - AdspyChromeMiddleware.py[line:58] - INFO: 第20次翻页...
2019-03-30 15:08:59,785 - AdspyRedisPipeline.py[line:26] - INFO: 解析到新链接： https://www.facebook.com/333595827506732
2019-03-30 15:08:59,786 - AdspyRedisPipeline.py[line:26] - INFO: 解析到新链接： https://www.facebook.com/286023572255048
2019-03-30 15:08:59,798 - AdspyRedisPipeline.py[line:26] - INFO: 解析到新链接： https://www.facebook.com/399610807537213
2019-03-30 15:08:59,804 - AdspyRedisPipeline.py[line:26] - INFO: 解析到新链接： https://www.facebook.com/301059753914422
2019-03-30 15:08:59,822 - AdspyRedisPipeline.py[line:26] - INFO: 解析到新链接： https://www.facebook.com/346883696040308
2019-03-30 15:08:59,835 - AdspyRedisPipeline.py[line:26] - INFO: 解析到新链接： https://www.facebook.com/301655137168453
2019-03-30 15:08:59,906 - AdspySpider.py[line:104] - INFO: 登陆成功，解析完毕!
2019-03-30 21:16:54,633 - AdspySpider.py[line:59] - INFO: AdspySpider启动...
2019-03-30 21:17:00,903 - AdspyChromeMiddleware.py[line:51] - INFO: 8428792@qq.com: 登录成功！
2019-03-30 21:17:01,436 - AdspyChromeMiddleware.py[line:55] - INFO: 开始下拉翻页获取视频链接...
2019-03-30 21:17:04,439 - AdspyChromeMiddleware.py[line:58] - INFO: 第1次翻页...
2019-03-30 21:17:07,449 - AdspyChromeMiddleware.py[line:58] - INFO: 第2次翻页...
2019-03-30 21:17:10,461 - AdspyChromeMiddleware.py[line:58] - INFO: 第3次翻页...
2019-03-30 21:17:13,479 - AdspyChromeMiddleware.py[line:58] - INFO: 第4次翻页...
2019-03-30 21:17:16,530 - AdspyChromeMiddleware.py[line:58] - INFO: 第5次翻页...
2019-03-30 21:17:19,543 - AdspyChromeMiddleware.py[line:58] - INFO: 第6次翻页...
2019-03-30 21:17:22,552 - AdspyChromeMiddleware.py[line:58] - INFO: 第7次翻页...
2019-03-30 21:17:25,565 - AdspyChromeMiddleware.py[line:58] - INFO: 第8次翻页...
2019-03-30 21:17:28,573 - AdspyChromeMiddleware.py[line:58] - INFO: 第9次翻页...
2019-03-30 21:17:31,585 - AdspyChromeMiddleware.py[line:58] - INFO: 第10次翻页...
2019-03-30 21:17:34,643 - AdspyChromeMiddleware.py[line:58] - INFO: 第11次翻页...
2019-03-30 21:17:37,660 - AdspyChromeMiddleware.py[line:58] - INFO: 第12次翻页...
2019-03-30 21:17:40,670 - AdspyChromeMiddleware.py[line:58] - INFO: 第13次翻页...
2019-03-30 21:17:43,689 - AdspyChromeMiddleware.py[line:58] - INFO: 第14次翻页...
2019-03-30 21:17:46,701 - AdspyChromeMiddleware.py[line:58] - INFO: 第15次翻页...
2019-03-30 21:17:49,708 - AdspyChromeMiddleware.py[line:58] - INFO: 第16次翻页...
2019-03-30 21:17:52,721 - AdspyChromeMiddleware.py[line:58] - INFO: 第17次翻页...
2019-03-30 21:17:55,732 - AdspyChromeMiddleware.py[line:58] - INFO: 第18次翻页...
2019-03-30 21:17:58,741 - AdspyChromeMiddleware.py[line:58] - INFO: 第19次翻页...
2019-03-30 21:18:01,746 - AdspyChromeMiddleware.py[line:58] - INFO: 第20次翻页...
2019-03-30 21:18:07,297 - AdspyRedisPipeline.py[line:26] - INFO: 解析到新链接： https://www.facebook.com/1051542365024503
2019-03-30 21:18:07,299 - AdspyRedisPipeline.py[line:26] - INFO: 解析到新链接： https://www.facebook.com/327952427711048
2019-03-30 21:18:07,303 - AdspyRedisPipeline.py[line:26] - INFO: 解析到新链接： https://www.facebook.com/276851393209947
2019-03-30 21:18:07,310 - AdspyRedisPipeline.py[line:26] - INFO: 解析到新链接： https://www.facebook.com/348621239271519
2019-03-30 21:18:07,315 - AdspyRedisPipeline.py[line:26] - INFO: 解析到新链接： https://www.facebook.com/968456813302606
2019-03-30 21:18:07,323 - AdspyRedisPipeline.py[line:26] - INFO: 解析到新链接： https://www.facebook.com/208332395906021
2019-03-30 21:18:07,331 - AdspyRedisPipeline.py[line:26] - INFO: 解析到新链接： https://www.facebook.com/1513083255571159
2019-03-30 21:18:07,332 - AdspyRedisPipeline.py[line:26] - INFO: 解析到新链接： https://www.facebook.com/144121169099699
2019-03-30 21:18:07,334 - AdspyRedisPipeline.py[line:26] - INFO: 解析到新链接： https://www.facebook.com/1471483279802294
2019-03-30 21:18:07,336 - AdspyRedisPipeline.py[line:26] - INFO: 解析到新链接： https://www.facebook.com/15393513620
2019-03-30 21:18:07,341 - AdspyRedisPipeline.py[line:26] - INFO: 解析到新链接： https://www.facebook.com/2317441541865498
2019-03-30 21:18:07,414 - AdspySpider.py[line:104] - INFO: 登陆成功，解析完毕!
