2019-04-06 01:21:36,294 - AdspySpider.py[line:59] - INFO: AdspySpider启动...
2019-04-06 01:21:42,137 - AdspyChromeMiddleware.py[line:51] - INFO: 8428792@qq.com: 登录成功！
2019-04-06 01:21:42,912 - AdspyChromeMiddleware.py[line:55] - INFO: 开始下拉翻页获取视频链接...
2019-04-06 01:21:45,915 - AdspyChromeMiddleware.py[line:58] - INFO: 第1次翻页...
2019-04-06 01:21:48,925 - AdspyChromeMiddleware.py[line:58] - INFO: 第2次翻页...
2019-04-06 01:21:51,939 - AdspyChromeMiddleware.py[line:58] - INFO: 第3次翻页...
2019-04-06 01:21:54,950 - AdspyChromeMiddleware.py[line:58] - INFO: 第4次翻页...
2019-04-06 01:21:57,961 - AdspyChromeMiddleware.py[line:58] - INFO: 第5次翻页...
2019-04-06 01:22:00,972 - AdspyChromeMiddleware.py[line:58] - INFO: 第6次翻页...
2019-04-06 01:22:03,980 - AdspyChromeMiddleware.py[line:58] - INFO: 第7次翻页...
2019-04-06 01:22:06,988 - AdspyChromeMiddleware.py[line:58] - INFO: 第8次翻页...
2019-04-06 01:22:09,995 - AdspyChromeMiddleware.py[line:58] - INFO: 第9次翻页...
2019-04-06 01:22:13,003 - AdspyChromeMiddleware.py[line:58] - INFO: 第10次翻页...
2019-04-06 01:22:16,012 - AdspyChromeMiddleware.py[line:58] - INFO: 第11次翻页...
2019-04-06 01:22:19,020 - AdspyChromeMiddleware.py[line:58] - INFO: 第12次翻页...
2019-04-06 01:22:22,028 - AdspyChromeMiddleware.py[line:58] - INFO: 第13次翻页...
2019-04-06 01:22:25,035 - AdspyChromeMiddleware.py[line:58] - INFO: 第14次翻页...
2019-04-06 01:22:28,043 - AdspyChromeMiddleware.py[line:58] - INFO: 第15次翻页...
2019-04-06 01:22:31,064 - AdspyChromeMiddleware.py[line:58] - INFO: 第16次翻页...
2019-04-06 01:22:34,077 - AdspyChromeMiddleware.py[line:58] - INFO: 第17次翻页...
2019-04-06 01:22:37,105 - AdspyChromeMiddleware.py[line:58] - INFO: 第18次翻页...
2019-04-06 01:22:40,120 - AdspyChromeMiddleware.py[line:58] - INFO: 第19次翻页...
2019-04-06 01:22:43,128 - AdspyChromeMiddleware.py[line:58] - INFO: 第20次翻页...
2019-04-06 01:22:48,841 - AdspyRedisPipeline.py[line:26] - INFO: 解析到新链接： https://www.facebook.com/616547458400274
2019-04-06 01:22:48,844 - AdspyRedisPipeline.py[line:26] - INFO: 解析到新链接： https://www.facebook.com/367174600020687
2019-04-06 01:22:48,853 - AdspyRedisPipeline.py[line:26] - INFO: 解析到新链接： https://www.facebook.com/416322802456747
2019-04-06 01:22:48,864 - AdspyRedisPipeline.py[line:26] - INFO: 解析到新链接： https://www.facebook.com/681933795277567
2019-04-06 01:22:48,887 - AdspyRedisPipeline.py[line:26] - INFO: 解析到新链接： https://www.facebook.com/400894197133871
2019-04-06 01:22:48,891 - AdspyRedisPipeline.py[line:26] - INFO: 解析到新链接： https://www.facebook.com/1599294786995514
2019-04-06 01:22:48,893 - AdspyRedisPipeline.py[line:26] - INFO: 解析到新链接： https://www.facebook.com/360472468102755
2019-04-06 01:22:48,895 - AdspyRedisPipeline.py[line:26] - INFO: 解析到新链接： https://www.facebook.com/1216303518477374
2019-04-06 01:22:48,927 - AdspyRedisPipeline.py[line:26] - INFO: 解析到新链接： https://www.facebook.com/511582952516322
2019-04-06 01:22:48,929 - AdspyRedisPipeline.py[line:26] - INFO: 解析到新链接： https://www.facebook.com/200557570123937
2019-04-06 01:22:48,934 - AdspyRedisPipeline.py[line:26] - INFO: 解析到新链接： https://www.facebook.com/491542534685055
2019-04-06 01:22:49,027 - AdspySpider.py[line:104] - INFO: 登陆成功，解析完毕!
2019-04-06 07:30:48,013 - AdspySpider.py[line:59] - INFO: AdspySpider启动...
2019-04-06 07:30:53,384 - AdspyChromeMiddleware.py[line:51] - INFO: 8428792@qq.com: 登录成功！
2019-04-06 07:30:54,146 - AdspyChromeMiddleware.py[line:55] - INFO: 开始下拉翻页获取视频链接...
2019-04-06 07:30:57,149 - AdspyChromeMiddleware.py[line:58] - INFO: 第1次翻页...
2019-04-06 07:31:00,158 - AdspyChromeMiddleware.py[line:58] - INFO: 第2次翻页...
2019-04-06 07:31:03,166 - AdspyChromeMiddleware.py[line:58] - INFO: 第3次翻页...
2019-04-06 07:31:06,172 - AdspyChromeMiddleware.py[line:58] - INFO: 第4次翻页...
2019-04-06 07:31:09,190 - AdspyChromeMiddleware.py[line:58] - INFO: 第5次翻页...
2019-04-06 07:31:12,205 - AdspyChromeMiddleware.py[line:58] - INFO: 第6次翻页...
2019-04-06 07:31:15,223 - AdspyChromeMiddleware.py[line:58] - INFO: 第7次翻页...
2019-04-06 07:31:18,332 - AdspyChromeMiddleware.py[line:58] - INFO: 第8次翻页...
2019-04-06 07:31:21,340 - AdspyChromeMiddleware.py[line:58] - INFO: 第9次翻页...
2019-04-06 07:31:24,348 - AdspyChromeMiddleware.py[line:58] - INFO: 第10次翻页...
2019-04-06 07:31:27,356 - AdspyChromeMiddleware.py[line:58] - INFO: 第11次翻页...
2019-04-06 07:31:30,364 - AdspyChromeMiddleware.py[line:58] - INFO: 第12次翻页...
2019-04-06 07:31:33,372 - AdspyChromeMiddleware.py[line:58] - INFO: 第13次翻页...
2019-04-06 07:31:36,390 - AdspyChromeMiddleware.py[line:58] - INFO: 第14次翻页...
2019-04-06 07:31:39,398 - AdspyChromeMiddleware.py[line:58] - INFO: 第15次翻页...
2019-04-06 07:31:42,404 - AdspyChromeMiddleware.py[line:58] - INFO: 第16次翻页...
2019-04-06 07:31:45,426 - AdspyChromeMiddleware.py[line:58] - INFO: 第17次翻页...
2019-04-06 07:31:48,433 - AdspyChromeMiddleware.py[line:58] - INFO: 第18次翻页...
2019-04-06 07:31:51,487 - AdspyChromeMiddleware.py[line:58] - INFO: 第19次翻页...
2019-04-06 07:31:54,510 - AdspyChromeMiddleware.py[line:58] - INFO: 第20次翻页...
2019-04-06 07:32:00,277 - AdspyRedisPipeline.py[line:26] - INFO: 解析到新链接： https://www.facebook.com/2269537823267679
2019-04-06 07:32:00,295 - AdspyRedisPipeline.py[line:26] - INFO: 解析到新链接： https://www.facebook.com/308127949852854
2019-04-06 07:32:00,317 - AdspyRedisPipeline.py[line:26] - INFO: 解析到新链接： https://www.facebook.com/354920958429021
2019-04-06 07:32:00,320 - AdspyRedisPipeline.py[line:26] - INFO: 解析到新链接： https://www.facebook.com/277414245636097
2019-04-06 07:32:00,467 - AdspySpider.py[line:104] - INFO: 登陆成功，解析完毕!
2019-04-06 13:40:42,067 - AdspySpider.py[line:59] - INFO: AdspySpider启动...
2019-04-06 13:40:48,542 - AdspyChromeMiddleware.py[line:51] - INFO: 8428792@qq.com: 登录成功！
2019-04-06 13:40:49,332 - AdspyChromeMiddleware.py[line:55] - INFO: 开始下拉翻页获取视频链接...
2019-04-06 13:40:52,334 - AdspyChromeMiddleware.py[line:58] - INFO: 第1次翻页...
2019-04-06 13:40:55,349 - AdspyChromeMiddleware.py[line:58] - INFO: 第2次翻页...
2019-04-06 13:40:58,357 - AdspyChromeMiddleware.py[line:58] - INFO: 第3次翻页...
2019-04-06 13:41:01,367 - AdspyChromeMiddleware.py[line:58] - INFO: 第4次翻页...
2019-04-06 13:41:04,402 - AdspyChromeMiddleware.py[line:58] - INFO: 第5次翻页...
2019-04-06 13:41:07,410 - AdspyChromeMiddleware.py[line:58] - INFO: 第6次翻页...
2019-04-06 13:41:10,418 - AdspyChromeMiddleware.py[line:58] - INFO: 第7次翻页...
2019-04-06 13:41:13,426 - AdspyChromeMiddleware.py[line:58] - INFO: 第8次翻页...
2019-04-06 13:41:16,435 - AdspyChromeMiddleware.py[line:58] - INFO: 第9次翻页...
2019-04-06 13:41:19,444 - AdspyChromeMiddleware.py[line:58] - INFO: 第10次翻页...
2019-04-06 13:41:22,452 - AdspyChromeMiddleware.py[line:58] - INFO: 第11次翻页...
2019-04-06 13:41:25,460 - AdspyChromeMiddleware.py[line:58] - INFO: 第12次翻页...
2019-04-06 13:41:28,484 - AdspyChromeMiddleware.py[line:58] - INFO: 第13次翻页...
2019-04-06 13:41:31,503 - AdspyChromeMiddleware.py[line:58] - INFO: 第14次翻页...
2019-04-06 13:41:34,513 - AdspyChromeMiddleware.py[line:58] - INFO: 第15次翻页...
2019-04-06 13:41:37,521 - AdspyChromeMiddleware.py[line:58] - INFO: 第16次翻页...
2019-04-06 13:41:40,545 - AdspyChromeMiddleware.py[line:58] - INFO: 第17次翻页...
2019-04-06 13:41:43,551 - AdspyChromeMiddleware.py[line:58] - INFO: 第18次翻页...
2019-04-06 13:41:46,570 - AdspyChromeMiddleware.py[line:58] - INFO: 第19次翻页...
2019-04-06 13:41:49,579 - AdspyChromeMiddleware.py[line:58] - INFO: 第20次翻页...
2019-04-06 13:41:55,101 - AdspyRedisPipeline.py[line:26] - INFO: 解析到新链接： https://www.facebook.com/485093734998892
2019-04-06 13:41:55,104 - AdspyRedisPipeline.py[line:26] - INFO: 解析到新链接： https://www.facebook.com/2060488000728787
2019-04-06 13:41:55,116 - AdspyRedisPipeline.py[line:26] - INFO: 解析到新链接： https://www.facebook.com/1624004384483283
2019-04-06 13:41:55,117 - AdspyRedisPipeline.py[line:26] - INFO: 解析到新链接： https://www.facebook.com/1533691106676079
2019-04-06 13:41:55,123 - AdspyRedisPipeline.py[line:26] - INFO: 解析到新链接： https://www.facebook.com/365065697424409
2019-04-06 13:41:55,132 - AdspyRedisPipeline.py[line:26] - INFO: 解析到新链接： https://www.facebook.com/322551718276442
2019-04-06 13:41:55,137 - AdspyRedisPipeline.py[line:26] - INFO: 解析到新链接： https://www.facebook.com/945280868848616
2019-04-06 13:41:55,219 - AdspySpider.py[line:104] - INFO: 登陆成功，解析完毕!
2019-04-06 19:50:47,006 - AdspySpider.py[line:59] - INFO: AdspySpider启动...
2019-04-06 19:50:52,422 - AdspyChromeMiddleware.py[line:51] - INFO: 8428792@qq.com: 登录成功！
2019-04-06 19:50:52,936 - AdspyChromeMiddleware.py[line:55] - INFO: 开始下拉翻页获取视频链接...
2019-04-06 19:50:55,939 - AdspyChromeMiddleware.py[line:58] - INFO: 第1次翻页...
2019-04-06 19:50:58,949 - AdspyChromeMiddleware.py[line:58] - INFO: 第2次翻页...
2019-04-06 19:51:01,965 - AdspyChromeMiddleware.py[line:58] - INFO: 第3次翻页...
2019-04-06 19:51:04,979 - AdspyChromeMiddleware.py[line:58] - INFO: 第4次翻页...
2019-04-06 19:51:07,986 - AdspyChromeMiddleware.py[line:58] - INFO: 第5次翻页...
2019-04-06 19:51:10,995 - AdspyChromeMiddleware.py[line:58] - INFO: 第6次翻页...
2019-04-06 19:51:14,009 - AdspyChromeMiddleware.py[line:58] - INFO: 第7次翻页...
2019-04-06 19:51:17,017 - AdspyChromeMiddleware.py[line:58] - INFO: 第8次翻页...
2019-04-06 19:51:20,026 - AdspyChromeMiddleware.py[line:58] - INFO: 第9次翻页...
2019-04-06 19:51:23,034 - AdspyChromeMiddleware.py[line:58] - INFO: 第10次翻页...
2019-04-06 19:51:26,041 - AdspyChromeMiddleware.py[line:58] - INFO: 第11次翻页...
2019-04-06 19:51:29,049 - AdspyChromeMiddleware.py[line:58] - INFO: 第12次翻页...
2019-04-06 19:51:32,059 - AdspyChromeMiddleware.py[line:58] - INFO: 第13次翻页...
2019-04-06 19:51:35,066 - AdspyChromeMiddleware.py[line:58] - INFO: 第14次翻页...
2019-04-06 19:51:38,074 - AdspyChromeMiddleware.py[line:58] - INFO: 第15次翻页...
2019-04-06 19:51:41,080 - AdspyChromeMiddleware.py[line:58] - INFO: 第16次翻页...
2019-04-06 19:51:44,095 - AdspyChromeMiddleware.py[line:58] - INFO: 第17次翻页...
2019-04-06 19:51:47,106 - AdspyChromeMiddleware.py[line:58] - INFO: 第18次翻页...
2019-04-06 19:51:50,131 - AdspyChromeMiddleware.py[line:58] - INFO: 第19次翻页...
2019-04-06 19:51:53,146 - AdspyChromeMiddleware.py[line:58] - INFO: 第20次翻页...
2019-04-06 19:51:58,690 - AdspyRedisPipeline.py[line:26] - INFO: 解析到新链接： https://www.facebook.com/485558432183468
2019-04-06 19:51:58,806 - AdspySpider.py[line:104] - INFO: 登陆成功，解析完毕!
