2019-04-06 00:02:39,843 - SaveVideoSpider.py[line:19] - INFO: 启动：saveVideoSpider(下载视频、音频和图片)
2019-04-06 00:02:41,019 - SaveVideoSpider.py[line:59] - INFO: 启动SaveVideoSpider，准备开始工作...
2019-04-06 00:02:41,336 - SaveVideoSpider.py[line:102] - INFO: 爬取失败: https://video-dfw5-1.xx.fbcdn.net/v/t42.1790-2/38074291_212733789396360_2495401914808664064_n.mp4?_nc_cat=102&efg=eyJ2ZW5jb2RlX3RhZyI6ImRhc2hfdjRhdWRpb2ZvcnNvdXJjZXBpcGVsaW5lXzEyOF9jcmZfMjNfbWFpbl8zLjBfZnJhZ18yX2F1ZGlvIn0%3D&_nc_ht=video-dfw5-1.xx&oh=50db66019f77a9a370859c4ee37d2170&oe=5C9EA4C3
2019-04-06 00:02:41,367 - SaveVideoSpider.py[line:102] - INFO: 爬取失败: https://video-den4-1.xx.fbcdn.net/v/t42.1790-2/38074291_212733789396360_2495401914808664064_n.mp4?_nc_cat=102&efg=eyJ2ZW5jb2RlX3RhZyI6ImRhc2hfdjRhdWRpb2ZvcnNvdXJjZXBpcGVsaW5lXzEyOF9jcmZfMjNfbWFpbl8zLjBfZnJhZ18yX2F1ZGlvIn0%3D&_nc_ht=video-den4-1.xx&oh=190980b9ebfb6b07fcdbfaa27dd2f82e&oe=5C9C01C3
2019-04-06 00:02:41,469 - SaveVideoSpider.py[line:102] - INFO: 爬取失败: https://video-lga3-1.xx.fbcdn.net/v/t42.1790-2/38074291_212733789396360_2495401914808664064_n.mp4?_nc_cat=102&efg=eyJ2ZW5jb2RlX3RhZyI6ImRhc2hfdjRhdWRpb2ZvcnNvdXJjZXBpcGVsaW5lXzEyOF9jcmZfMjNfbWFpbl8zLjBfZnJhZ18yX2F1ZGlvIn0%3D&_nc_ht=video-lga3-1.xx&oh=a33028b1c6ef36a9f667423825f621f9&oe=5CA2B563
2019-04-06 00:02:41,509 - SaveVideoSpider.py[line:102] - INFO: 爬取失败: https://video-dfw5-1.xx.fbcdn.net/v/t42.1790-2/38074291_212733789396360_2495401914808664064_n.mp4?_nc_cat=102&efg=eyJ2ZW5jb2RlX3RhZyI6ImRhc2hfdjRhdWRpb2ZvcnNvdXJjZXBpcGVsaW5lXzEyOF9jcmZfMjNfbWFpbl8zLjBfZnJhZ18yX2F1ZGlvIn0%3D&_nc_ht=video-dfw5-1.xx&oh=50db66019f77a9a370859c4ee37d2170&oe=5C9EA4C3
2019-04-06 00:02:42,147 - SaveVideoSpider.py[line:102] - INFO: 爬取失败: https://video-sin2-2.xx.fbcdn.net/v/t42.1790-2/38074291_212733789396360_2495401914808664064_n.mp4?_nc_cat=102&efg=eyJ2ZW5jb2RlX3RhZyI6ImRhc2hfdjRhdWRpb2ZvcnNvdXJjZXBpcGVsaW5lXzEyOF9jcmZfMjNfbWFpbl8zLjBfZnJhZ18yX2F1ZGlvIn0%3D&_nc_ht=video-sin2-2.xx&oh=b9e6faa13f17d635d22fc6406bd83859&oe=5C881113
2019-04-06 00:02:42,493 - SaveVideoSpider.py[line:102] - INFO: 爬取失败: https://video-sin2-2.xx.fbcdn.net/v/t42.1790-2/38074291_212733789396360_2495401914808664064_n.mp4?_nc_cat=102&efg=eyJ2ZW5jb2RlX3RhZyI6ImRhc2hfdjRhdWRpb2ZvcnNvdXJjZXBpcGVsaW5lXzEyOF9jcmZfMjNfbWFpbl8zLjBfZnJhZ18yX2F1ZGlvIn0%3D&_nc_ht=video-sin2-2.xx&oh=b9e6faa13f17d635d22fc6406bd83859&oe=5C881113
2019-04-06 00:23:04,391 - SaveVideoSpider.py[line:19] - INFO: 启动：saveVideoSpider(下载视频、音频和图片)
2019-04-06 00:23:05,584 - SaveVideoSpider.py[line:59] - INFO: 启动SaveVideoSpider，准备开始工作...
2019-04-06 01:45:58,070 - SaveVideoSpider.py[line:19] - INFO: 启动：saveVideoSpider(下载视频、音频和图片)
2019-04-06 01:45:59,251 - SaveVideoSpider.py[line:59] - INFO: 启动SaveVideoSpider，准备开始工作...
2019-04-06 06:30:53,404 - SaveVideoSpider.py[line:19] - INFO: 启动：saveVideoSpider(下载视频、音频和图片)
2019-04-06 06:30:54,580 - SaveVideoSpider.py[line:59] - INFO: 启动SaveVideoSpider，准备开始工作...
2019-04-06 07:53:16,195 - SaveVideoSpider.py[line:19] - INFO: 启动：saveVideoSpider(下载视频、音频和图片)
2019-04-06 07:53:17,382 - SaveVideoSpider.py[line:59] - INFO: 启动SaveVideoSpider，准备开始工作...
2019-04-06 12:38:15,403 - SaveVideoSpider.py[line:19] - INFO: 启动：saveVideoSpider(下载视频、音频和图片)
2019-04-06 12:38:16,587 - SaveVideoSpider.py[line:59] - INFO: 启动SaveVideoSpider，准备开始工作...
2019-04-06 14:00:48,017 - SaveVideoSpider.py[line:19] - INFO: 启动：saveVideoSpider(下载视频、音频和图片)
2019-04-06 14:00:49,186 - SaveVideoSpider.py[line:59] - INFO: 启动SaveVideoSpider，准备开始工作...
2019-04-06 18:45:34,875 - SaveVideoSpider.py[line:19] - INFO: 启动：saveVideoSpider(下载视频、音频和图片)
2019-04-06 18:45:36,052 - SaveVideoSpider.py[line:59] - INFO: 启动SaveVideoSpider，准备开始工作...
2019-04-06 20:08:10,304 - SaveVideoSpider.py[line:19] - INFO: 启动：saveVideoSpider(下载视频、音频和图片)
2019-04-06 20:08:11,480 - SaveVideoSpider.py[line:59] - INFO: 启动SaveVideoSpider，准备开始工作...
