2019-04-15 02:54:14,511 - SaveVideoSpider.py[line:19] - INFO: 启动：saveVideoSpider(下载视频、音频和图片)
2019-04-15 02:54:15,682 - SaveVideoSpider.py[line:59] - INFO: 启动SaveVideoSpider，准备开始工作...
2019-04-15 02:54:16,053 - SaveVideoSpider.py[line:102] - INFO: 爬取失败: https://video-dfw5-1.xx.fbcdn.net/v/t42.1790-2/38074291_212733789396360_2495401914808664064_n.mp4?_nc_cat=102&efg=eyJ2ZW5jb2RlX3RhZyI6ImRhc2hfdjRhdWRpb2ZvcnNvdXJjZXBpcGVsaW5lXzEyOF9jcmZfMjNfbWFpbl8zLjBfZnJhZ18yX2F1ZGlvIn0%3D&_nc_ht=video-dfw5-1.xx&oh=50db66019f77a9a370859c4ee37d2170&oe=5C9EA4C3
2019-04-15 02:54:16,085 - SaveVideoSpider.py[line:102] - INFO: 爬取失败: https://video-den4-1.xx.fbcdn.net/v/t42.1790-2/38074291_212733789396360_2495401914808664064_n.mp4?_nc_cat=102&efg=eyJ2ZW5jb2RlX3RhZyI6ImRhc2hfdjRhdWRpb2ZvcnNvdXJjZXBpcGVsaW5lXzEyOF9jcmZfMjNfbWFpbl8zLjBfZnJhZ18yX2F1ZGlvIn0%3D&_nc_ht=video-den4-1.xx&oh=190980b9ebfb6b07fcdbfaa27dd2f82e&oe=5C9C01C3
2019-04-15 02:54:16,149 - SaveVideoSpider.py[line:102] - INFO: 爬取失败: https://video-lga3-1.xx.fbcdn.net/v/t42.1790-2/38074291_212733789396360_2495401914808664064_n.mp4?_nc_cat=102&efg=eyJ2ZW5jb2RlX3RhZyI6ImRhc2hfdjRhdWRpb2ZvcnNvdXJjZXBpcGVsaW5lXzEyOF9jcmZfMjNfbWFpbl8zLjBfZnJhZ18yX2F1ZGlvIn0%3D&_nc_ht=video-lga3-1.xx&oh=a33028b1c6ef36a9f667423825f621f9&oe=5CA2B563
2019-04-15 02:54:16,865 - SaveVideoSpider.py[line:102] - INFO: 爬取失败: https://video-sin2-2.xx.fbcdn.net/v/t42.1790-2/38074291_212733789396360_2495401914808664064_n.mp4?_nc_cat=102&efg=eyJ2ZW5jb2RlX3RhZyI6ImRhc2hfdjRhdWRpb2ZvcnNvdXJjZXBpcGVsaW5lXzEyOF9jcmZfMjNfbWFpbl8zLjBfZnJhZ18yX2F1ZGlvIn0%3D&_nc_ht=video-sin2-2.xx&oh=b9e6faa13f17d635d22fc6406bd83859&oe=5C881113
2019-04-15 02:54:21,727 - SaveVideoSpider.py[line:102] - INFO: 爬取失败: https://video-sin2-2.xx.fbcdn.net/v/t42.1790-2/38074291_212733789396360_2495401914808664064_n.mp4?_nc_cat=102&efg=eyJ2ZW5jb2RlX3RhZyI6ImRhc2hfdjRhdWRpb2ZvcnNvdXJjZXBpcGVsaW5lXzEyOF9jcmZfMjNfbWFpbl8zLjBfZnJhZ18yX2F1ZGlvIn0%3D&_nc_ht=video-sin2-2.xx&oh=b9e6faa13f17d635d22fc6406bd83859&oe=5C881113
2019-04-15 02:54:22,525 - SaveVideoSpider.py[line:102] - INFO: 爬取失败: https://video-dfw5-1.xx.fbcdn.net/v/t42.1790-2/38074291_212733789396360_2495401914808664064_n.mp4?_nc_cat=102&efg=eyJ2ZW5jb2RlX3RhZyI6ImRhc2hfdjRhdWRpb2ZvcnNvdXJjZXBpcGVsaW5lXzEyOF9jcmZfMjNfbWFpbl8zLjBfZnJhZ18yX2F1ZGlvIn0%3D&_nc_ht=video-dfw5-1.xx&oh=50db66019f77a9a370859c4ee37d2170&oe=5C9EA4C3
2019-04-15 03:21:46,020 - SaveVideoSpider.py[line:59] - INFO: 启动SaveVideoSpider，准备开始工作...
2019-04-15 03:23:11,867 - SaveVideoSpider.py[line:59] - INFO: 启动SaveVideoSpider，准备开始工作...
2019-04-15 03:25:57,161 - SaveVideoSpider.py[line:59] - INFO: 启动SaveVideoSpider，准备开始工作...
2019-04-15 03:40:30,842 - SaveVideoSpider.py[line:59] - INFO: 启动SaveVideoSpider，准备开始工作...
2019-04-15 04:15:56,017 - SaveVideoSpider.py[line:19] - INFO: 启动：saveVideoSpider(下载视频、音频和图片)
2019-04-15 04:15:57,213 - SaveVideoSpider.py[line:59] - INFO: 启动SaveVideoSpider，准备开始工作...
2019-04-15 04:15:57,520 - SaveVideoSpider.py[line:102] - INFO: 爬取失败: https://video-den4-1.xx.fbcdn.net/v/t42.1790-2/38074291_212733789396360_2495401914808664064_n.mp4?_nc_cat=102&efg=eyJ2ZW5jb2RlX3RhZyI6ImRhc2hfdjRhdWRpb2ZvcnNvdXJjZXBpcGVsaW5lXzEyOF9jcmZfMjNfbWFpbl8zLjBfZnJhZ18yX2F1ZGlvIn0%3D&_nc_ht=video-den4-1.xx&oh=190980b9ebfb6b07fcdbfaa27dd2f82e&oe=5C9C01C3
2019-04-15 04:15:57,552 - SaveVideoSpider.py[line:102] - INFO: 爬取失败: https://video-dfw5-1.xx.fbcdn.net/v/t42.1790-2/38074291_212733789396360_2495401914808664064_n.mp4?_nc_cat=102&efg=eyJ2ZW5jb2RlX3RhZyI6ImRhc2hfdjRhdWRpb2ZvcnNvdXJjZXBpcGVsaW5lXzEyOF9jcmZfMjNfbWFpbl8zLjBfZnJhZ18yX2F1ZGlvIn0%3D&_nc_ht=video-dfw5-1.xx&oh=50db66019f77a9a370859c4ee37d2170&oe=5C9EA4C3
2019-04-15 04:15:57,671 - SaveVideoSpider.py[line:102] - INFO: 爬取失败: https://video-lga3-1.xx.fbcdn.net/v/t42.1790-2/38074291_212733789396360_2495401914808664064_n.mp4?_nc_cat=102&efg=eyJ2ZW5jb2RlX3RhZyI6ImRhc2hfdjRhdWRpb2ZvcnNvdXJjZXBpcGVsaW5lXzEyOF9jcmZfMjNfbWFpbl8zLjBfZnJhZ18yX2F1ZGlvIn0%3D&_nc_ht=video-lga3-1.xx&oh=a33028b1c6ef36a9f667423825f621f9&oe=5CA2B563
2019-04-15 04:15:58,365 - SaveVideoSpider.py[line:102] - INFO: 爬取失败: https://video-sin2-2.xx.fbcdn.net/v/t42.1790-2/38074291_212733789396360_2495401914808664064_n.mp4?_nc_cat=102&efg=eyJ2ZW5jb2RlX3RhZyI6ImRhc2hfdjRhdWRpb2ZvcnNvdXJjZXBpcGVsaW5lXzEyOF9jcmZfMjNfbWFpbl8zLjBfZnJhZ18yX2F1ZGlvIn0%3D&_nc_ht=video-sin2-2.xx&oh=b9e6faa13f17d635d22fc6406bd83859&oe=5C881113
2019-04-15 04:16:02,985 - SaveVideoSpider.py[line:102] - INFO: 爬取失败: https://video-dfw5-1.xx.fbcdn.net/v/t42.1790-2/38074291_212733789396360_2495401914808664064_n.mp4?_nc_cat=102&efg=eyJ2ZW5jb2RlX3RhZyI6ImRhc2hfdjRhdWRpb2ZvcnNvdXJjZXBpcGVsaW5lXzEyOF9jcmZfMjNfbWFpbl8zLjBfZnJhZ18yX2F1ZGlvIn0%3D&_nc_ht=video-dfw5-1.xx&oh=50db66019f77a9a370859c4ee37d2170&oe=5C9EA4C3
2019-04-15 04:16:06,888 - SaveVideoSpider.py[line:102] - INFO: 爬取失败: https://video-sin2-2.xx.fbcdn.net/v/t42.1790-2/38074291_212733789396360_2495401914808664064_n.mp4?_nc_cat=102&efg=eyJ2ZW5jb2RlX3RhZyI6ImRhc2hfdjRhdWRpb2ZvcnNvdXJjZXBpcGVsaW5lXzEyOF9jcmZfMjNfbWFpbl8zLjBfZnJhZ18yX2F1ZGlvIn0%3D&_nc_ht=video-sin2-2.xx&oh=b9e6faa13f17d635d22fc6406bd83859&oe=5C881113
