2019-04-02 04:47:50,721 - AdspySpider.py[line:59] - INFO: AdspySpider启动...
2019-04-02 04:47:55,788 - AdspyChromeMiddleware.py[line:51] - INFO: 8428792@qq.com: 登录成功！
2019-04-02 04:47:56,543 - AdspyChromeMiddleware.py[line:55] - INFO: 开始下拉翻页获取视频链接...
2019-04-02 04:47:59,546 - AdspyChromeMiddleware.py[line:58] - INFO: 第1次翻页...
2019-04-02 04:48:02,555 - AdspyChromeMiddleware.py[line:58] - INFO: 第2次翻页...
2019-04-02 04:48:05,568 - AdspyChromeMiddleware.py[line:58] - INFO: 第3次翻页...
2019-04-02 04:48:08,579 - AdspyChromeMiddleware.py[line:58] - INFO: 第4次翻页...
2019-04-02 04:48:11,591 - AdspyChromeMiddleware.py[line:58] - INFO: 第5次翻页...
2019-04-02 04:48:14,600 - AdspyChromeMiddleware.py[line:58] - INFO: 第6次翻页...
2019-04-02 04:48:17,608 - AdspyChromeMiddleware.py[line:58] - INFO: 第7次翻页...
2019-04-02 04:48:20,626 - AdspyChromeMiddleware.py[line:58] - INFO: 第8次翻页...
2019-04-02 04:48:23,635 - AdspyChromeMiddleware.py[line:58] - INFO: 第9次翻页...
2019-04-02 04:48:26,641 - AdspyChromeMiddleware.py[line:58] - INFO: 第10次翻页...
2019-04-02 04:48:29,667 - AdspyChromeMiddleware.py[line:58] - INFO: 第11次翻页...
2019-04-02 04:48:32,674 - AdspyChromeMiddleware.py[line:58] - INFO: 第12次翻页...
2019-04-02 04:48:35,687 - AdspyChromeMiddleware.py[line:58] - INFO: 第13次翻页...
2019-04-02 04:48:38,698 - AdspyChromeMiddleware.py[line:58] - INFO: 第14次翻页...
2019-04-02 04:48:41,704 - AdspyChromeMiddleware.py[line:58] - INFO: 第15次翻页...
2019-04-02 04:48:44,732 - AdspyChromeMiddleware.py[line:58] - INFO: 第16次翻页...
2019-04-02 04:48:47,758 - AdspyChromeMiddleware.py[line:58] - INFO: 第17次翻页...
2019-04-02 04:48:50,765 - AdspyChromeMiddleware.py[line:58] - INFO: 第18次翻页...
2019-04-02 04:48:53,778 - AdspyChromeMiddleware.py[line:58] - INFO: 第19次翻页...
2019-04-02 04:48:56,788 - AdspyChromeMiddleware.py[line:58] - INFO: 第20次翻页...
2019-04-02 04:49:02,311 - AdspyRedisPipeline.py[line:26] - INFO: 解析到新链接： https://www.facebook.com/756615608044004
2019-04-02 04:49:02,312 - AdspyRedisPipeline.py[line:26] - INFO: 解析到新链接： https://www.facebook.com/1859617107640244
2019-04-02 04:49:02,314 - AdspyRedisPipeline.py[line:26] - INFO: 解析到新链接： https://www.facebook.com/356453258468229
2019-04-02 04:49:02,315 - AdspyRedisPipeline.py[line:26] - INFO: 解析到新链接： https://www.facebook.com/725848477520291
2019-04-02 04:49:02,316 - AdspyRedisPipeline.py[line:26] - INFO: 解析到新链接： https://www.facebook.com/278863769462706
2019-04-02 04:49:02,316 - AdspyRedisPipeline.py[line:26] - INFO: 解析到新链接： https://www.facebook.com/1210259099128537
2019-04-02 04:49:02,322 - AdspyRedisPipeline.py[line:26] - INFO: 解析到新链接： https://www.facebook.com/254680905411584
2019-04-02 04:49:02,322 - AdspyRedisPipeline.py[line:26] - INFO: 解析到新链接： https://www.facebook.com/2132053603556395
2019-04-02 04:49:02,325 - AdspyRedisPipeline.py[line:26] - INFO: 解析到新链接： https://www.facebook.com/814445195350059
2019-04-02 04:49:02,331 - AdspyRedisPipeline.py[line:26] - INFO: 解析到新链接： https://www.facebook.com/1097623287086136
2019-04-02 04:49:02,333 - AdspyRedisPipeline.py[line:26] - INFO: 解析到新链接： https://www.facebook.com/291829801738081
2019-04-02 04:49:02,336 - AdspyRedisPipeline.py[line:26] - INFO: 解析到新链接： https://www.facebook.com/274396449619694
2019-04-02 04:49:02,337 - AdspyRedisPipeline.py[line:26] - INFO: 解析到新链接： https://www.facebook.com/197941400814319
2019-04-02 04:49:02,343 - AdspyRedisPipeline.py[line:26] - INFO: 解析到新链接： https://www.facebook.com/933422223403423
2019-04-02 04:49:02,346 - AdspyRedisPipeline.py[line:26] - INFO: 解析到新链接： https://www.facebook.com/788409304869459
2019-04-02 04:49:02,347 - AdspyRedisPipeline.py[line:26] - INFO: 解析到新链接： https://www.facebook.com/639513183174961
2019-04-02 04:49:02,350 - AdspyRedisPipeline.py[line:26] - INFO: 解析到新链接： https://www.facebook.com/901216890040274
2019-04-02 04:49:02,351 - AdspyRedisPipeline.py[line:26] - INFO: 解析到新链接： https://www.facebook.com/169292057096593
2019-04-02 04:49:02,352 - AdspyRedisPipeline.py[line:26] - INFO: 解析到新链接： https://www.facebook.com/2120278928087151
2019-04-02 04:49:02,353 - AdspyRedisPipeline.py[line:26] - INFO: 解析到新链接： https://www.facebook.com/681682222276091
2019-04-02 04:49:02,356 - AdspyRedisPipeline.py[line:26] - INFO: 解析到新链接： https://www.facebook.com/562686040893334
2019-04-02 04:49:02,360 - AdspyRedisPipeline.py[line:26] - INFO: 解析到新链接： https://www.facebook.com/175876453138243
2019-04-02 04:49:02,372 - AdspyRedisPipeline.py[line:26] - INFO: 解析到新链接： https://www.facebook.com/2132099753769244
2019-04-02 04:49:02,375 - AdspyRedisPipeline.py[line:26] - INFO: 解析到新链接： https://www.facebook.com/302637500375945
2019-04-02 04:49:02,435 - AdspySpider.py[line:104] - INFO: 登陆成功，解析完毕!
2019-04-02 10:59:23,796 - AdspySpider.py[line:59] - INFO: AdspySpider启动...
2019-04-02 10:59:37,579 - AdspyChromeMiddleware.py[line:64] - INFO: 8428792@qq.com : 等待超时！
2019-04-02 10:59:37,683 - AdspySpider.py[line:106] - INFO: 登录失败！
2019-04-02 17:10:30,320 - AdspySpider.py[line:59] - INFO: AdspySpider启动...
2019-04-02 17:10:44,802 - AdspyChromeMiddleware.py[line:64] - INFO: 8428792@qq.com : 等待超时！
2019-04-02 17:10:44,909 - AdspySpider.py[line:106] - INFO: 登录失败！
2019-04-02 23:23:03,626 - AdspySpider.py[line:59] - INFO: AdspySpider启动...
2019-04-02 23:23:17,275 - AdspyChromeMiddleware.py[line:64] - INFO: 8428792@qq.com : 等待超时！
2019-04-02 23:23:17,380 - AdspySpider.py[line:106] - INFO: 登录失败！
