2019-04-11 05:34:36,938 - AdspySpider.py[line:59] - INFO: AdspySpider启动...
2019-04-11 05:34:43,325 - AdspyChromeMiddleware.py[line:51] - INFO: 8428792@qq.com: 登录成功！
2019-04-11 05:34:43,856 - AdspyChromeMiddleware.py[line:55] - INFO: 开始下拉翻页获取视频链接...
2019-04-11 05:34:46,859 - AdspyChromeMiddleware.py[line:58] - INFO: 第1次翻页...
2019-04-11 05:34:49,868 - AdspyChromeMiddleware.py[line:58] - INFO: 第2次翻页...
2019-04-11 05:34:52,876 - AdspyChromeMiddleware.py[line:58] - INFO: 第3次翻页...
2019-04-11 05:34:55,895 - AdspyChromeMiddleware.py[line:58] - INFO: 第4次翻页...
2019-04-11 05:34:58,902 - AdspyChromeMiddleware.py[line:58] - INFO: 第5次翻页...
2019-04-11 05:35:01,908 - AdspyChromeMiddleware.py[line:58] - INFO: 第6次翻页...
2019-04-11 05:35:04,920 - AdspyChromeMiddleware.py[line:58] - INFO: 第7次翻页...
2019-04-11 05:35:07,929 - AdspyChromeMiddleware.py[line:58] - INFO: 第8次翻页...
2019-04-11 05:35:10,935 - AdspyChromeMiddleware.py[line:58] - INFO: 第9次翻页...
2019-04-11 05:35:13,955 - AdspyChromeMiddleware.py[line:58] - INFO: 第10次翻页...
2019-04-11 05:35:16,963 - AdspyChromeMiddleware.py[line:58] - INFO: 第11次翻页...
2019-04-11 05:35:19,973 - AdspyChromeMiddleware.py[line:58] - INFO: 第12次翻页...
2019-04-11 05:35:22,982 - AdspyChromeMiddleware.py[line:58] - INFO: 第13次翻页...
2019-04-11 05:35:25,990 - AdspyChromeMiddleware.py[line:58] - INFO: 第14次翻页...
2019-04-11 05:35:28,997 - AdspyChromeMiddleware.py[line:58] - INFO: 第15次翻页...
2019-04-11 05:35:32,012 - AdspyChromeMiddleware.py[line:58] - INFO: 第16次翻页...
2019-04-11 05:35:35,022 - AdspyChromeMiddleware.py[line:58] - INFO: 第17次翻页...
2019-04-11 05:35:38,029 - AdspyChromeMiddleware.py[line:58] - INFO: 第18次翻页...
2019-04-11 05:35:41,060 - AdspyChromeMiddleware.py[line:58] - INFO: 第19次翻页...
2019-04-11 05:35:44,085 - AdspyChromeMiddleware.py[line:58] - INFO: 第20次翻页...
2019-04-11 05:35:49,694 - AdspyRedisPipeline.py[line:26] - INFO: 解析到新链接： https://www.facebook.com/2187000401338632
2019-04-11 05:35:49,780 - AdspySpider.py[line:104] - INFO: 登陆成功，解析完毕!
2019-04-11 11:48:04,673 - AdspySpider.py[line:59] - INFO: AdspySpider启动...
2019-04-11 11:48:10,409 - AdspyChromeMiddleware.py[line:51] - INFO: 8428792@qq.com: 登录成功！
2019-04-11 11:48:11,365 - AdspyChromeMiddleware.py[line:55] - INFO: 开始下拉翻页获取视频链接...
2019-04-11 11:48:14,367 - AdspyChromeMiddleware.py[line:58] - INFO: 第1次翻页...
2019-04-11 11:48:17,376 - AdspyChromeMiddleware.py[line:58] - INFO: 第2次翻页...
2019-04-11 11:48:20,384 - AdspyChromeMiddleware.py[line:58] - INFO: 第3次翻页...
2019-04-11 11:48:23,391 - AdspyChromeMiddleware.py[line:58] - INFO: 第4次翻页...
2019-04-11 11:48:26,410 - AdspyChromeMiddleware.py[line:58] - INFO: 第5次翻页...
2019-04-11 11:48:29,422 - AdspyChromeMiddleware.py[line:58] - INFO: 第6次翻页...
2019-04-11 11:48:32,430 - AdspyChromeMiddleware.py[line:58] - INFO: 第7次翻页...
2019-04-11 11:48:35,443 - AdspyChromeMiddleware.py[line:58] - INFO: 第8次翻页...
2019-04-11 11:48:38,455 - AdspyChromeMiddleware.py[line:58] - INFO: 第9次翻页...
2019-04-11 11:48:41,479 - AdspyChromeMiddleware.py[line:58] - INFO: 第10次翻页...
2019-04-11 11:48:44,501 - AdspyChromeMiddleware.py[line:58] - INFO: 第11次翻页...
2019-04-11 11:48:47,521 - AdspyChromeMiddleware.py[line:58] - INFO: 第12次翻页...
2019-04-11 11:48:50,529 - AdspyChromeMiddleware.py[line:58] - INFO: 第13次翻页...
2019-04-11 11:48:53,539 - AdspyChromeMiddleware.py[line:58] - INFO: 第14次翻页...
2019-04-11 11:48:56,545 - AdspyChromeMiddleware.py[line:58] - INFO: 第15次翻页...
2019-04-11 11:48:59,553 - AdspyChromeMiddleware.py[line:58] - INFO: 第16次翻页...
2019-04-11 11:49:02,563 - AdspyChromeMiddleware.py[line:58] - INFO: 第17次翻页...
2019-04-11 11:49:05,569 - AdspyChromeMiddleware.py[line:58] - INFO: 第18次翻页...
2019-04-11 11:49:08,584 - AdspyChromeMiddleware.py[line:58] - INFO: 第19次翻页...
2019-04-11 11:49:11,608 - AdspyChromeMiddleware.py[line:58] - INFO: 第20次翻页...
2019-04-11 11:49:17,170 - AdspyRedisPipeline.py[line:26] - INFO: 解析到新链接： https://www.facebook.com/183869772601
2019-04-11 11:49:17,171 - AdspyRedisPipeline.py[line:26] - INFO: 解析到新链接： https://www.facebook.com/488679981660485
2019-04-11 11:49:17,173 - AdspyRedisPipeline.py[line:26] - INFO: 解析到新链接： https://www.facebook.com/186633208167878
2019-04-11 11:49:17,174 - AdspyRedisPipeline.py[line:26] - INFO: 解析到新链接： https://www.facebook.com/1799284470288827
2019-04-11 11:49:17,175 - AdspyRedisPipeline.py[line:26] - INFO: 解析到新链接： https://www.facebook.com/2379411849012203
2019-04-11 11:49:17,176 - AdspyRedisPipeline.py[line:26] - INFO: 解析到新链接： https://www.facebook.com/2141198872667894
2019-04-11 11:49:17,177 - AdspyRedisPipeline.py[line:26] - INFO: 解析到新链接： https://www.facebook.com/308697436139582
2019-04-11 11:49:17,178 - AdspyRedisPipeline.py[line:26] - INFO: 解析到新链接： https://www.facebook.com/2132841913699457
2019-04-11 11:49:17,179 - AdspyRedisPipeline.py[line:26] - INFO: 解析到新链接： https://www.facebook.com/218287291668218
2019-04-11 11:49:17,180 - AdspyRedisPipeline.py[line:26] - INFO: 解析到新链接： https://www.facebook.com/108212739252798
2019-04-11 11:49:17,181 - AdspyRedisPipeline.py[line:26] - INFO: 解析到新链接： https://www.facebook.com/2706471909626604
2019-04-11 11:49:17,182 - AdspyRedisPipeline.py[line:26] - INFO: 解析到新链接： https://www.facebook.com/258650505008300
2019-04-11 11:49:17,189 - AdspyRedisPipeline.py[line:26] - INFO: 解析到新链接： https://www.facebook.com/332622510725873
2019-04-11 11:49:17,193 - AdspyRedisPipeline.py[line:26] - INFO: 解析到新链接： https://www.facebook.com/1637562676556413
2019-04-11 11:49:17,194 - AdspyRedisPipeline.py[line:26] - INFO: 解析到新链接： https://www.facebook.com/1733963006816380
2019-04-11 11:49:17,196 - AdspyRedisPipeline.py[line:26] - INFO: 解析到新链接： https://www.facebook.com/486562191876326
2019-04-11 11:49:17,199 - AdspyRedisPipeline.py[line:26] - INFO: 解析到新链接： https://www.facebook.com/597779140654716
2019-04-11 11:49:17,208 - AdspyRedisPipeline.py[line:26] - INFO: 解析到新链接： https://www.facebook.com/574001866352842
2019-04-11 11:49:17,208 - AdspyRedisPipeline.py[line:26] - INFO: 解析到新链接： https://www.facebook.com/1382468998467369
2019-04-11 11:49:17,210 - AdspyRedisPipeline.py[line:26] - INFO: 解析到新链接： https://www.facebook.com/352143518938572
2019-04-11 11:49:17,210 - AdspyRedisPipeline.py[line:26] - INFO: 解析到新链接： https://www.facebook.com/2095456510667357
2019-04-11 11:49:17,215 - AdspyRedisPipeline.py[line:26] - INFO: 解析到新链接： https://www.facebook.com/2205924209623746
2019-04-11 11:49:17,219 - AdspyRedisPipeline.py[line:26] - INFO: 解析到新链接： https://www.facebook.com/306177236743845
2019-04-11 11:49:17,219 - AdspyRedisPipeline.py[line:26] - INFO: 解析到新链接： https://www.facebook.com/385769302187957
2019-04-11 11:49:17,223 - AdspyRedisPipeline.py[line:26] - INFO: 解析到新链接： https://www.facebook.com/754250964959784
2019-04-11 11:49:17,230 - AdspyRedisPipeline.py[line:26] - INFO: 解析到新链接： https://www.facebook.com/639721849777760
2019-04-11 11:49:17,237 - AdspyRedisPipeline.py[line:26] - INFO: 解析到新链接： https://www.facebook.com/463484487405916
2019-04-11 11:49:17,302 - AdspySpider.py[line:104] - INFO: 登陆成功，解析完毕!
2019-04-11 18:02:24,842 - AdspySpider.py[line:59] - INFO: AdspySpider启动...
2019-04-11 18:02:31,428 - AdspyChromeMiddleware.py[line:51] - INFO: 8428792@qq.com: 登录成功！
2019-04-11 18:02:32,480 - AdspyChromeMiddleware.py[line:55] - INFO: 开始下拉翻页获取视频链接...
2019-04-11 18:02:35,483 - AdspyChromeMiddleware.py[line:58] - INFO: 第1次翻页...
2019-04-11 18:02:38,492 - AdspyChromeMiddleware.py[line:58] - INFO: 第2次翻页...
2019-04-11 18:02:41,506 - AdspyChromeMiddleware.py[line:58] - INFO: 第3次翻页...
2019-04-11 18:02:44,518 - AdspyChromeMiddleware.py[line:58] - INFO: 第4次翻页...
2019-04-11 18:02:47,523 - AdspyChromeMiddleware.py[line:58] - INFO: 第5次翻页...
2019-04-11 18:02:50,536 - AdspyChromeMiddleware.py[line:58] - INFO: 第6次翻页...
2019-04-11 18:02:53,544 - AdspyChromeMiddleware.py[line:58] - INFO: 第7次翻页...
2019-04-11 18:02:56,552 - AdspyChromeMiddleware.py[line:58] - INFO: 第8次翻页...
2019-04-11 18:02:59,561 - AdspyChromeMiddleware.py[line:58] - INFO: 第9次翻页...
2019-04-11 18:03:02,568 - AdspyChromeMiddleware.py[line:58] - INFO: 第10次翻页...
2019-04-11 18:03:05,576 - AdspyChromeMiddleware.py[line:58] - INFO: 第11次翻页...
2019-04-11 18:03:08,595 - AdspyChromeMiddleware.py[line:58] - INFO: 第12次翻页...
2019-04-11 18:03:11,605 - AdspyChromeMiddleware.py[line:58] - INFO: 第13次翻页...
2019-04-11 18:03:14,611 - AdspyChromeMiddleware.py[line:58] - INFO: 第14次翻页...
2019-04-11 18:03:17,616 - AdspyChromeMiddleware.py[line:58] - INFO: 第15次翻页...
2019-04-11 18:03:20,626 - AdspyChromeMiddleware.py[line:58] - INFO: 第16次翻页...
2019-04-11 18:03:23,635 - AdspyChromeMiddleware.py[line:58] - INFO: 第17次翻页...
2019-04-11 18:03:26,642 - AdspyChromeMiddleware.py[line:58] - INFO: 第18次翻页...
2019-04-11 18:03:29,648 - AdspyChromeMiddleware.py[line:58] - INFO: 第19次翻页...
2019-04-11 18:03:32,677 - AdspyChromeMiddleware.py[line:58] - INFO: 第20次翻页...
2019-04-11 18:03:38,294 - AdspyRedisPipeline.py[line:26] - INFO: 解析到新链接： https://www.facebook.com/249943402547392
2019-04-11 18:03:38,384 - AdspySpider.py[line:104] - INFO: 登陆成功，解析完毕!
