2019-04-05 00:46:56,408 - AdspySpider.py[line:59] - INFO: AdspySpider启动...
2019-04-05 00:47:02,335 - AdspyChromeMiddleware.py[line:51] - INFO: 8428792@qq.com: 登录成功！
2019-04-05 00:47:03,126 - AdspyChromeMiddleware.py[line:55] - INFO: 开始下拉翻页获取视频链接...
2019-04-05 00:47:06,129 - AdspyChromeMiddleware.py[line:58] - INFO: 第1次翻页...
2019-04-05 00:47:09,164 - AdspyChromeMiddleware.py[line:58] - INFO: 第2次翻页...
2019-04-05 00:47:12,179 - AdspyChromeMiddleware.py[line:58] - INFO: 第3次翻页...
2019-04-05 00:47:15,188 - AdspyChromeMiddleware.py[line:58] - INFO: 第4次翻页...
2019-04-05 00:47:18,197 - AdspyChromeMiddleware.py[line:58] - INFO: 第5次翻页...
2019-04-05 00:47:21,212 - AdspyChromeMiddleware.py[line:58] - INFO: 第6次翻页...
2019-04-05 00:47:24,219 - AdspyChromeMiddleware.py[line:58] - INFO: 第7次翻页...
2019-04-05 00:47:27,231 - AdspyChromeMiddleware.py[line:58] - INFO: 第8次翻页...
2019-04-05 00:47:30,239 - AdspyChromeMiddleware.py[line:58] - INFO: 第9次翻页...
2019-04-05 00:47:33,247 - AdspyChromeMiddleware.py[line:58] - INFO: 第10次翻页...
2019-04-05 00:47:36,265 - AdspyChromeMiddleware.py[line:58] - INFO: 第11次翻页...
2019-04-05 00:47:39,273 - AdspyChromeMiddleware.py[line:58] - INFO: 第12次翻页...
2019-04-05 00:47:42,299 - AdspyChromeMiddleware.py[line:58] - INFO: 第13次翻页...
2019-04-05 00:47:45,319 - AdspyChromeMiddleware.py[line:58] - INFO: 第14次翻页...
2019-04-05 00:47:48,350 - AdspyChromeMiddleware.py[line:58] - INFO: 第15次翻页...
2019-04-05 00:47:51,403 - AdspyChromeMiddleware.py[line:58] - INFO: 第16次翻页...
2019-04-05 00:47:54,412 - AdspyChromeMiddleware.py[line:58] - INFO: 第17次翻页...
2019-04-05 00:47:57,420 - AdspyChromeMiddleware.py[line:58] - INFO: 第18次翻页...
2019-04-05 00:48:00,430 - AdspyChromeMiddleware.py[line:58] - INFO: 第19次翻页...
2019-04-05 00:48:03,450 - AdspyChromeMiddleware.py[line:58] - INFO: 第20次翻页...
2019-04-05 00:48:09,177 - AdspyRedisPipeline.py[line:26] - INFO: 解析到新链接： https://www.facebook.com/379571212874542
2019-04-05 00:48:09,179 - AdspyRedisPipeline.py[line:26] - INFO: 解析到新链接： https://www.facebook.com/416535652471698
2019-04-05 00:48:09,184 - AdspyRedisPipeline.py[line:26] - INFO: 解析到新链接： https://www.facebook.com/127231444568
2019-04-05 00:48:09,189 - AdspyRedisPipeline.py[line:26] - INFO: 解析到新链接： https://www.facebook.com/848769125163565
2019-04-05 00:48:09,190 - AdspyRedisPipeline.py[line:26] - INFO: 解析到新链接： https://www.facebook.com/222178755349174
2019-04-05 00:48:09,196 - AdspyRedisPipeline.py[line:26] - INFO: 解析到新链接： https://www.facebook.com/330232410501881
2019-04-05 00:48:09,202 - AdspyRedisPipeline.py[line:26] - INFO: 解析到新链接： https://www.facebook.com/370449297140509
2019-04-05 00:48:09,220 - AdspyRedisPipeline.py[line:26] - INFO: 解析到新链接： https://www.facebook.com/142978843269454
2019-04-05 00:48:09,225 - AdspyRedisPipeline.py[line:26] - INFO: 解析到新链接： https://www.facebook.com/398694880708685
2019-04-05 00:48:09,226 - AdspyRedisPipeline.py[line:26] - INFO: 解析到新链接： https://www.facebook.com/386350168833753
2019-04-05 00:48:09,230 - AdspyRedisPipeline.py[line:26] - INFO: 解析到新链接： https://www.facebook.com/566020403885744
2019-04-05 00:48:09,231 - AdspyRedisPipeline.py[line:26] - INFO: 解析到新链接： https://www.facebook.com/346352576220716
2019-04-05 00:48:09,232 - AdspyRedisPipeline.py[line:26] - INFO: 解析到新链接： https://www.facebook.com/218589171925
2019-04-05 00:48:09,236 - AdspyRedisPipeline.py[line:26] - INFO: 解析到新链接： https://www.facebook.com/280364829559169
2019-04-05 00:48:09,240 - AdspyRedisPipeline.py[line:26] - INFO: 解析到新链接： https://www.facebook.com/556382318202038
2019-04-05 00:48:09,241 - AdspyRedisPipeline.py[line:26] - INFO: 解析到新链接： https://www.facebook.com/1224810034364050
2019-04-05 00:48:09,242 - AdspyRedisPipeline.py[line:26] - INFO: 解析到新链接： https://www.facebook.com/2152845141449003
2019-04-05 00:48:09,273 - AdspyRedisPipeline.py[line:26] - INFO: 解析到新链接： https://www.facebook.com/562412870837959
2019-04-05 00:48:09,366 - AdspySpider.py[line:104] - INFO: 登陆成功，解析完毕!
2019-04-05 06:56:13,809 - AdspySpider.py[line:59] - INFO: AdspySpider启动...
2019-04-05 06:57:01,457 - AdspyChromeMiddleware.py[line:64] - INFO: 8428792@qq.com : 等待超时！
2019-04-05 06:57:01,561 - AdspySpider.py[line:106] - INFO: 登录失败！
2019-04-05 12:58:35,495 - AdspySpider.py[line:59] - INFO: AdspySpider启动...
2019-04-05 12:58:40,956 - AdspyChromeMiddleware.py[line:51] - INFO: 8428792@qq.com: 登录成功！
2019-04-05 12:58:41,842 - AdspyChromeMiddleware.py[line:55] - INFO: 开始下拉翻页获取视频链接...
2019-04-05 12:58:44,845 - AdspyChromeMiddleware.py[line:58] - INFO: 第1次翻页...
2019-04-05 12:58:47,855 - AdspyChromeMiddleware.py[line:58] - INFO: 第2次翻页...
2019-04-05 12:58:50,863 - AdspyChromeMiddleware.py[line:58] - INFO: 第3次翻页...
2019-04-05 12:58:53,871 - AdspyChromeMiddleware.py[line:58] - INFO: 第4次翻页...
2019-04-05 12:58:56,878 - AdspyChromeMiddleware.py[line:58] - INFO: 第5次翻页...
2019-04-05 12:58:59,885 - AdspyChromeMiddleware.py[line:58] - INFO: 第6次翻页...
2019-04-05 12:59:02,893 - AdspyChromeMiddleware.py[line:58] - INFO: 第7次翻页...
2019-04-05 12:59:05,899 - AdspyChromeMiddleware.py[line:58] - INFO: 第8次翻页...
2019-04-05 12:59:08,906 - AdspyChromeMiddleware.py[line:58] - INFO: 第9次翻页...
2019-04-05 12:59:11,916 - AdspyChromeMiddleware.py[line:58] - INFO: 第10次翻页...
2019-04-05 12:59:14,923 - AdspyChromeMiddleware.py[line:58] - INFO: 第11次翻页...
2019-04-05 12:59:17,928 - AdspyChromeMiddleware.py[line:58] - INFO: 第12次翻页...
2019-04-05 12:59:20,937 - AdspyChromeMiddleware.py[line:58] - INFO: 第13次翻页...
2019-04-05 12:59:23,943 - AdspyChromeMiddleware.py[line:58] - INFO: 第14次翻页...
2019-04-05 12:59:26,978 - AdspyChromeMiddleware.py[line:58] - INFO: 第15次翻页...
2019-04-05 12:59:29,992 - AdspyChromeMiddleware.py[line:58] - INFO: 第16次翻页...
2019-04-05 12:59:33,001 - AdspyChromeMiddleware.py[line:58] - INFO: 第17次翻页...
2019-04-05 12:59:36,007 - AdspyChromeMiddleware.py[line:58] - INFO: 第18次翻页...
2019-04-05 12:59:39,021 - AdspyChromeMiddleware.py[line:58] - INFO: 第19次翻页...
2019-04-05 12:59:42,045 - AdspyChromeMiddleware.py[line:58] - INFO: 第20次翻页...
2019-04-05 12:59:47,574 - AdspyRedisPipeline.py[line:26] - INFO: 解析到新链接： https://www.facebook.com/579859479078202
2019-04-05 12:59:47,575 - AdspyRedisPipeline.py[line:26] - INFO: 解析到新链接： https://www.facebook.com/208213370092758
2019-04-05 12:59:47,577 - AdspyRedisPipeline.py[line:26] - INFO: 解析到新链接： https://www.facebook.com/1870652786549059
2019-04-05 12:59:47,578 - AdspyRedisPipeline.py[line:26] - INFO: 解析到新链接： https://www.facebook.com/251989251820109
2019-04-05 12:59:47,581 - AdspyRedisPipeline.py[line:26] - INFO: 解析到新链接： https://www.facebook.com/1802221923379996
2019-04-05 12:59:47,584 - AdspyRedisPipeline.py[line:26] - INFO: 解析到新链接： https://www.facebook.com/360347821356303
2019-04-05 12:59:47,587 - AdspyRedisPipeline.py[line:26] - INFO: 解析到新链接： https://www.facebook.com/202880913656444
2019-04-05 12:59:47,587 - AdspyRedisPipeline.py[line:26] - INFO: 解析到新链接： https://www.facebook.com/1489067258025549
2019-04-05 12:59:47,590 - AdspyRedisPipeline.py[line:26] - INFO: 解析到新链接： https://www.facebook.com/367347097053475
2019-04-05 12:59:47,597 - AdspyRedisPipeline.py[line:26] - INFO: 解析到新链接： https://www.facebook.com/243500813219529
2019-04-05 12:59:47,599 - AdspyRedisPipeline.py[line:26] - INFO: 解析到新链接： https://www.facebook.com/807527159618673
2019-04-05 12:59:47,606 - AdspyRedisPipeline.py[line:26] - INFO: 解析到新链接： https://www.facebook.com/706979406105651
2019-04-05 12:59:47,608 - AdspyRedisPipeline.py[line:26] - INFO: 解析到新链接： https://www.facebook.com/400685444040941
2019-04-05 12:59:47,609 - AdspyRedisPipeline.py[line:26] - INFO: 解析到新链接： https://www.facebook.com/193907087809756
2019-04-05 12:59:47,610 - AdspyRedisPipeline.py[line:26] - INFO: 解析到新链接： https://www.facebook.com/334430393853010
2019-04-05 12:59:47,611 - AdspyRedisPipeline.py[line:26] - INFO: 解析到新链接： https://www.facebook.com/2219582681436689
2019-04-05 12:59:47,613 - AdspyRedisPipeline.py[line:26] - INFO: 解析到新链接： https://www.facebook.com/165816080150785
2019-04-05 12:59:47,615 - AdspyRedisPipeline.py[line:26] - INFO: 解析到新链接： https://www.facebook.com/384445761711528
2019-04-05 12:59:47,617 - AdspyRedisPipeline.py[line:26] - INFO: 解析到新链接： https://www.facebook.com/2199696186963982
2019-04-05 12:59:47,618 - AdspyRedisPipeline.py[line:26] - INFO: 解析到新链接： https://www.facebook.com/239929453544686
2019-04-05 12:59:47,619 - AdspyRedisPipeline.py[line:26] - INFO: 解析到新链接： https://www.facebook.com/358066791677053
2019-04-05 12:59:47,622 - AdspyRedisPipeline.py[line:26] - INFO: 解析到新链接： https://www.facebook.com/641388179341547
2019-04-05 12:59:47,623 - AdspyRedisPipeline.py[line:26] - INFO: 解析到新链接： https://www.facebook.com/310332812981653
2019-04-05 12:59:47,627 - AdspyRedisPipeline.py[line:26] - INFO: 解析到新链接： https://www.facebook.com/648088288955727
2019-04-05 12:59:47,698 - AdspySpider.py[line:104] - INFO: 登陆成功，解析完毕!
2019-04-05 19:09:24,528 - AdspySpider.py[line:59] - INFO: AdspySpider启动...
2019-04-05 19:09:30,468 - AdspyChromeMiddleware.py[line:51] - INFO: 8428792@qq.com: 登录成功！
2019-04-05 19:09:30,986 - AdspyChromeMiddleware.py[line:55] - INFO: 开始下拉翻页获取视频链接...
2019-04-05 19:09:33,989 - AdspyChromeMiddleware.py[line:58] - INFO: 第1次翻页...
2019-04-05 19:09:37,089 - AdspyChromeMiddleware.py[line:58] - INFO: 第2次翻页...
2019-04-05 19:09:40,096 - AdspyChromeMiddleware.py[line:58] - INFO: 第3次翻页...
2019-04-05 19:09:43,102 - AdspyChromeMiddleware.py[line:58] - INFO: 第4次翻页...
2019-04-05 19:09:46,117 - AdspyChromeMiddleware.py[line:58] - INFO: 第5次翻页...
2019-04-05 19:09:49,125 - AdspyChromeMiddleware.py[line:58] - INFO: 第6次翻页...
2019-04-05 19:09:52,134 - AdspyChromeMiddleware.py[line:58] - INFO: 第7次翻页...
2019-04-05 19:09:55,154 - AdspyChromeMiddleware.py[line:58] - INFO: 第8次翻页...
2019-04-05 19:09:58,166 - AdspyChromeMiddleware.py[line:58] - INFO: 第9次翻页...
2019-04-05 19:10:01,182 - AdspyChromeMiddleware.py[line:58] - INFO: 第10次翻页...
2019-04-05 19:10:04,194 - AdspyChromeMiddleware.py[line:58] - INFO: 第11次翻页...
2019-04-05 19:10:07,203 - AdspyChromeMiddleware.py[line:58] - INFO: 第12次翻页...
2019-04-05 19:10:10,209 - AdspyChromeMiddleware.py[line:58] - INFO: 第13次翻页...
2019-04-05 19:10:13,220 - AdspyChromeMiddleware.py[line:58] - INFO: 第14次翻页...
2019-04-05 19:10:16,230 - AdspyChromeMiddleware.py[line:58] - INFO: 第15次翻页...
2019-04-05 19:10:19,285 - AdspyChromeMiddleware.py[line:58] - INFO: 第16次翻页...
2019-04-05 19:10:22,299 - AdspyChromeMiddleware.py[line:58] - INFO: 第17次翻页...
2019-04-05 19:10:25,308 - AdspyChromeMiddleware.py[line:58] - INFO: 第18次翻页...
2019-04-05 19:10:28,314 - AdspyChromeMiddleware.py[line:58] - INFO: 第19次翻页...
2019-04-05 19:10:31,329 - AdspyChromeMiddleware.py[line:58] - INFO: 第20次翻页...
2019-04-05 19:10:36,949 - AdspyRedisPipeline.py[line:26] - INFO: 解析到新链接： https://www.facebook.com/2038379482913665
2019-04-05 19:10:37,049 - AdspySpider.py[line:104] - INFO: 登陆成功，解析完毕!
