2019-04-03 05:39:08,460 - AdspySpider.py[line:59] - INFO: AdspySpider启动...
2019-04-03 05:39:14,324 - AdspyChromeMiddleware.py[line:51] - INFO: 8428792@qq.com: 登录成功！
2019-04-03 05:39:15,092 - AdspyChromeMiddleware.py[line:55] - INFO: 开始下拉翻页获取视频链接...
2019-04-03 05:39:18,095 - AdspyChromeMiddleware.py[line:58] - INFO: 第1次翻页...
2019-04-03 05:39:21,107 - AdspyChromeMiddleware.py[line:58] - INFO: 第2次翻页...
2019-04-03 05:39:24,115 - AdspyChromeMiddleware.py[line:58] - INFO: 第3次翻页...
2019-04-03 05:39:27,122 - AdspyChromeMiddleware.py[line:58] - INFO: 第4次翻页...
2019-04-03 05:39:30,129 - AdspyChromeMiddleware.py[line:58] - INFO: 第5次翻页...
2019-04-03 05:39:33,141 - AdspyChromeMiddleware.py[line:58] - INFO: 第6次翻页...
2019-04-03 05:39:36,158 - AdspyChromeMiddleware.py[line:58] - INFO: 第7次翻页...
2019-04-03 05:39:39,176 - AdspyChromeMiddleware.py[line:58] - INFO: 第8次翻页...
2019-04-03 05:39:42,191 - AdspyChromeMiddleware.py[line:58] - INFO: 第9次翻页...
2019-04-03 05:39:45,198 - AdspyChromeMiddleware.py[line:58] - INFO: 第10次翻页...
2019-04-03 05:39:48,206 - AdspyChromeMiddleware.py[line:58] - INFO: 第11次翻页...
2019-04-03 05:39:51,219 - AdspyChromeMiddleware.py[line:58] - INFO: 第12次翻页...
2019-04-03 05:39:54,232 - AdspyChromeMiddleware.py[line:58] - INFO: 第13次翻页...
2019-04-03 05:39:57,256 - AdspyChromeMiddleware.py[line:58] - INFO: 第14次翻页...
2019-04-03 05:40:00,270 - AdspyChromeMiddleware.py[line:58] - INFO: 第15次翻页...
2019-04-03 05:40:03,283 - AdspyChromeMiddleware.py[line:58] - INFO: 第16次翻页...
2019-04-03 05:40:06,293 - AdspyChromeMiddleware.py[line:58] - INFO: 第17次翻页...
2019-04-03 05:40:09,302 - AdspyChromeMiddleware.py[line:58] - INFO: 第18次翻页...
2019-04-03 05:40:12,308 - AdspyChromeMiddleware.py[line:58] - INFO: 第19次翻页...
2019-04-03 05:40:15,322 - AdspyChromeMiddleware.py[line:58] - INFO: 第20次翻页...
2019-04-03 05:40:20,854 - AdspyRedisPipeline.py[line:26] - INFO: 解析到新链接： https://www.facebook.com/433826167426741
2019-04-03 05:40:20,855 - AdspyRedisPipeline.py[line:26] - INFO: 解析到新链接： https://www.facebook.com/2230387890561758
2019-04-03 05:40:20,860 - AdspyRedisPipeline.py[line:26] - INFO: 解析到新链接： https://www.facebook.com/211515275829
2019-04-03 05:40:20,863 - AdspyRedisPipeline.py[line:26] - INFO: 解析到新链接： https://www.facebook.com/2317172441634278
2019-04-03 05:40:20,865 - AdspyRedisPipeline.py[line:26] - INFO: 解析到新链接： https://www.facebook.com/161279151479849
2019-04-03 05:40:20,867 - AdspyRedisPipeline.py[line:26] - INFO: 解析到新链接： https://www.facebook.com/198518830979130
2019-04-03 05:40:20,867 - AdspyRedisPipeline.py[line:26] - INFO: 解析到新链接： https://www.facebook.com/387697672012349
2019-04-03 05:40:20,868 - AdspyRedisPipeline.py[line:26] - INFO: 解析到新链接： https://www.facebook.com/302100587157878
2019-04-03 05:40:20,869 - AdspyRedisPipeline.py[line:26] - INFO: 解析到新链接： https://www.facebook.com/426568111433563
2019-04-03 05:40:20,873 - AdspyRedisPipeline.py[line:26] - INFO: 解析到新链接： https://www.facebook.com/418526588913245
2019-04-03 05:40:20,878 - AdspyRedisPipeline.py[line:26] - INFO: 解析到新链接： https://www.facebook.com/210075769937756
2019-04-03 05:40:20,882 - AdspyRedisPipeline.py[line:26] - INFO: 解析到新链接： https://www.facebook.com/615395435583532
2019-04-03 05:40:20,884 - AdspyRedisPipeline.py[line:26] - INFO: 解析到新链接： https://www.facebook.com/414243559348104
2019-04-03 05:40:20,885 - AdspyRedisPipeline.py[line:26] - INFO: 解析到新链接： https://www.facebook.com/2069206159838789
2019-04-03 05:40:20,886 - AdspyRedisPipeline.py[line:26] - INFO: 解析到新链接： https://www.facebook.com/1931910430367622
2019-04-03 05:40:20,887 - AdspyRedisPipeline.py[line:26] - INFO: 解析到新链接： https://www.facebook.com/620885294996748
2019-04-03 05:40:20,888 - AdspyRedisPipeline.py[line:26] - INFO: 解析到新链接： https://www.facebook.com/1750291628364136
2019-04-03 05:40:20,890 - AdspyRedisPipeline.py[line:26] - INFO: 解析到新链接： https://www.facebook.com/1377876962343779
2019-04-03 05:40:20,891 - AdspyRedisPipeline.py[line:26] - INFO: 解析到新链接： https://www.facebook.com/578367748942253
2019-04-03 05:40:20,892 - AdspyRedisPipeline.py[line:26] - INFO: 解析到新链接： https://www.facebook.com/336471800523988
2019-04-03 05:40:20,894 - AdspyRedisPipeline.py[line:26] - INFO: 解析到新链接： https://www.facebook.com/163075887056889
2019-04-03 05:40:20,896 - AdspyRedisPipeline.py[line:26] - INFO: 解析到新链接： https://www.facebook.com/1574773036001567
2019-04-03 05:40:20,898 - AdspyRedisPipeline.py[line:26] - INFO: 解析到新链接： https://www.facebook.com/321954335332270
2019-04-03 05:40:20,904 - AdspyRedisPipeline.py[line:26] - INFO: 解析到新链接： https://www.facebook.com/371634636536311
2019-04-03 05:40:20,906 - AdspyRedisPipeline.py[line:26] - INFO: 解析到新链接： https://www.facebook.com/322295178472221
2019-04-03 05:40:20,909 - AdspyRedisPipeline.py[line:26] - INFO: 解析到新链接： https://www.facebook.com/342301819151073
2019-04-03 05:40:20,912 - AdspyRedisPipeline.py[line:26] - INFO: 解析到新链接： https://www.facebook.com/598436383917654
2019-04-03 05:40:20,913 - AdspyRedisPipeline.py[line:26] - INFO: 解析到新链接： https://www.facebook.com/452488961843087
2019-04-03 05:40:20,915 - AdspyRedisPipeline.py[line:26] - INFO: 解析到新链接： https://www.facebook.com/417254979021827
2019-04-03 05:40:20,916 - AdspyRedisPipeline.py[line:26] - INFO: 解析到新链接： https://www.facebook.com/1994525174181850
2019-04-03 05:40:20,917 - AdspyRedisPipeline.py[line:26] - INFO: 解析到新链接： https://www.facebook.com/365338040964783
2019-04-03 05:40:20,976 - AdspySpider.py[line:104] - INFO: 登陆成功，解析完毕!
2019-04-03 11:51:49,088 - AdspySpider.py[line:59] - INFO: AdspySpider启动...
2019-04-03 11:51:54,456 - AdspyChromeMiddleware.py[line:51] - INFO: 8428792@qq.com: 登录成功！
2019-04-03 11:51:54,963 - AdspyChromeMiddleware.py[line:55] - INFO: 开始下拉翻页获取视频链接...
2019-04-03 11:51:57,965 - AdspyChromeMiddleware.py[line:58] - INFO: 第1次翻页...
2019-04-03 11:52:00,979 - AdspyChromeMiddleware.py[line:58] - INFO: 第2次翻页...
2019-04-03 11:52:03,985 - AdspyChromeMiddleware.py[line:58] - INFO: 第3次翻页...
2019-04-03 11:52:06,990 - AdspyChromeMiddleware.py[line:58] - INFO: 第4次翻页...
2019-04-03 11:52:09,998 - AdspyChromeMiddleware.py[line:58] - INFO: 第5次翻页...
2019-04-03 11:52:13,014 - AdspyChromeMiddleware.py[line:58] - INFO: 第6次翻页...
2019-04-03 11:52:16,028 - AdspyChromeMiddleware.py[line:58] - INFO: 第7次翻页...
2019-04-03 11:52:19,037 - AdspyChromeMiddleware.py[line:58] - INFO: 第8次翻页...
2019-04-03 11:52:22,047 - AdspyChromeMiddleware.py[line:58] - INFO: 第9次翻页...
2019-04-03 11:52:25,066 - AdspyChromeMiddleware.py[line:58] - INFO: 第10次翻页...
2019-04-03 11:52:28,083 - AdspyChromeMiddleware.py[line:58] - INFO: 第11次翻页...
2019-04-03 11:52:31,120 - AdspyChromeMiddleware.py[line:58] - INFO: 第12次翻页...
2019-04-03 11:52:34,130 - AdspyChromeMiddleware.py[line:58] - INFO: 第13次翻页...
2019-04-03 11:52:37,136 - AdspyChromeMiddleware.py[line:58] - INFO: 第14次翻页...
2019-04-03 11:52:40,144 - AdspyChromeMiddleware.py[line:58] - INFO: 第15次翻页...
2019-04-03 11:52:43,155 - AdspyChromeMiddleware.py[line:58] - INFO: 第16次翻页...
2019-04-03 11:52:46,162 - AdspyChromeMiddleware.py[line:58] - INFO: 第17次翻页...
2019-04-03 11:52:49,190 - AdspyChromeMiddleware.py[line:58] - INFO: 第18次翻页...
2019-04-03 11:52:52,215 - AdspyChromeMiddleware.py[line:58] - INFO: 第19次翻页...
2019-04-03 11:52:55,232 - AdspyChromeMiddleware.py[line:58] - INFO: 第20次翻页...
2019-04-03 11:53:00,787 - AdspyRedisPipeline.py[line:26] - INFO: 解析到新链接： https://www.facebook.com/454846551273966
2019-04-03 11:53:00,788 - AdspyRedisPipeline.py[line:26] - INFO: 解析到新链接： https://www.facebook.com/442726143163810
2019-04-03 11:53:00,799 - AdspyRedisPipeline.py[line:26] - INFO: 解析到新链接： https://www.facebook.com/376793556459449
2019-04-03 11:53:00,818 - AdspyRedisPipeline.py[line:26] - INFO: 解析到新链接： https://www.facebook.com/1963501577309260
2019-04-03 11:53:00,819 - AdspyRedisPipeline.py[line:26] - INFO: 解析到新链接： https://www.facebook.com/1467633580139479
2019-04-03 11:53:00,833 - AdspyRedisPipeline.py[line:26] - INFO: 解析到新链接： https://www.facebook.com/737069793148750
2019-04-03 11:53:00,842 - AdspyRedisPipeline.py[line:26] - INFO: 解析到新链接： https://www.facebook.com/2146417805670716
2019-04-03 11:53:00,915 - AdspySpider.py[line:104] - INFO: 登陆成功，解析完毕!
2019-04-03 18:04:27,825 - AdspySpider.py[line:59] - INFO: AdspySpider启动...
2019-04-03 18:04:33,240 - AdspyChromeMiddleware.py[line:51] - INFO: 8428792@qq.com: 登录成功！
2019-04-03 18:04:34,047 - AdspyChromeMiddleware.py[line:55] - INFO: 开始下拉翻页获取视频链接...
2019-04-03 18:04:37,048 - AdspyChromeMiddleware.py[line:58] - INFO: 第1次翻页...
2019-04-03 18:04:40,054 - AdspyChromeMiddleware.py[line:58] - INFO: 第2次翻页...
2019-04-03 18:04:43,069 - AdspyChromeMiddleware.py[line:58] - INFO: 第3次翻页...
2019-04-03 18:04:46,076 - AdspyChromeMiddleware.py[line:58] - INFO: 第4次翻页...
2019-04-03 18:04:49,086 - AdspyChromeMiddleware.py[line:58] - INFO: 第5次翻页...
2019-04-03 18:04:52,095 - AdspyChromeMiddleware.py[line:58] - INFO: 第6次翻页...
2019-04-03 18:04:55,102 - AdspyChromeMiddleware.py[line:58] - INFO: 第7次翻页...
2019-04-03 18:04:58,110 - AdspyChromeMiddleware.py[line:58] - INFO: 第8次翻页...
2019-04-03 18:05:01,117 - AdspyChromeMiddleware.py[line:58] - INFO: 第9次翻页...
2019-04-03 18:05:04,125 - AdspyChromeMiddleware.py[line:58] - INFO: 第10次翻页...
2019-04-03 18:05:07,143 - AdspyChromeMiddleware.py[line:58] - INFO: 第11次翻页...
2019-04-03 18:05:10,151 - AdspyChromeMiddleware.py[line:58] - INFO: 第12次翻页...
2019-04-03 18:05:13,161 - AdspyChromeMiddleware.py[line:58] - INFO: 第13次翻页...
2019-04-03 18:05:16,165 - AdspyChromeMiddleware.py[line:58] - INFO: 第14次翻页...
2019-04-03 18:05:19,177 - AdspyChromeMiddleware.py[line:58] - INFO: 第15次翻页...
2019-04-03 18:05:22,202 - AdspyChromeMiddleware.py[line:58] - INFO: 第16次翻页...
2019-04-03 18:05:25,216 - AdspyChromeMiddleware.py[line:58] - INFO: 第17次翻页...
2019-04-03 18:05:28,229 - AdspyChromeMiddleware.py[line:58] - INFO: 第18次翻页...
2019-04-03 18:05:31,239 - AdspyChromeMiddleware.py[line:58] - INFO: 第19次翻页...
2019-04-03 18:05:34,249 - AdspyChromeMiddleware.py[line:58] - INFO: 第20次翻页...
2019-04-03 18:05:39,822 - AdspyRedisPipeline.py[line:26] - INFO: 解析到新链接： https://www.facebook.com/333678620503785
2019-04-03 18:05:39,843 - AdspyRedisPipeline.py[line:26] - INFO: 解析到新链接： https://www.facebook.com/197297354483592
2019-04-03 18:05:39,924 - AdspySpider.py[line:104] - INFO: 登陆成功，解析完毕!
