2019-03-29 02:15:22,778 - AdspySpider.py[line:59] - INFO: AdspySpider启动...
2019-03-29 02:15:29,273 - AdspyChromeMiddleware.py[line:51] - INFO: 8428792@qq.com: 登录成功！
2019-03-29 02:15:29,857 - AdspyChromeMiddleware.py[line:55] - INFO: 开始下拉翻页获取视频链接...
2019-03-29 02:15:32,859 - AdspyChromeMiddleware.py[line:58] - INFO: 第1次翻页...
2019-03-29 02:15:35,868 - AdspyChromeMiddleware.py[line:58] - INFO: 第2次翻页...
2019-03-29 02:15:38,885 - AdspyChromeMiddleware.py[line:58] - INFO: 第3次翻页...
2019-03-29 02:15:41,896 - AdspyChromeMiddleware.py[line:58] - INFO: 第4次翻页...
2019-03-29 02:15:44,906 - AdspyChromeMiddleware.py[line:58] - INFO: 第5次翻页...
2019-03-29 02:15:47,925 - AdspyChromeMiddleware.py[line:58] - INFO: 第6次翻页...
2019-03-29 02:15:50,938 - AdspyChromeMiddleware.py[line:58] - INFO: 第7次翻页...
2019-03-29 02:15:53,946 - AdspyChromeMiddleware.py[line:58] - INFO: 第8次翻页...
2019-03-29 02:15:56,961 - AdspyChromeMiddleware.py[line:58] - INFO: 第9次翻页...
2019-03-29 02:15:59,967 - AdspyChromeMiddleware.py[line:58] - INFO: 第10次翻页...
2019-03-29 02:16:02,975 - AdspyChromeMiddleware.py[line:58] - INFO: 第11次翻页...
2019-03-29 02:16:05,981 - AdspyChromeMiddleware.py[line:58] - INFO: 第12次翻页...
2019-03-29 02:16:08,988 - AdspyChromeMiddleware.py[line:58] - INFO: 第13次翻页...
2019-03-29 02:16:11,995 - AdspyChromeMiddleware.py[line:58] - INFO: 第14次翻页...
2019-03-29 02:16:15,002 - AdspyChromeMiddleware.py[line:58] - INFO: 第15次翻页...
2019-03-29 02:16:18,010 - AdspyChromeMiddleware.py[line:58] - INFO: 第16次翻页...
2019-03-29 02:16:21,017 - AdspyChromeMiddleware.py[line:58] - INFO: 第17次翻页...
2019-03-29 02:16:24,024 - AdspyChromeMiddleware.py[line:58] - INFO: 第18次翻页...
2019-03-29 02:16:27,037 - AdspyChromeMiddleware.py[line:58] - INFO: 第19次翻页...
2019-03-29 02:16:30,044 - AdspyChromeMiddleware.py[line:58] - INFO: 第20次翻页...
2019-03-29 02:16:35,179 - AdspySpider.py[line:104] - INFO: 登陆成功，解析完毕!
2019-03-29 08:23:41,307 - AdspySpider.py[line:59] - INFO: AdspySpider启动...
2019-03-29 08:23:49,336 - AdspyChromeMiddleware.py[line:51] - INFO: 8428792@qq.com: 登录成功！
2019-03-29 08:23:49,874 - AdspyChromeMiddleware.py[line:55] - INFO: 开始下拉翻页获取视频链接...
2019-03-29 08:23:52,876 - AdspyChromeMiddleware.py[line:58] - INFO: 第1次翻页...
2019-03-29 08:23:55,885 - AdspyChromeMiddleware.py[line:58] - INFO: 第2次翻页...
2019-03-29 08:23:58,893 - AdspyChromeMiddleware.py[line:58] - INFO: 第3次翻页...
2019-03-29 08:24:01,901 - AdspyChromeMiddleware.py[line:58] - INFO: 第4次翻页...
2019-03-29 08:24:04,913 - AdspyChromeMiddleware.py[line:58] - INFO: 第5次翻页...
2019-03-29 08:24:07,921 - AdspyChromeMiddleware.py[line:58] - INFO: 第6次翻页...
2019-03-29 08:24:10,933 - AdspyChromeMiddleware.py[line:58] - INFO: 第7次翻页...
2019-03-29 08:24:13,946 - AdspyChromeMiddleware.py[line:58] - INFO: 第8次翻页...
2019-03-29 08:24:16,960 - AdspyChromeMiddleware.py[line:58] - INFO: 第9次翻页...
2019-03-29 08:24:19,968 - AdspyChromeMiddleware.py[line:58] - INFO: 第10次翻页...
2019-03-29 08:24:22,981 - AdspyChromeMiddleware.py[line:58] - INFO: 第11次翻页...
2019-03-29 08:24:26,009 - AdspyChromeMiddleware.py[line:58] - INFO: 第12次翻页...
2019-03-29 08:24:29,017 - AdspyChromeMiddleware.py[line:58] - INFO: 第13次翻页...
2019-03-29 08:24:32,033 - AdspyChromeMiddleware.py[line:58] - INFO: 第14次翻页...
2019-03-29 08:24:35,059 - AdspyChromeMiddleware.py[line:58] - INFO: 第15次翻页...
2019-03-29 08:24:38,067 - AdspyChromeMiddleware.py[line:58] - INFO: 第16次翻页...
2019-03-29 08:24:41,072 - AdspyChromeMiddleware.py[line:58] - INFO: 第17次翻页...
2019-03-29 08:24:44,086 - AdspyChromeMiddleware.py[line:58] - INFO: 第18次翻页...
2019-03-29 08:24:47,096 - AdspyChromeMiddleware.py[line:58] - INFO: 第19次翻页...
2019-03-29 08:24:50,102 - AdspyChromeMiddleware.py[line:58] - INFO: 第20次翻页...
2019-03-29 08:24:55,646 - AdspyRedisPipeline.py[line:26] - INFO: 解析到新链接： https://www.facebook.com/93320754987
2019-03-29 08:24:55,649 - AdspyRedisPipeline.py[line:26] - INFO: 解析到新链接： https://www.facebook.com/125144538018405
2019-03-29 08:24:55,654 - AdspyRedisPipeline.py[line:26] - INFO: 解析到新链接： https://www.facebook.com/224708171797299
2019-03-29 08:24:55,654 - AdspyRedisPipeline.py[line:26] - INFO: 解析到新链接： https://www.facebook.com/247397572406748
2019-03-29 08:24:55,655 - AdspyRedisPipeline.py[line:26] - INFO: 解析到新链接： https://www.facebook.com/290710921086052
2019-03-29 08:24:55,658 - AdspyRedisPipeline.py[line:26] - INFO: 解析到新链接： https://www.facebook.com/1002952579895829
2019-03-29 08:24:55,660 - AdspyRedisPipeline.py[line:26] - INFO: 解析到新链接： https://www.facebook.com/154656530902
2019-03-29 08:24:55,666 - AdspyRedisPipeline.py[line:26] - INFO: 解析到新链接： https://www.facebook.com/624101300947114
2019-03-29 08:24:55,671 - AdspyRedisPipeline.py[line:26] - INFO: 解析到新链接： https://www.facebook.com/497476893723547
2019-03-29 08:24:55,673 - AdspyRedisPipeline.py[line:26] - INFO: 解析到新链接： https://www.facebook.com/1384382641889951
2019-03-29 08:24:55,674 - AdspyRedisPipeline.py[line:26] - INFO: 解析到新链接： https://www.facebook.com/322651261468782
2019-03-29 08:24:55,676 - AdspyRedisPipeline.py[line:26] - INFO: 解析到新链接： https://www.facebook.com/557113921291144
2019-03-29 08:24:55,680 - AdspyRedisPipeline.py[line:26] - INFO: 解析到新链接： https://www.facebook.com/221071225444
2019-03-29 08:24:55,682 - AdspyRedisPipeline.py[line:26] - INFO: 解析到新链接： https://www.facebook.com/1775812625998110
2019-03-29 08:24:55,685 - AdspyRedisPipeline.py[line:26] - INFO: 解析到新链接： https://www.facebook.com/371919393643508
2019-03-29 08:24:55,689 - AdspyRedisPipeline.py[line:26] - INFO: 解析到新链接： https://www.facebook.com/1268509219952209
2019-03-29 08:24:55,691 - AdspyRedisPipeline.py[line:26] - INFO: 解析到新链接： https://www.facebook.com/990446971153393
2019-03-29 08:24:55,694 - AdspyRedisPipeline.py[line:26] - INFO: 解析到新链接： https://www.facebook.com/533619133647805
2019-03-29 08:24:55,696 - AdspyRedisPipeline.py[line:26] - INFO: 解析到新链接： https://www.facebook.com/153285471795912
2019-03-29 08:24:55,697 - AdspyRedisPipeline.py[line:26] - INFO: 解析到新链接： https://www.facebook.com/415410259224187
2019-03-29 08:24:55,700 - AdspyRedisPipeline.py[line:26] - INFO: 解析到新链接： https://www.facebook.com/443981252374970
2019-03-29 08:24:55,704 - AdspyRedisPipeline.py[line:26] - INFO: 解析到新链接： https://www.facebook.com/110538322348670
2019-03-29 08:24:55,704 - AdspyRedisPipeline.py[line:26] - INFO: 解析到新链接： https://www.facebook.com/371563016534097
2019-03-29 08:24:55,707 - AdspyRedisPipeline.py[line:26] - INFO: 解析到新链接： https://www.facebook.com/211571629439952
2019-03-29 08:24:55,713 - AdspyRedisPipeline.py[line:26] - INFO: 解析到新链接： https://www.facebook.com/1162976883792497
2019-03-29 08:24:55,717 - AdspyRedisPipeline.py[line:26] - INFO: 解析到新链接： https://www.facebook.com/277581549613847
2019-03-29 08:24:55,724 - AdspyRedisPipeline.py[line:26] - INFO: 解析到新链接： https://www.facebook.com/116236234185
2019-03-29 08:24:55,790 - AdspySpider.py[line:104] - INFO: 登陆成功，解析完毕!
2019-03-29 14:32:15,285 - AdspySpider.py[line:59] - INFO: AdspySpider启动...
2019-03-29 14:32:21,286 - AdspyChromeMiddleware.py[line:51] - INFO: 8428792@qq.com: 登录成功！
2019-03-29 14:32:22,324 - AdspyChromeMiddleware.py[line:55] - INFO: 开始下拉翻页获取视频链接...
2019-03-29 14:32:25,327 - AdspyChromeMiddleware.py[line:58] - INFO: 第1次翻页...
2019-03-29 14:32:28,341 - AdspyChromeMiddleware.py[line:58] - INFO: 第2次翻页...
2019-03-29 14:32:31,350 - AdspyChromeMiddleware.py[line:58] - INFO: 第3次翻页...
2019-03-29 14:32:34,360 - AdspyChromeMiddleware.py[line:58] - INFO: 第4次翻页...
2019-03-29 14:32:37,368 - AdspyChromeMiddleware.py[line:58] - INFO: 第5次翻页...
2019-03-29 14:32:40,379 - AdspyChromeMiddleware.py[line:58] - INFO: 第6次翻页...
2019-03-29 14:32:43,387 - AdspyChromeMiddleware.py[line:58] - INFO: 第7次翻页...
2019-03-29 14:32:46,395 - AdspyChromeMiddleware.py[line:58] - INFO: 第8次翻页...
2019-03-29 14:32:49,409 - AdspyChromeMiddleware.py[line:58] - INFO: 第9次翻页...
2019-03-29 14:32:52,423 - AdspyChromeMiddleware.py[line:58] - INFO: 第10次翻页...
2019-03-29 14:32:55,431 - AdspyChromeMiddleware.py[line:58] - INFO: 第11次翻页...
2019-03-29 14:32:58,437 - AdspyChromeMiddleware.py[line:58] - INFO: 第12次翻页...
2019-03-29 14:33:01,447 - AdspyChromeMiddleware.py[line:58] - INFO: 第13次翻页...
2019-03-29 14:33:04,457 - AdspyChromeMiddleware.py[line:58] - INFO: 第14次翻页...
2019-03-29 14:33:07,472 - AdspyChromeMiddleware.py[line:58] - INFO: 第15次翻页...
2019-03-29 14:33:10,486 - AdspyChromeMiddleware.py[line:58] - INFO: 第16次翻页...
2019-03-29 14:33:13,494 - AdspyChromeMiddleware.py[line:58] - INFO: 第17次翻页...
2019-03-29 14:33:16,503 - AdspyChromeMiddleware.py[line:58] - INFO: 第18次翻页...
2019-03-29 14:33:19,510 - AdspyChromeMiddleware.py[line:58] - INFO: 第19次翻页...
2019-03-29 14:33:22,523 - AdspyChromeMiddleware.py[line:58] - INFO: 第20次翻页...
2019-03-29 14:33:28,084 - AdspyRedisPipeline.py[line:26] - INFO: 解析到新链接： https://www.facebook.com/2300086290011804
2019-03-29 14:33:28,086 - AdspyRedisPipeline.py[line:26] - INFO: 解析到新链接： https://www.facebook.com/762947880540486
2019-03-29 14:33:28,105 - AdspyRedisPipeline.py[line:26] - INFO: 解析到新链接： https://www.facebook.com/1667623780227868
2019-03-29 14:33:28,109 - AdspyRedisPipeline.py[line:26] - INFO: 解析到新链接： https://www.facebook.com/661575117519669
2019-03-29 14:33:28,114 - AdspyRedisPipeline.py[line:26] - INFO: 解析到新链接： https://www.facebook.com/189267804791056
2019-03-29 14:33:28,121 - AdspyRedisPipeline.py[line:26] - INFO: 解析到新链接： https://www.facebook.com/408802172829617
2019-03-29 14:33:28,124 - AdspyRedisPipeline.py[line:26] - INFO: 解析到新链接： https://www.facebook.com/965324146967363
2019-03-29 14:33:28,135 - AdspyRedisPipeline.py[line:26] - INFO: 解析到新链接： https://www.facebook.com/1460945994198215
2019-03-29 14:33:28,137 - AdspyRedisPipeline.py[line:26] - INFO: 解析到新链接： https://www.facebook.com/180055925339060
2019-03-29 14:33:28,219 - AdspySpider.py[line:104] - INFO: 登陆成功，解析完毕!
2019-03-29 20:41:36,943 - AdspySpider.py[line:59] - INFO: AdspySpider启动...
2019-03-29 20:41:43,303 - AdspyChromeMiddleware.py[line:51] - INFO: 8428792@qq.com: 登录成功！
2019-03-29 20:41:43,903 - AdspyChromeMiddleware.py[line:55] - INFO: 开始下拉翻页获取视频链接...
2019-03-29 20:41:46,906 - AdspyChromeMiddleware.py[line:58] - INFO: 第1次翻页...
2019-03-29 20:41:49,926 - AdspyChromeMiddleware.py[line:58] - INFO: 第2次翻页...
2019-03-29 20:41:52,937 - AdspyChromeMiddleware.py[line:58] - INFO: 第3次翻页...
2019-03-29 20:41:55,944 - AdspyChromeMiddleware.py[line:58] - INFO: 第4次翻页...
2019-03-29 20:41:58,956 - AdspyChromeMiddleware.py[line:58] - INFO: 第5次翻页...
2019-03-29 20:42:02,001 - AdspyChromeMiddleware.py[line:58] - INFO: 第6次翻页...
2019-03-29 20:42:05,009 - AdspyChromeMiddleware.py[line:58] - INFO: 第7次翻页...
2019-03-29 20:42:08,022 - AdspyChromeMiddleware.py[line:58] - INFO: 第8次翻页...
2019-03-29 20:42:11,030 - AdspyChromeMiddleware.py[line:58] - INFO: 第9次翻页...
2019-03-29 20:42:14,039 - AdspyChromeMiddleware.py[line:58] - INFO: 第10次翻页...
2019-03-29 20:42:17,046 - AdspyChromeMiddleware.py[line:58] - INFO: 第11次翻页...
2019-03-29 20:42:20,057 - AdspyChromeMiddleware.py[line:58] - INFO: 第12次翻页...
2019-03-29 20:42:23,063 - AdspyChromeMiddleware.py[line:58] - INFO: 第13次翻页...
2019-03-29 20:42:26,077 - AdspyChromeMiddleware.py[line:58] - INFO: 第14次翻页...
2019-03-29 20:42:29,086 - AdspyChromeMiddleware.py[line:58] - INFO: 第15次翻页...
2019-03-29 20:42:32,092 - AdspyChromeMiddleware.py[line:58] - INFO: 第16次翻页...
2019-03-29 20:42:35,106 - AdspyChromeMiddleware.py[line:58] - INFO: 第17次翻页...
2019-03-29 20:42:38,115 - AdspyChromeMiddleware.py[line:58] - INFO: 第18次翻页...
2019-03-29 20:42:41,124 - AdspyChromeMiddleware.py[line:58] - INFO: 第19次翻页...
2019-03-29 20:42:44,131 - AdspyChromeMiddleware.py[line:58] - INFO: 第20次翻页...
2019-03-29 20:42:49,787 - AdspySpider.py[line:104] - INFO: 登陆成功，解析完毕!
