2019-04-09 03:31:59,984 - AdspySpider.py[line:59] - INFO: AdspySpider启动...
2019-04-09 03:32:06,020 - AdspyChromeMiddleware.py[line:51] - INFO: 8428792@qq.com: 登录成功！
2019-04-09 03:32:06,790 - AdspyChromeMiddleware.py[line:55] - INFO: 开始下拉翻页获取视频链接...
2019-04-09 03:32:09,793 - AdspyChromeMiddleware.py[line:58] - INFO: 第1次翻页...
2019-04-09 03:32:12,809 - AdspyChromeMiddleware.py[line:58] - INFO: 第2次翻页...
2019-04-09 03:32:15,825 - AdspyChromeMiddleware.py[line:58] - INFO: 第3次翻页...
2019-04-09 03:32:18,836 - AdspyChromeMiddleware.py[line:58] - INFO: 第4次翻页...
2019-04-09 03:32:21,843 - AdspyChromeMiddleware.py[line:58] - INFO: 第5次翻页...
2019-04-09 03:32:24,853 - AdspyChromeMiddleware.py[line:58] - INFO: 第6次翻页...
2019-04-09 03:32:27,862 - AdspyChromeMiddleware.py[line:58] - INFO: 第7次翻页...
2019-04-09 03:32:30,874 - AdspyChromeMiddleware.py[line:58] - INFO: 第8次翻页...
2019-04-09 03:32:33,883 - AdspyChromeMiddleware.py[line:58] - INFO: 第9次翻页...
2019-04-09 03:32:36,895 - AdspyChromeMiddleware.py[line:58] - INFO: 第10次翻页...
2019-04-09 03:32:39,904 - AdspyChromeMiddleware.py[line:58] - INFO: 第11次翻页...
2019-04-09 03:32:42,915 - AdspyChromeMiddleware.py[line:58] - INFO: 第12次翻页...
2019-04-09 03:32:45,922 - AdspyChromeMiddleware.py[line:58] - INFO: 第13次翻页...
2019-04-09 03:32:48,933 - AdspyChromeMiddleware.py[line:58] - INFO: 第14次翻页...
2019-04-09 03:32:51,942 - AdspyChromeMiddleware.py[line:58] - INFO: 第15次翻页...
2019-04-09 03:32:54,954 - AdspyChromeMiddleware.py[line:58] - INFO: 第16次翻页...
2019-04-09 03:32:57,962 - AdspyChromeMiddleware.py[line:58] - INFO: 第17次翻页...
2019-04-09 03:33:00,995 - AdspyChromeMiddleware.py[line:58] - INFO: 第18次翻页...
2019-04-09 03:33:04,009 - AdspyChromeMiddleware.py[line:58] - INFO: 第19次翻页...
2019-04-09 03:33:07,026 - AdspyChromeMiddleware.py[line:58] - INFO: 第20次翻页...
2019-04-09 03:33:12,570 - AdspyRedisPipeline.py[line:26] - INFO: 解析到新链接： https://www.facebook.com/2244713992462856
2019-04-09 03:33:12,571 - AdspyRedisPipeline.py[line:26] - INFO: 解析到新链接： https://www.facebook.com/432795973834190
2019-04-09 03:33:12,575 - AdspyRedisPipeline.py[line:26] - INFO: 解析到新链接： https://www.facebook.com/2409985782366335
2019-04-09 03:33:12,602 - AdspyRedisPipeline.py[line:26] - INFO: 解析到新链接： https://www.facebook.com/2255076194733258
2019-04-09 03:33:12,603 - AdspyRedisPipeline.py[line:26] - INFO: 解析到新链接： https://www.facebook.com/2116034265324323
2019-04-09 03:33:12,623 - AdspyRedisPipeline.py[line:26] - INFO: 解析到新链接： https://www.facebook.com/392601281291643
2019-04-09 03:33:12,688 - AdspySpider.py[line:104] - INFO: 登陆成功，解析完毕!
2019-04-09 09:44:07,036 - AdspySpider.py[line:59] - INFO: AdspySpider启动...
2019-04-09 09:44:13,201 - AdspyChromeMiddleware.py[line:51] - INFO: 8428792@qq.com: 登录成功！
2019-04-09 09:44:14,005 - AdspyChromeMiddleware.py[line:55] - INFO: 开始下拉翻页获取视频链接...
2019-04-09 09:44:17,007 - AdspyChromeMiddleware.py[line:58] - INFO: 第1次翻页...
2019-04-09 09:44:20,016 - AdspyChromeMiddleware.py[line:58] - INFO: 第2次翻页...
2019-04-09 09:44:23,024 - AdspyChromeMiddleware.py[line:58] - INFO: 第3次翻页...
2019-04-09 09:44:26,035 - AdspyChromeMiddleware.py[line:58] - INFO: 第4次翻页...
2019-04-09 09:44:29,050 - AdspyChromeMiddleware.py[line:58] - INFO: 第5次翻页...
2019-04-09 09:44:32,060 - AdspyChromeMiddleware.py[line:58] - INFO: 第6次翻页...
2019-04-09 09:44:35,067 - AdspyChromeMiddleware.py[line:58] - INFO: 第7次翻页...
2019-04-09 09:44:38,082 - AdspyChromeMiddleware.py[line:58] - INFO: 第8次翻页...
2019-04-09 09:44:41,090 - AdspyChromeMiddleware.py[line:58] - INFO: 第9次翻页...
2019-04-09 09:44:44,102 - AdspyChromeMiddleware.py[line:58] - INFO: 第10次翻页...
2019-04-09 09:44:47,111 - AdspyChromeMiddleware.py[line:58] - INFO: 第11次翻页...
2019-04-09 09:44:50,145 - AdspyChromeMiddleware.py[line:58] - INFO: 第12次翻页...
2019-04-09 09:44:53,153 - AdspyChromeMiddleware.py[line:58] - INFO: 第13次翻页...
2019-04-09 09:44:56,164 - AdspyChromeMiddleware.py[line:58] - INFO: 第14次翻页...
2019-04-09 09:44:59,172 - AdspyChromeMiddleware.py[line:58] - INFO: 第15次翻页...
2019-04-09 09:45:02,185 - AdspyChromeMiddleware.py[line:58] - INFO: 第16次翻页...
2019-04-09 09:45:05,200 - AdspyChromeMiddleware.py[line:58] - INFO: 第17次翻页...
2019-04-09 09:45:08,209 - AdspyChromeMiddleware.py[line:58] - INFO: 第18次翻页...
2019-04-09 09:45:11,218 - AdspyChromeMiddleware.py[line:58] - INFO: 第19次翻页...
2019-04-09 09:45:14,225 - AdspyChromeMiddleware.py[line:58] - INFO: 第20次翻页...
2019-04-09 09:45:19,731 - AdspyRedisPipeline.py[line:26] - INFO: 解析到新链接： https://www.facebook.com/505721393288536
2019-04-09 09:45:19,734 - AdspyRedisPipeline.py[line:26] - INFO: 解析到新链接： https://www.facebook.com/149789581813501
2019-04-09 09:45:19,754 - AdspyRedisPipeline.py[line:26] - INFO: 解析到新链接： https://www.facebook.com/413139702759935
2019-04-09 09:45:19,760 - AdspyRedisPipeline.py[line:26] - INFO: 解析到新链接： https://www.facebook.com/313338602857953
2019-04-09 09:45:19,767 - AdspyRedisPipeline.py[line:26] - INFO: 解析到新链接： https://www.facebook.com/2447685981908957
2019-04-09 09:45:19,777 - AdspyRedisPipeline.py[line:26] - INFO: 解析到新链接： https://www.facebook.com/352691888685600
2019-04-09 09:45:19,839 - AdspySpider.py[line:104] - INFO: 登陆成功，解析完毕!
2019-04-09 15:57:04,588 - AdspySpider.py[line:59] - INFO: AdspySpider启动...
2019-04-09 15:57:10,521 - AdspyChromeMiddleware.py[line:51] - INFO: 8428792@qq.com: 登录成功！
2019-04-09 15:57:11,024 - AdspyChromeMiddleware.py[line:55] - INFO: 开始下拉翻页获取视频链接...
2019-04-09 15:57:14,027 - AdspyChromeMiddleware.py[line:58] - INFO: 第1次翻页...
2019-04-09 15:57:17,039 - AdspyChromeMiddleware.py[line:58] - INFO: 第2次翻页...
2019-04-09 15:57:20,054 - AdspyChromeMiddleware.py[line:58] - INFO: 第3次翻页...
2019-04-09 15:57:23,059 - AdspyChromeMiddleware.py[line:58] - INFO: 第4次翻页...
2019-04-09 15:57:26,066 - AdspyChromeMiddleware.py[line:58] - INFO: 第5次翻页...
2019-04-09 15:57:29,078 - AdspyChromeMiddleware.py[line:58] - INFO: 第6次翻页...
2019-04-09 15:57:32,101 - AdspyChromeMiddleware.py[line:58] - INFO: 第7次翻页...
2019-04-09 15:57:35,109 - AdspyChromeMiddleware.py[line:58] - INFO: 第8次翻页...
2019-04-09 15:57:38,116 - AdspyChromeMiddleware.py[line:58] - INFO: 第9次翻页...
2019-04-09 15:57:41,125 - AdspyChromeMiddleware.py[line:58] - INFO: 第10次翻页...
2019-04-09 15:57:44,137 - AdspyChromeMiddleware.py[line:58] - INFO: 第11次翻页...
2019-04-09 15:57:47,145 - AdspyChromeMiddleware.py[line:58] - INFO: 第12次翻页...
2019-04-09 15:57:50,158 - AdspyChromeMiddleware.py[line:58] - INFO: 第13次翻页...
2019-04-09 15:57:53,166 - AdspyChromeMiddleware.py[line:58] - INFO: 第14次翻页...
2019-04-09 15:57:56,175 - AdspyChromeMiddleware.py[line:58] - INFO: 第15次翻页...
2019-04-09 15:57:59,188 - AdspyChromeMiddleware.py[line:58] - INFO: 第16次翻页...
2019-04-09 15:58:02,199 - AdspyChromeMiddleware.py[line:58] - INFO: 第17次翻页...
2019-04-09 15:58:05,207 - AdspyChromeMiddleware.py[line:58] - INFO: 第18次翻页...
2019-04-09 15:58:08,218 - AdspyChromeMiddleware.py[line:58] - INFO: 第19次翻页...
2019-04-09 15:58:11,228 - AdspyChromeMiddleware.py[line:58] - INFO: 第20次翻页...
2019-04-09 15:58:16,839 - AdspySpider.py[line:104] - INFO: 登陆成功，解析完毕!
2019-04-09 22:11:06,107 - AdspySpider.py[line:59] - INFO: AdspySpider启动...
2019-04-09 22:11:11,731 - AdspyChromeMiddleware.py[line:51] - INFO: 8428792@qq.com: 登录成功！
2019-04-09 22:11:12,263 - AdspyChromeMiddleware.py[line:55] - INFO: 开始下拉翻页获取视频链接...
2019-04-09 22:11:15,266 - AdspyChromeMiddleware.py[line:58] - INFO: 第1次翻页...
2019-04-09 22:11:18,277 - AdspyChromeMiddleware.py[line:58] - INFO: 第2次翻页...
2019-04-09 22:11:21,283 - AdspyChromeMiddleware.py[line:58] - INFO: 第3次翻页...
2019-04-09 22:11:24,289 - AdspyChromeMiddleware.py[line:58] - INFO: 第4次翻页...
2019-04-09 22:11:27,295 - AdspyChromeMiddleware.py[line:58] - INFO: 第5次翻页...
2019-04-09 22:11:30,302 - AdspyChromeMiddleware.py[line:58] - INFO: 第6次翻页...
2019-04-09 22:11:33,305 - AdspyChromeMiddleware.py[line:58] - INFO: 第7次翻页...
2019-04-09 22:11:36,312 - AdspyChromeMiddleware.py[line:58] - INFO: 第8次翻页...
2019-04-09 22:11:39,318 - AdspyChromeMiddleware.py[line:58] - INFO: 第9次翻页...
2019-04-09 22:11:42,324 - AdspyChromeMiddleware.py[line:58] - INFO: 第10次翻页...
2019-04-09 22:11:45,330 - AdspyChromeMiddleware.py[line:58] - INFO: 第11次翻页...
2019-04-09 22:11:48,336 - AdspyChromeMiddleware.py[line:58] - INFO: 第12次翻页...
2019-04-09 22:11:51,342 - AdspyChromeMiddleware.py[line:58] - INFO: 第13次翻页...
2019-04-09 22:11:54,349 - AdspyChromeMiddleware.py[line:58] - INFO: 第14次翻页...
2019-04-09 22:11:57,355 - AdspyChromeMiddleware.py[line:58] - INFO: 第15次翻页...
2019-04-09 22:12:00,362 - AdspyChromeMiddleware.py[line:58] - INFO: 第16次翻页...
2019-04-09 22:12:03,367 - AdspyChromeMiddleware.py[line:58] - INFO: 第17次翻页...
2019-04-09 22:12:06,373 - AdspyChromeMiddleware.py[line:58] - INFO: 第18次翻页...
2019-04-09 22:12:09,379 - AdspyChromeMiddleware.py[line:58] - INFO: 第19次翻页...
2019-04-09 22:12:12,385 - AdspyChromeMiddleware.py[line:58] - INFO: 第20次翻页...
2019-04-09 22:12:17,576 - AdspySpider.py[line:104] - INFO: 登陆成功，解析完毕!
