2019-04-08 02:46:44,992 - AdspySpider.py[line:59] - INFO: AdspySpider启动...
2019-04-08 02:46:50,541 - AdspyChromeMiddleware.py[line:51] - INFO: 8428792@qq.com: 登录成功！
2019-04-08 02:46:51,064 - AdspyChromeMiddleware.py[line:55] - INFO: 开始下拉翻页获取视频链接...
2019-04-08 02:46:54,067 - AdspyChromeMiddleware.py[line:58] - INFO: 第1次翻页...
2019-04-08 02:46:57,082 - AdspyChromeMiddleware.py[line:58] - INFO: 第2次翻页...
2019-04-08 02:47:00,092 - AdspyChromeMiddleware.py[line:58] - INFO: 第3次翻页...
2019-04-08 02:47:03,100 - AdspyChromeMiddleware.py[line:58] - INFO: 第4次翻页...
2019-04-08 02:47:06,109 - AdspyChromeMiddleware.py[line:58] - INFO: 第5次翻页...
2019-04-08 02:47:09,120 - AdspyChromeMiddleware.py[line:58] - INFO: 第6次翻页...
2019-04-08 02:47:12,128 - AdspyChromeMiddleware.py[line:58] - INFO: 第7次翻页...
2019-04-08 02:47:15,140 - AdspyChromeMiddleware.py[line:58] - INFO: 第8次翻页...
2019-04-08 02:47:18,148 - AdspyChromeMiddleware.py[line:58] - INFO: 第9次翻页...
2019-04-08 02:47:21,171 - AdspyChromeMiddleware.py[line:58] - INFO: 第10次翻页...
2019-04-08 02:47:24,177 - AdspyChromeMiddleware.py[line:58] - INFO: 第11次翻页...
2019-04-08 02:47:27,191 - AdspyChromeMiddleware.py[line:58] - INFO: 第12次翻页...
2019-04-08 02:47:30,199 - AdspyChromeMiddleware.py[line:58] - INFO: 第13次翻页...
2019-04-08 02:47:33,212 - AdspyChromeMiddleware.py[line:58] - INFO: 第14次翻页...
2019-04-08 02:47:36,249 - AdspyChromeMiddleware.py[line:58] - INFO: 第15次翻页...
2019-04-08 02:47:39,326 - AdspyChromeMiddleware.py[line:58] - INFO: 第16次翻页...
2019-04-08 02:47:42,351 - AdspyChromeMiddleware.py[line:58] - INFO: 第17次翻页...
2019-04-08 02:47:45,364 - AdspyChromeMiddleware.py[line:58] - INFO: 第18次翻页...
2019-04-08 02:47:48,373 - AdspyChromeMiddleware.py[line:58] - INFO: 第19次翻页...
2019-04-08 02:47:51,382 - AdspyChromeMiddleware.py[line:58] - INFO: 第20次翻页...
2019-04-08 02:47:56,964 - AdspySpider.py[line:104] - INFO: 登陆成功，解析完毕!
2019-04-08 08:56:19,586 - AdspySpider.py[line:59] - INFO: AdspySpider启动...
2019-04-08 08:56:25,986 - AdspyChromeMiddleware.py[line:51] - INFO: 8428792@qq.com: 登录成功！
2019-04-08 08:56:26,879 - AdspyChromeMiddleware.py[line:55] - INFO: 开始下拉翻页获取视频链接...
2019-04-08 08:56:29,880 - AdspyChromeMiddleware.py[line:58] - INFO: 第1次翻页...
2019-04-08 08:56:32,890 - AdspyChromeMiddleware.py[line:58] - INFO: 第2次翻页...
2019-04-08 08:56:35,899 - AdspyChromeMiddleware.py[line:58] - INFO: 第3次翻页...
2019-04-08 08:56:38,921 - AdspyChromeMiddleware.py[line:58] - INFO: 第4次翻页...
2019-04-08 08:56:41,931 - AdspyChromeMiddleware.py[line:58] - INFO: 第5次翻页...
2019-04-08 08:56:44,940 - AdspyChromeMiddleware.py[line:58] - INFO: 第6次翻页...
2019-04-08 08:56:47,951 - AdspyChromeMiddleware.py[line:58] - INFO: 第7次翻页...
2019-04-08 08:56:50,958 - AdspyChromeMiddleware.py[line:58] - INFO: 第8次翻页...
2019-04-08 08:56:53,964 - AdspyChromeMiddleware.py[line:58] - INFO: 第9次翻页...
2019-04-08 08:56:56,975 - AdspyChromeMiddleware.py[line:58] - INFO: 第10次翻页...
2019-04-08 08:56:59,984 - AdspyChromeMiddleware.py[line:58] - INFO: 第11次翻页...
2019-04-08 08:57:02,992 - AdspyChromeMiddleware.py[line:58] - INFO: 第12次翻页...
2019-04-08 08:57:06,007 - AdspyChromeMiddleware.py[line:58] - INFO: 第13次翻页...
2019-04-08 08:57:09,027 - AdspyChromeMiddleware.py[line:58] - INFO: 第14次翻页...
2019-04-08 08:57:12,046 - AdspyChromeMiddleware.py[line:58] - INFO: 第15次翻页...
2019-04-08 08:57:15,058 - AdspyChromeMiddleware.py[line:58] - INFO: 第16次翻页...
2019-04-08 08:57:18,066 - AdspyChromeMiddleware.py[line:58] - INFO: 第17次翻页...
2019-04-08 08:57:21,074 - AdspyChromeMiddleware.py[line:58] - INFO: 第18次翻页...
2019-04-08 08:57:24,092 - AdspyChromeMiddleware.py[line:58] - INFO: 第19次翻页...
2019-04-08 08:57:27,117 - AdspyChromeMiddleware.py[line:58] - INFO: 第20次翻页...
2019-04-08 08:57:32,605 - AdspyRedisPipeline.py[line:26] - INFO: 解析到新链接： https://www.facebook.com/606824076353860
2019-04-08 08:57:32,611 - AdspyRedisPipeline.py[line:26] - INFO: 解析到新链接： https://www.facebook.com/605227436517251
2019-04-08 08:57:32,612 - AdspyRedisPipeline.py[line:26] - INFO: 解析到新链接： https://www.facebook.com/876089302453251
2019-04-08 08:57:32,690 - AdspySpider.py[line:104] - INFO: 登陆成功，解析完毕!
2019-04-08 15:07:01,023 - AdspySpider.py[line:59] - INFO: AdspySpider启动...
2019-04-08 15:07:06,979 - AdspyChromeMiddleware.py[line:51] - INFO: 8428792@qq.com: 登录成功！
2019-04-08 15:07:07,778 - AdspyChromeMiddleware.py[line:55] - INFO: 开始下拉翻页获取视频链接...
2019-04-08 15:07:10,781 - AdspyChromeMiddleware.py[line:58] - INFO: 第1次翻页...
2019-04-08 15:07:13,843 - AdspyChromeMiddleware.py[line:58] - INFO: 第2次翻页...
2019-04-08 15:07:16,853 - AdspyChromeMiddleware.py[line:58] - INFO: 第3次翻页...
2019-04-08 15:07:19,861 - AdspyChromeMiddleware.py[line:58] - INFO: 第4次翻页...
2019-04-08 15:07:22,869 - AdspyChromeMiddleware.py[line:58] - INFO: 第5次翻页...
2019-04-08 15:07:25,877 - AdspyChromeMiddleware.py[line:58] - INFO: 第6次翻页...
2019-04-08 15:07:28,888 - AdspyChromeMiddleware.py[line:58] - INFO: 第7次翻页...
2019-04-08 15:07:31,896 - AdspyChromeMiddleware.py[line:58] - INFO: 第8次翻页...
2019-04-08 15:07:34,904 - AdspyChromeMiddleware.py[line:58] - INFO: 第9次翻页...
2019-04-08 15:07:37,913 - AdspyChromeMiddleware.py[line:58] - INFO: 第10次翻页...
2019-04-08 15:07:40,922 - AdspyChromeMiddleware.py[line:58] - INFO: 第11次翻页...
2019-04-08 15:07:43,943 - AdspyChromeMiddleware.py[line:58] - INFO: 第12次翻页...
2019-04-08 15:07:46,956 - AdspyChromeMiddleware.py[line:58] - INFO: 第13次翻页...
2019-04-08 15:07:49,964 - AdspyChromeMiddleware.py[line:58] - INFO: 第14次翻页...
2019-04-08 15:07:52,981 - AdspyChromeMiddleware.py[line:58] - INFO: 第15次翻页...
2019-04-08 15:07:55,998 - AdspyChromeMiddleware.py[line:58] - INFO: 第16次翻页...
2019-04-08 15:07:59,006 - AdspyChromeMiddleware.py[line:58] - INFO: 第17次翻页...
2019-04-08 15:08:02,014 - AdspyChromeMiddleware.py[line:58] - INFO: 第18次翻页...
2019-04-08 15:08:05,020 - AdspyChromeMiddleware.py[line:58] - INFO: 第19次翻页...
2019-04-08 15:08:08,034 - AdspyChromeMiddleware.py[line:58] - INFO: 第20次翻页...
2019-04-08 15:08:13,594 - AdspyRedisPipeline.py[line:26] - INFO: 解析到新链接： https://www.facebook.com/2090877697620936
2019-04-08 15:08:13,628 - AdspyRedisPipeline.py[line:26] - INFO: 解析到新链接： https://www.facebook.com/2332305233708376
2019-04-08 15:08:13,715 - AdspySpider.py[line:104] - INFO: 登陆成功，解析完毕!
2019-04-08 21:18:05,937 - AdspySpider.py[line:59] - INFO: AdspySpider启动...
2019-04-08 21:18:11,610 - AdspyChromeMiddleware.py[line:51] - INFO: 8428792@qq.com: 登录成功！
2019-04-08 21:18:12,361 - AdspyChromeMiddleware.py[line:55] - INFO: 开始下拉翻页获取视频链接...
2019-04-08 21:18:15,362 - AdspyChromeMiddleware.py[line:58] - INFO: 第1次翻页...
2019-04-08 21:18:18,370 - AdspyChromeMiddleware.py[line:58] - INFO: 第2次翻页...
2019-04-08 21:18:21,377 - AdspyChromeMiddleware.py[line:58] - INFO: 第3次翻页...
2019-04-08 21:18:24,385 - AdspyChromeMiddleware.py[line:58] - INFO: 第4次翻页...
2019-04-08 21:18:27,396 - AdspyChromeMiddleware.py[line:58] - INFO: 第5次翻页...
2019-04-08 21:18:30,406 - AdspyChromeMiddleware.py[line:58] - INFO: 第6次翻页...
2019-04-08 21:18:33,414 - AdspyChromeMiddleware.py[line:58] - INFO: 第7次翻页...
2019-04-08 21:18:36,475 - AdspyChromeMiddleware.py[line:58] - INFO: 第8次翻页...
2019-04-08 21:18:39,490 - AdspyChromeMiddleware.py[line:58] - INFO: 第9次翻页...
2019-04-08 21:18:42,506 - AdspyChromeMiddleware.py[line:58] - INFO: 第10次翻页...
2019-04-08 21:18:45,529 - AdspyChromeMiddleware.py[line:58] - INFO: 第11次翻页...
2019-04-08 21:18:48,536 - AdspyChromeMiddleware.py[line:58] - INFO: 第12次翻页...
2019-04-08 21:18:51,549 - AdspyChromeMiddleware.py[line:58] - INFO: 第13次翻页...
2019-04-08 21:18:54,576 - AdspyChromeMiddleware.py[line:58] - INFO: 第14次翻页...
2019-04-08 21:18:57,599 - AdspyChromeMiddleware.py[line:58] - INFO: 第15次翻页...
2019-04-08 21:19:00,607 - AdspyChromeMiddleware.py[line:58] - INFO: 第16次翻页...
2019-04-08 21:19:03,626 - AdspyChromeMiddleware.py[line:58] - INFO: 第17次翻页...
2019-04-08 21:19:06,650 - AdspyChromeMiddleware.py[line:58] - INFO: 第18次翻页...
2019-04-08 21:19:09,658 - AdspyChromeMiddleware.py[line:58] - INFO: 第19次翻页...
2019-04-08 21:19:12,681 - AdspyChromeMiddleware.py[line:58] - INFO: 第20次翻页...
2019-04-08 21:19:18,290 - AdspyRedisPipeline.py[line:26] - INFO: 解析到新链接： https://www.facebook.com/2132471320323743
2019-04-08 21:19:18,300 - AdspyRedisPipeline.py[line:26] - INFO: 解析到新链接： https://www.facebook.com/429344021165109
2019-04-08 21:19:18,320 - AdspyRedisPipeline.py[line:26] - INFO: 解析到新链接： https://www.facebook.com/363477940946603
2019-04-08 21:19:18,323 - AdspyRedisPipeline.py[line:26] - INFO: 解析到新链接： https://www.facebook.com/1317924841698022
2019-04-08 21:19:18,325 - AdspyRedisPipeline.py[line:26] - INFO: 解析到新链接： https://www.facebook.com/231974164357592
2019-04-08 21:19:18,331 - AdspyRedisPipeline.py[line:26] - INFO: 解析到新链接： https://www.facebook.com/101960684001513
2019-04-08 21:19:18,332 - AdspyRedisPipeline.py[line:26] - INFO: 解析到新链接： https://www.facebook.com/1958044671170347
2019-04-08 21:19:18,361 - AdspyRedisPipeline.py[line:26] - INFO: 解析到新链接： https://www.facebook.com/981503922026094
2019-04-08 21:19:18,364 - AdspyRedisPipeline.py[line:26] - INFO: 解析到新链接： https://www.facebook.com/304158176923152
2019-04-08 21:19:18,439 - AdspySpider.py[line:104] - INFO: 登陆成功，解析完毕!
