2019-04-08 02:46:43,797 - AdspySpider.py[line:15] - INFO: 启动：adspySpider(爬取adspySpider.com网站)
2019-04-08 02:47:57,544 - AdSectorSpider.py[line:17] - INFO: 启动：adSectorSpider(爬取adSector.com网站)
2019-04-08 02:55:15,798 - HomepageSpider.py[line:18] - INFO: 启动：homepageSpider(爬取facebook主页信息)
2019-04-08 02:55:37,050 - HomepageSpider.py[line:64] - INFO: 启动HomepageSpider，准备开始工作...
2019-04-08 02:56:05,857 - HomepageSpider.py[line:143] - INFO: https://www.facebook.com/Wilderdog/: 爬取成功！
2019-04-08 02:56:10,476 - HomepageSpider.py[line:143] - INFO: https://www.facebook.com/zingRo.Co/: 爬取成功！
2019-04-08 02:56:10,726 - HomepageSpider.py[line:143] - INFO: https://www.facebook.com/AmericanKennelClub/: 爬取成功！
2019-04-08 02:56:10,862 - GetVideoSpider.py[line:24] - INFO: 启动：getVideoSpider(爬取adSector.com网站的视频详情)
2019-04-08 08:56:18,411 - AdspySpider.py[line:15] - INFO: 启动：adspySpider(爬取adspySpider.com网站)
2019-04-08 08:57:32,987 - AdSectorSpider.py[line:17] - INFO: 启动：adSectorSpider(爬取adSector.com网站)
2019-04-08 09:06:23,325 - HomepageSpider.py[line:18] - INFO: 启动：homepageSpider(爬取facebook主页信息)
2019-04-08 09:06:44,516 - HomepageSpider.py[line:64] - INFO: 启动HomepageSpider，准备开始工作...
2019-04-08 09:06:48,672 - HomepageSpider.py[line:143] - INFO: https://www.facebook.com/yogazenstore/: 爬取成功！
2019-04-08 09:06:49,828 - HomepageSpider.py[line:143] - INFO: https://www.facebook.com/Elma-Shop-459826264524109/: 爬取成功！
2019-04-08 09:06:50,254 - HomepageSpider.py[line:143] - INFO: https://www.facebook.com/ProjectRepat/: 爬取成功！
2019-04-08 09:06:50,383 - GetVideoSpider.py[line:24] - INFO: 启动：getVideoSpider(爬取adSector.com网站的视频详情)
2019-04-08 15:06:59,844 - AdspySpider.py[line:15] - INFO: 启动：adspySpider(爬取adspySpider.com网站)
2019-04-08 15:08:14,057 - AdSectorSpider.py[line:17] - INFO: 启动：adSectorSpider(爬取adSector.com网站)
2019-04-08 15:17:26,062 - HomepageSpider.py[line:18] - INFO: 启动：homepageSpider(爬取facebook主页信息)
2019-04-08 15:17:47,254 - HomepageSpider.py[line:64] - INFO: 启动HomepageSpider，准备开始工作...
2019-04-08 15:17:56,652 - HomepageSpider.py[line:143] - INFO: https://www.facebook.com/CharmModaOfficial/: 爬取成功！
2019-04-08 15:17:58,686 - HomepageSpider.py[line:143] - INFO: https://www.facebook.com/Be-HighKey-2332305233708376/: 爬取成功！
2019-04-08 15:17:59,398 - HomepageSpider.py[line:143] - INFO: https://www.facebook.com/TravelersAdventure/: 爬取成功！
2019-04-08 15:17:59,526 - GetVideoSpider.py[line:24] - INFO: 启动：getVideoSpider(爬取adSector.com网站的视频详情)
2019-04-08 21:18:04,756 - AdspySpider.py[line:15] - INFO: 启动：adspySpider(爬取adspySpider.com网站)
2019-04-08 21:19:18,759 - AdSectorSpider.py[line:17] - INFO: 启动：adSectorSpider(爬取adSector.com网站)
2019-04-08 21:31:23,158 - HomepageSpider.py[line:18] - INFO: 启动：homepageSpider(爬取facebook主页信息)
2019-04-08 21:31:44,355 - HomepageSpider.py[line:64] - INFO: 启动HomepageSpider，准备开始工作...
2019-04-08 21:31:45,695 - HomepageSpider.py[line:143] - INFO: https://www.facebook.com/Home-Gadgets-270392663433615/: 爬取成功！
2019-04-08 21:31:46,093 - HomepageSpider.py[line:143] - INFO: https://www.facebook.com/wufers/: 爬取成功！
2019-04-08 21:31:47,047 - HomepageSpider.py[line:143] - INFO: https://www.facebook.com/advancedmetalart/: 爬取成功！
2019-04-08 21:31:47,178 - GetVideoSpider.py[line:24] - INFO: 启动：getVideoSpider(爬取adSector.com网站的视频详情)
