2019-04-01 04:08:29,388 - AdspySpider.py[line:59] - INFO: AdspySpider启动...
2019-04-01 04:08:34,617 - AdspyChromeMiddleware.py[line:51] - INFO: 8428792@qq.com: 登录成功！
2019-04-01 04:08:35,538 - AdspyChromeMiddleware.py[line:55] - INFO: 开始下拉翻页获取视频链接...
2019-04-01 04:08:38,541 - AdspyChromeMiddleware.py[line:58] - INFO: 第1次翻页...
2019-04-01 04:08:41,550 - AdspyChromeMiddleware.py[line:58] - INFO: 第2次翻页...
2019-04-01 04:08:44,558 - AdspyChromeMiddleware.py[line:58] - INFO: 第3次翻页...
2019-04-01 04:08:47,575 - AdspyChromeMiddleware.py[line:58] - INFO: 第4次翻页...
2019-04-01 04:08:50,586 - AdspyChromeMiddleware.py[line:58] - INFO: 第5次翻页...
2019-04-01 04:08:53,595 - AdspyChromeMiddleware.py[line:58] - INFO: 第6次翻页...
2019-04-01 04:08:56,605 - AdspyChromeMiddleware.py[line:58] - INFO: 第7次翻页...
2019-04-01 04:08:59,613 - AdspyChromeMiddleware.py[line:58] - INFO: 第8次翻页...
2019-04-01 04:09:02,621 - AdspyChromeMiddleware.py[line:58] - INFO: 第9次翻页...
2019-04-01 04:09:05,637 - AdspyChromeMiddleware.py[line:58] - INFO: 第10次翻页...
2019-04-01 04:09:08,650 - AdspyChromeMiddleware.py[line:58] - INFO: 第11次翻页...
2019-04-01 04:09:11,658 - AdspyChromeMiddleware.py[line:58] - INFO: 第12次翻页...
2019-04-01 04:09:14,671 - AdspyChromeMiddleware.py[line:58] - INFO: 第13次翻页...
2019-04-01 04:09:17,692 - AdspyChromeMiddleware.py[line:58] - INFO: 第14次翻页...
2019-04-01 04:09:20,698 - AdspyChromeMiddleware.py[line:58] - INFO: 第15次翻页...
2019-04-01 04:09:23,713 - AdspyChromeMiddleware.py[line:58] - INFO: 第16次翻页...
2019-04-01 04:09:26,723 - AdspyChromeMiddleware.py[line:58] - INFO: 第17次翻页...
2019-04-01 04:09:29,729 - AdspyChromeMiddleware.py[line:58] - INFO: 第18次翻页...
2019-04-01 04:09:32,744 - AdspyChromeMiddleware.py[line:58] - INFO: 第19次翻页...
2019-04-01 04:09:35,770 - AdspyChromeMiddleware.py[line:58] - INFO: 第20次翻页...
2019-04-01 04:09:41,335 - AdspyRedisPipeline.py[line:26] - INFO: 解析到新链接： https://www.facebook.com/949058178452529
2019-04-01 04:09:41,345 - AdspyRedisPipeline.py[line:26] - INFO: 解析到新链接： https://www.facebook.com/252357715719287
2019-04-01 04:09:41,347 - AdspyRedisPipeline.py[line:26] - INFO: 解析到新链接： https://www.facebook.com/347035809237289
2019-04-01 04:09:41,361 - AdspyRedisPipeline.py[line:26] - INFO: 解析到新链接： https://www.facebook.com/358082541467549
2019-04-01 04:09:41,368 - AdspyRedisPipeline.py[line:26] - INFO: 解析到新链接： https://www.facebook.com/343562713168549
2019-04-01 04:09:41,369 - AdspyRedisPipeline.py[line:26] - INFO: 解析到新链接： https://www.facebook.com/797927883681386
2019-04-01 04:09:41,371 - AdspyRedisPipeline.py[line:26] - INFO: 解析到新链接： https://www.facebook.com/1319819014796494
2019-04-01 04:09:41,372 - AdspyRedisPipeline.py[line:26] - INFO: 解析到新链接： https://www.facebook.com/944228528994102
2019-04-01 04:09:41,384 - AdspyRedisPipeline.py[line:26] - INFO: 解析到新链接： https://www.facebook.com/289824358167377
2019-04-01 04:09:41,393 - AdspyRedisPipeline.py[line:26] - INFO: 解析到新链接： https://www.facebook.com/1219438141497714
2019-04-01 04:09:41,464 - AdspySpider.py[line:104] - INFO: 登陆成功，解析完毕!
2019-04-01 10:16:58,421 - AdspySpider.py[line:59] - INFO: AdspySpider启动...
2019-04-01 10:17:04,893 - AdspyChromeMiddleware.py[line:51] - INFO: 8428792@qq.com: 登录成功！
2019-04-01 10:17:05,899 - AdspyChromeMiddleware.py[line:55] - INFO: 开始下拉翻页获取视频链接...
2019-04-01 10:17:08,901 - AdspyChromeMiddleware.py[line:58] - INFO: 第1次翻页...
2019-04-01 10:17:11,911 - AdspyChromeMiddleware.py[line:58] - INFO: 第2次翻页...
2019-04-01 10:17:14,919 - AdspyChromeMiddleware.py[line:58] - INFO: 第3次翻页...
2019-04-01 10:17:17,927 - AdspyChromeMiddleware.py[line:58] - INFO: 第4次翻页...
2019-04-01 10:17:20,938 - AdspyChromeMiddleware.py[line:58] - INFO: 第5次翻页...
2019-04-01 10:17:23,951 - AdspyChromeMiddleware.py[line:58] - INFO: 第6次翻页...
2019-04-01 10:17:26,959 - AdspyChromeMiddleware.py[line:58] - INFO: 第7次翻页...
2019-04-01 10:17:29,979 - AdspyChromeMiddleware.py[line:58] - INFO: 第8次翻页...
2019-04-01 10:17:32,987 - AdspyChromeMiddleware.py[line:58] - INFO: 第9次翻页...
2019-04-01 10:17:36,007 - AdspyChromeMiddleware.py[line:58] - INFO: 第10次翻页...
2019-04-01 10:17:39,026 - AdspyChromeMiddleware.py[line:58] - INFO: 第11次翻页...
2019-04-01 10:17:42,034 - AdspyChromeMiddleware.py[line:58] - INFO: 第12次翻页...
2019-04-01 10:17:45,044 - AdspyChromeMiddleware.py[line:58] - INFO: 第13次翻页...
2019-04-01 10:17:48,050 - AdspyChromeMiddleware.py[line:58] - INFO: 第14次翻页...
2019-04-01 10:17:51,064 - AdspyChromeMiddleware.py[line:58] - INFO: 第15次翻页...
2019-04-01 10:17:54,077 - AdspyChromeMiddleware.py[line:58] - INFO: 第16次翻页...
2019-04-01 10:17:57,279 - AdspyChromeMiddleware.py[line:58] - INFO: 第17次翻页...
2019-04-01 10:18:00,303 - AdspyChromeMiddleware.py[line:58] - INFO: 第18次翻页...
2019-04-01 10:18:03,319 - AdspyChromeMiddleware.py[line:58] - INFO: 第19次翻页...
2019-04-01 10:18:06,333 - AdspyChromeMiddleware.py[line:58] - INFO: 第20次翻页...
2019-04-01 10:18:11,931 - AdspyRedisPipeline.py[line:26] - INFO: 解析到新链接： https://www.facebook.com/1931387363848557
2019-04-01 10:18:11,934 - AdspyRedisPipeline.py[line:26] - INFO: 解析到新链接： https://www.facebook.com/377543663061405
2019-04-01 10:18:11,936 - AdspyRedisPipeline.py[line:26] - INFO: 解析到新链接： https://www.facebook.com/341758213218952
2019-04-01 10:18:11,938 - AdspyRedisPipeline.py[line:26] - INFO: 解析到新链接： https://www.facebook.com/1242729032543645
2019-04-01 10:18:11,941 - AdspyRedisPipeline.py[line:26] - INFO: 解析到新链接： https://www.facebook.com/759124744456943
2019-04-01 10:18:11,949 - AdspyRedisPipeline.py[line:26] - INFO: 解析到新链接： https://www.facebook.com/140484206315357
2019-04-01 10:18:11,950 - AdspyRedisPipeline.py[line:26] - INFO: 解析到新链接： https://www.facebook.com/1663064717128026
2019-04-01 10:18:11,971 - AdspyRedisPipeline.py[line:26] - INFO: 解析到新链接： https://www.facebook.com/176273119083901
2019-04-01 10:18:11,972 - AdspyRedisPipeline.py[line:26] - INFO: 解析到新链接： https://www.facebook.com/801700590182424
2019-04-01 10:18:11,976 - AdspyRedisPipeline.py[line:26] - INFO: 解析到新链接： https://www.facebook.com/103454679707222
2019-04-01 10:18:11,978 - AdspyRedisPipeline.py[line:26] - INFO: 解析到新链接： https://www.facebook.com/243214259939138
2019-04-01 10:18:11,989 - AdspyRedisPipeline.py[line:26] - INFO: 解析到新链接： https://www.facebook.com/217970472255116
2019-04-01 10:18:11,992 - AdspyRedisPipeline.py[line:26] - INFO: 解析到新链接： https://www.facebook.com/797732833917294
2019-04-01 10:18:11,996 - AdspyRedisPipeline.py[line:26] - INFO: 解析到新链接： https://www.facebook.com/163568460363631
2019-04-01 10:18:12,075 - AdspySpider.py[line:104] - INFO: 登陆成功，解析完毕!
2019-04-01 16:25:52,763 - AdspySpider.py[line:59] - INFO: AdspySpider启动...
2019-04-01 16:25:57,782 - AdspyChromeMiddleware.py[line:51] - INFO: 8428792@qq.com: 登录成功！
2019-04-01 16:25:58,557 - AdspyChromeMiddleware.py[line:55] - INFO: 开始下拉翻页获取视频链接...
2019-04-01 16:26:01,560 - AdspyChromeMiddleware.py[line:58] - INFO: 第1次翻页...
2019-04-01 16:26:04,568 - AdspyChromeMiddleware.py[line:58] - INFO: 第2次翻页...
2019-04-01 16:26:07,584 - AdspyChromeMiddleware.py[line:58] - INFO: 第3次翻页...
2019-04-01 16:26:10,592 - AdspyChromeMiddleware.py[line:58] - INFO: 第4次翻页...
2019-04-01 16:26:13,601 - AdspyChromeMiddleware.py[line:58] - INFO: 第5次翻页...
2019-04-01 16:26:16,609 - AdspyChromeMiddleware.py[line:58] - INFO: 第6次翻页...
2019-04-01 16:26:19,621 - AdspyChromeMiddleware.py[line:58] - INFO: 第7次翻页...
2019-04-01 16:26:22,629 - AdspyChromeMiddleware.py[line:58] - INFO: 第8次翻页...
2019-04-01 16:26:25,636 - AdspyChromeMiddleware.py[line:58] - INFO: 第9次翻页...
2019-04-01 16:26:28,654 - AdspyChromeMiddleware.py[line:58] - INFO: 第10次翻页...
2019-04-01 16:26:31,666 - AdspyChromeMiddleware.py[line:58] - INFO: 第11次翻页...
2019-04-01 16:26:34,675 - AdspyChromeMiddleware.py[line:58] - INFO: 第12次翻页...
2019-04-01 16:26:37,683 - AdspyChromeMiddleware.py[line:58] - INFO: 第13次翻页...
2019-04-01 16:26:40,692 - AdspyChromeMiddleware.py[line:58] - INFO: 第14次翻页...
2019-04-01 16:26:43,699 - AdspyChromeMiddleware.py[line:58] - INFO: 第15次翻页...
2019-04-01 16:26:46,706 - AdspyChromeMiddleware.py[line:58] - INFO: 第16次翻页...
2019-04-01 16:26:49,716 - AdspyChromeMiddleware.py[line:58] - INFO: 第17次翻页...
2019-04-01 16:26:52,722 - AdspyChromeMiddleware.py[line:58] - INFO: 第18次翻页...
2019-04-01 16:26:55,730 - AdspyChromeMiddleware.py[line:58] - INFO: 第19次翻页...
2019-04-01 16:26:58,761 - AdspyChromeMiddleware.py[line:58] - INFO: 第20次翻页...
2019-04-01 16:27:04,383 - AdspyRedisPipeline.py[line:26] - INFO: 解析到新链接： https://www.facebook.com/106124326562
2019-04-01 16:27:04,464 - AdspySpider.py[line:104] - INFO: 登陆成功，解析完毕!
2019-04-01 22:35:24,573 - AdspySpider.py[line:59] - INFO: AdspySpider启动...
2019-04-01 22:35:29,902 - AdspyChromeMiddleware.py[line:51] - INFO: 8428792@qq.com: 登录成功！
2019-04-01 22:35:30,677 - AdspyChromeMiddleware.py[line:55] - INFO: 开始下拉翻页获取视频链接...
2019-04-01 22:35:33,679 - AdspyChromeMiddleware.py[line:58] - INFO: 第1次翻页...
2019-04-01 22:35:36,689 - AdspyChromeMiddleware.py[line:58] - INFO: 第2次翻页...
2019-04-01 22:35:39,696 - AdspyChromeMiddleware.py[line:58] - INFO: 第3次翻页...
2019-04-01 22:35:42,703 - AdspyChromeMiddleware.py[line:58] - INFO: 第4次翻页...
2019-04-01 22:35:45,711 - AdspyChromeMiddleware.py[line:58] - INFO: 第5次翻页...
2019-04-01 22:35:48,720 - AdspyChromeMiddleware.py[line:58] - INFO: 第6次翻页...
2019-04-01 22:35:51,725 - AdspyChromeMiddleware.py[line:58] - INFO: 第7次翻页...
2019-04-01 22:35:54,747 - AdspyChromeMiddleware.py[line:58] - INFO: 第8次翻页...
2019-04-01 22:35:57,753 - AdspyChromeMiddleware.py[line:58] - INFO: 第9次翻页...
2019-04-01 22:36:00,761 - AdspyChromeMiddleware.py[line:58] - INFO: 第10次翻页...
2019-04-01 22:36:03,832 - AdspyChromeMiddleware.py[line:58] - INFO: 第11次翻页...
2019-04-01 22:36:06,848 - AdspyChromeMiddleware.py[line:58] - INFO: 第12次翻页...
2019-04-01 22:36:09,865 - AdspyChromeMiddleware.py[line:58] - INFO: 第13次翻页...
2019-04-01 22:36:12,870 - AdspyChromeMiddleware.py[line:58] - INFO: 第14次翻页...
2019-04-01 22:36:15,878 - AdspyChromeMiddleware.py[line:58] - INFO: 第15次翻页...
2019-04-01 22:36:18,894 - AdspyChromeMiddleware.py[line:58] - INFO: 第16次翻页...
2019-04-01 22:36:21,905 - AdspyChromeMiddleware.py[line:58] - INFO: 第17次翻页...
2019-04-01 22:36:24,915 - AdspyChromeMiddleware.py[line:58] - INFO: 第18次翻页...
2019-04-01 22:36:27,925 - AdspyChromeMiddleware.py[line:58] - INFO: 第19次翻页...
2019-04-01 22:36:30,934 - AdspyChromeMiddleware.py[line:58] - INFO: 第20次翻页...
2019-04-01 22:36:36,558 - AdspyRedisPipeline.py[line:26] - INFO: 解析到新链接： https://www.facebook.com/268163180551536
2019-04-01 22:36:36,561 - AdspyRedisPipeline.py[line:26] - INFO: 解析到新链接： https://www.facebook.com/2281133491918195
2019-04-01 22:36:36,564 - AdspyRedisPipeline.py[line:26] - INFO: 解析到新链接： https://www.facebook.com/386222168541943
2019-04-01 22:36:36,573 - AdspyRedisPipeline.py[line:26] - INFO: 解析到新链接： https://www.facebook.com/1448131642072946
2019-04-01 22:36:36,573 - AdspyRedisPipeline.py[line:26] - INFO: 解析到新链接： https://www.facebook.com/2075100989419139
2019-04-01 22:36:36,580 - AdspyRedisPipeline.py[line:26] - INFO: 解析到新链接： https://www.facebook.com/379603002679251
2019-04-01 22:36:36,580 - AdspyRedisPipeline.py[line:26] - INFO: 解析到新链接： https://www.facebook.com/2735380856687228
2019-04-01 22:36:36,586 - AdspyRedisPipeline.py[line:26] - INFO: 解析到新链接： https://www.facebook.com/558182950995651
2019-04-01 22:36:36,595 - AdspyRedisPipeline.py[line:26] - INFO: 解析到新链接： https://www.facebook.com/406260143529305
2019-04-01 22:36:36,613 - AdspyRedisPipeline.py[line:26] - INFO: 解析到新链接： https://www.facebook.com/240510526053
2019-04-01 22:36:36,617 - AdspyRedisPipeline.py[line:26] - INFO: 解析到新链接： https://www.facebook.com/1526047160831537
2019-04-01 22:36:36,619 - AdspyRedisPipeline.py[line:26] - INFO: 解析到新链接： https://www.facebook.com/239106900317621
2019-04-01 22:36:36,620 - AdspyRedisPipeline.py[line:26] - INFO: 解析到新链接： https://www.facebook.com/143995146271877
2019-04-01 22:36:36,629 - AdspyRedisPipeline.py[line:26] - INFO: 解析到新链接： https://www.facebook.com/610449749101299
2019-04-01 22:36:36,703 - AdspySpider.py[line:104] - INFO: 登陆成功，解析完毕!
