2019-04-07 02:03:15,336 - AdspySpider.py[line:59] - INFO: AdspySpider启动...
2019-04-07 02:03:21,014 - AdspyChromeMiddleware.py[line:51] - INFO: 8428792@qq.com: 登录成功！
2019-04-07 02:03:21,800 - AdspyChromeMiddleware.py[line:55] - INFO: 开始下拉翻页获取视频链接...
2019-04-07 02:03:24,802 - AdspyChromeMiddleware.py[line:58] - INFO: 第1次翻页...
2019-04-07 02:03:27,819 - AdspyChromeMiddleware.py[line:58] - INFO: 第2次翻页...
2019-04-07 02:03:30,834 - AdspyChromeMiddleware.py[line:58] - INFO: 第3次翻页...
2019-04-07 02:03:33,842 - AdspyChromeMiddleware.py[line:58] - INFO: 第4次翻页...
2019-04-07 02:03:36,852 - AdspyChromeMiddleware.py[line:58] - INFO: 第5次翻页...
2019-04-07 02:03:39,858 - AdspyChromeMiddleware.py[line:58] - INFO: 第6次翻页...
2019-04-07 02:03:42,875 - AdspyChromeMiddleware.py[line:58] - INFO: 第7次翻页...
2019-04-07 02:03:45,892 - AdspyChromeMiddleware.py[line:58] - INFO: 第8次翻页...
2019-04-07 02:03:48,899 - AdspyChromeMiddleware.py[line:58] - INFO: 第9次翻页...
2019-04-07 02:03:51,922 - AdspyChromeMiddleware.py[line:58] - INFO: 第10次翻页...
2019-04-07 02:03:54,931 - AdspyChromeMiddleware.py[line:58] - INFO: 第11次翻页...
2019-04-07 02:03:57,942 - AdspyChromeMiddleware.py[line:58] - INFO: 第12次翻页...
2019-04-07 02:04:00,950 - AdspyChromeMiddleware.py[line:58] - INFO: 第13次翻页...
2019-04-07 02:04:03,960 - AdspyChromeMiddleware.py[line:58] - INFO: 第14次翻页...
2019-04-07 02:04:06,967 - AdspyChromeMiddleware.py[line:58] - INFO: 第15次翻页...
2019-04-07 02:04:09,987 - AdspyChromeMiddleware.py[line:58] - INFO: 第16次翻页...
2019-04-07 02:04:12,998 - AdspyChromeMiddleware.py[line:58] - INFO: 第17次翻页...
2019-04-07 02:04:16,031 - AdspyChromeMiddleware.py[line:58] - INFO: 第18次翻页...
2019-04-07 02:04:19,048 - AdspyChromeMiddleware.py[line:58] - INFO: 第19次翻页...
2019-04-07 02:04:22,061 - AdspyChromeMiddleware.py[line:58] - INFO: 第20次翻页...
2019-04-07 02:04:27,691 - AdspyRedisPipeline.py[line:26] - INFO: 解析到新链接： https://www.facebook.com/478864005850884
2019-04-07 02:04:27,707 - AdspyRedisPipeline.py[line:26] - INFO: 解析到新链接： https://www.facebook.com/1992289347694517
2019-04-07 02:04:27,773 - AdspySpider.py[line:104] - INFO: 登陆成功，解析完毕!
2019-04-07 08:12:33,777 - AdspySpider.py[line:59] - INFO: AdspySpider启动...
2019-04-07 08:12:39,284 - AdspyChromeMiddleware.py[line:51] - INFO: 8428792@qq.com: 登录成功！
2019-04-07 08:12:39,828 - AdspyChromeMiddleware.py[line:55] - INFO: 开始下拉翻页获取视频链接...
2019-04-07 08:12:42,831 - AdspyChromeMiddleware.py[line:58] - INFO: 第1次翻页...
2019-04-07 08:12:45,840 - AdspyChromeMiddleware.py[line:58] - INFO: 第2次翻页...
2019-04-07 08:12:48,851 - AdspyChromeMiddleware.py[line:58] - INFO: 第3次翻页...
2019-04-07 08:12:51,864 - AdspyChromeMiddleware.py[line:58] - INFO: 第4次翻页...
2019-04-07 08:12:54,871 - AdspyChromeMiddleware.py[line:58] - INFO: 第5次翻页...
2019-04-07 08:12:57,883 - AdspyChromeMiddleware.py[line:58] - INFO: 第6次翻页...
2019-04-07 08:13:00,893 - AdspyChromeMiddleware.py[line:58] - INFO: 第7次翻页...
2019-04-07 08:13:03,901 - AdspyChromeMiddleware.py[line:58] - INFO: 第8次翻页...
2019-04-07 08:13:06,908 - AdspyChromeMiddleware.py[line:58] - INFO: 第9次翻页...
2019-04-07 08:13:09,916 - AdspyChromeMiddleware.py[line:58] - INFO: 第10次翻页...
2019-04-07 08:13:12,932 - AdspyChromeMiddleware.py[line:58] - INFO: 第11次翻页...
2019-04-07 08:13:15,938 - AdspyChromeMiddleware.py[line:58] - INFO: 第12次翻页...
2019-04-07 08:13:18,947 - AdspyChromeMiddleware.py[line:58] - INFO: 第13次翻页...
2019-04-07 08:13:21,969 - AdspyChromeMiddleware.py[line:58] - INFO: 第14次翻页...
2019-04-07 08:13:25,000 - AdspyChromeMiddleware.py[line:58] - INFO: 第15次翻页...
2019-04-07 08:13:28,008 - AdspyChromeMiddleware.py[line:58] - INFO: 第16次翻页...
2019-04-07 08:13:31,016 - AdspyChromeMiddleware.py[line:58] - INFO: 第17次翻页...
2019-04-07 08:13:34,024 - AdspyChromeMiddleware.py[line:58] - INFO: 第18次翻页...
2019-04-07 08:13:37,034 - AdspyChromeMiddleware.py[line:58] - INFO: 第19次翻页...
2019-04-07 08:13:40,050 - AdspyChromeMiddleware.py[line:58] - INFO: 第20次翻页...
2019-04-07 08:13:45,740 - AdspyRedisPipeline.py[line:26] - INFO: 解析到新链接： https://www.facebook.com/1774954682725020
2019-04-07 08:13:45,742 - AdspyRedisPipeline.py[line:26] - INFO: 解析到新链接： https://www.facebook.com/602160426598849
2019-04-07 08:13:45,743 - AdspyRedisPipeline.py[line:26] - INFO: 解析到新链接： https://www.facebook.com/664200923596900
2019-04-07 08:13:45,744 - AdspyRedisPipeline.py[line:26] - INFO: 解析到新链接： https://www.facebook.com/326528780886984
2019-04-07 08:13:45,745 - AdspyRedisPipeline.py[line:26] - INFO: 解析到新链接： https://www.facebook.com/100537260133238
2019-04-07 08:13:45,746 - AdspyRedisPipeline.py[line:26] - INFO: 解析到新链接： https://www.facebook.com/369082696979640
2019-04-07 08:13:45,750 - AdspyRedisPipeline.py[line:26] - INFO: 解析到新链接： https://www.facebook.com/656225188139262
2019-04-07 08:13:45,760 - AdspyRedisPipeline.py[line:26] - INFO: 解析到新链接： https://www.facebook.com/1048625808664897
2019-04-07 08:13:45,762 - AdspyRedisPipeline.py[line:26] - INFO: 解析到新链接： https://www.facebook.com/1482171662054775
2019-04-07 08:13:45,765 - AdspyRedisPipeline.py[line:26] - INFO: 解析到新链接： https://www.facebook.com/471999363009479
2019-04-07 08:13:45,776 - AdspyRedisPipeline.py[line:26] - INFO: 解析到新链接： https://www.facebook.com/369242496958845
2019-04-07 08:13:45,777 - AdspyRedisPipeline.py[line:26] - INFO: 解析到新链接： https://www.facebook.com/350613315666949
2019-04-07 08:13:45,780 - AdspyRedisPipeline.py[line:26] - INFO: 解析到新链接： https://www.facebook.com/1717506048563787
2019-04-07 08:13:45,789 - AdspyRedisPipeline.py[line:26] - INFO: 解析到新链接： https://www.facebook.com/161532537317758
2019-04-07 08:13:45,790 - AdspyRedisPipeline.py[line:26] - INFO: 解析到新链接： https://www.facebook.com/2141053802890440
2019-04-07 08:13:45,791 - AdspyRedisPipeline.py[line:26] - INFO: 解析到新链接： https://www.facebook.com/112091352659803
2019-04-07 08:13:45,805 - AdspyRedisPipeline.py[line:26] - INFO: 解析到新链接： https://www.facebook.com/313383869179772
2019-04-07 08:13:45,813 - AdspyRedisPipeline.py[line:26] - INFO: 解析到新链接： https://www.facebook.com/628565370889699
2019-04-07 08:13:45,819 - AdspyRedisPipeline.py[line:26] - INFO: 解析到新链接： https://www.facebook.com/1440353276277097
2019-04-07 08:13:45,823 - AdspyRedisPipeline.py[line:26] - INFO: 解析到新链接： https://www.facebook.com/1112730515514287
2019-04-07 08:13:45,910 - AdspySpider.py[line:104] - INFO: 登陆成功，解析完毕!
2019-04-07 14:23:04,273 - AdspySpider.py[line:59] - INFO: AdspySpider启动...
2019-04-07 14:23:10,052 - AdspyChromeMiddleware.py[line:51] - INFO: 8428792@qq.com: 登录成功！
2019-04-07 14:23:10,844 - AdspyChromeMiddleware.py[line:55] - INFO: 开始下拉翻页获取视频链接...
2019-04-07 14:23:13,847 - AdspyChromeMiddleware.py[line:58] - INFO: 第1次翻页...
2019-04-07 14:23:16,857 - AdspyChromeMiddleware.py[line:58] - INFO: 第2次翻页...
2019-04-07 14:23:19,864 - AdspyChromeMiddleware.py[line:58] - INFO: 第3次翻页...
2019-04-07 14:23:22,871 - AdspyChromeMiddleware.py[line:58] - INFO: 第4次翻页...
2019-04-07 14:23:25,879 - AdspyChromeMiddleware.py[line:58] - INFO: 第5次翻页...
2019-04-07 14:23:28,890 - AdspyChromeMiddleware.py[line:58] - INFO: 第6次翻页...
2019-04-07 14:23:31,898 - AdspyChromeMiddleware.py[line:58] - INFO: 第7次翻页...
2019-04-07 14:23:34,907 - AdspyChromeMiddleware.py[line:58] - INFO: 第8次翻页...
2019-04-07 14:23:37,915 - AdspyChromeMiddleware.py[line:58] - INFO: 第9次翻页...
2019-04-07 14:23:40,929 - AdspyChromeMiddleware.py[line:58] - INFO: 第10次翻页...
2019-04-07 14:23:43,945 - AdspyChromeMiddleware.py[line:58] - INFO: 第11次翻页...
2019-04-07 14:23:46,953 - AdspyChromeMiddleware.py[line:58] - INFO: 第12次翻页...
2019-04-07 14:23:49,961 - AdspyChromeMiddleware.py[line:58] - INFO: 第13次翻页...
2019-04-07 14:23:52,970 - AdspyChromeMiddleware.py[line:58] - INFO: 第14次翻页...
2019-04-07 14:23:55,983 - AdspyChromeMiddleware.py[line:58] - INFO: 第15次翻页...
2019-04-07 14:23:59,007 - AdspyChromeMiddleware.py[line:58] - INFO: 第16次翻页...
2019-04-07 14:24:02,023 - AdspyChromeMiddleware.py[line:58] - INFO: 第17次翻页...
2019-04-07 14:24:05,037 - AdspyChromeMiddleware.py[line:58] - INFO: 第18次翻页...
2019-04-07 14:24:08,046 - AdspyChromeMiddleware.py[line:58] - INFO: 第19次翻页...
2019-04-07 14:24:11,053 - AdspyChromeMiddleware.py[line:58] - INFO: 第20次翻页...
2019-04-07 14:24:16,590 - AdspyRedisPipeline.py[line:26] - INFO: 解析到新链接： https://www.facebook.com/2189012114684040
2019-04-07 14:24:16,591 - AdspyRedisPipeline.py[line:26] - INFO: 解析到新链接： https://www.facebook.com/397418181006970
2019-04-07 14:24:16,596 - AdspyRedisPipeline.py[line:26] - INFO: 解析到新链接： https://www.facebook.com/701655630233799
2019-04-07 14:24:16,599 - AdspyRedisPipeline.py[line:26] - INFO: 解析到新链接： https://www.facebook.com/137242753132523
2019-04-07 14:24:16,604 - AdspyRedisPipeline.py[line:26] - INFO: 解析到新链接： https://www.facebook.com/820867821594578
2019-04-07 14:24:16,605 - AdspyRedisPipeline.py[line:26] - INFO: 解析到新链接： https://www.facebook.com/1692101244177529
2019-04-07 14:24:16,611 - AdspyRedisPipeline.py[line:26] - INFO: 解析到新链接： https://www.facebook.com/273235556863815
2019-04-07 14:24:16,618 - AdspyRedisPipeline.py[line:26] - INFO: 解析到新链接： https://www.facebook.com/339273856653135
2019-04-07 14:24:16,621 - AdspyRedisPipeline.py[line:26] - INFO: 解析到新链接： https://www.facebook.com/270523787185531
2019-04-07 14:24:16,622 - AdspyRedisPipeline.py[line:26] - INFO: 解析到新链接： https://www.facebook.com/516086652213748
2019-04-07 14:24:16,633 - AdspyRedisPipeline.py[line:26] - INFO: 解析到新链接： https://www.facebook.com/1266321890196898
2019-04-07 14:24:16,634 - AdspyRedisPipeline.py[line:26] - INFO: 解析到新链接： https://www.facebook.com/1360608127355960
2019-04-07 14:24:16,641 - AdspyRedisPipeline.py[line:26] - INFO: 解析到新链接： https://www.facebook.com/110404602463289
2019-04-07 14:24:16,642 - AdspyRedisPipeline.py[line:26] - INFO: 解析到新链接： https://www.facebook.com/968986623197794
2019-04-07 14:24:16,644 - AdspyRedisPipeline.py[line:26] - INFO: 解析到新链接： https://www.facebook.com/157101064866442
2019-04-07 14:24:16,709 - AdspySpider.py[line:104] - INFO: 登陆成功，解析完毕!
2019-04-07 20:33:44,265 - AdspySpider.py[line:59] - INFO: AdspySpider启动...
2019-04-07 20:33:49,699 - AdspyChromeMiddleware.py[line:51] - INFO: 8428792@qq.com: 登录成功！
2019-04-07 20:33:50,447 - AdspyChromeMiddleware.py[line:55] - INFO: 开始下拉翻页获取视频链接...
2019-04-07 20:33:53,449 - AdspyChromeMiddleware.py[line:58] - INFO: 第1次翻页...
2019-04-07 20:33:56,458 - AdspyChromeMiddleware.py[line:58] - INFO: 第2次翻页...
2019-04-07 20:33:59,465 - AdspyChromeMiddleware.py[line:58] - INFO: 第3次翻页...
2019-04-07 20:34:02,474 - AdspyChromeMiddleware.py[line:58] - INFO: 第4次翻页...
2019-04-07 20:34:05,482 - AdspyChromeMiddleware.py[line:58] - INFO: 第5次翻页...
2019-04-07 20:34:08,490 - AdspyChromeMiddleware.py[line:58] - INFO: 第6次翻页...
2019-04-07 20:34:11,498 - AdspyChromeMiddleware.py[line:58] - INFO: 第7次翻页...
2019-04-07 20:34:14,510 - AdspyChromeMiddleware.py[line:58] - INFO: 第8次翻页...
2019-04-07 20:34:17,521 - AdspyChromeMiddleware.py[line:58] - INFO: 第9次翻页...
2019-04-07 20:34:20,537 - AdspyChromeMiddleware.py[line:58] - INFO: 第10次翻页...
2019-04-07 20:34:23,553 - AdspyChromeMiddleware.py[line:58] - INFO: 第11次翻页...
2019-04-07 20:34:26,571 - AdspyChromeMiddleware.py[line:58] - INFO: 第12次翻页...
2019-04-07 20:34:29,597 - AdspyChromeMiddleware.py[line:58] - INFO: 第13次翻页...
2019-04-07 20:34:32,606 - AdspyChromeMiddleware.py[line:58] - INFO: 第14次翻页...
2019-04-07 20:34:35,620 - AdspyChromeMiddleware.py[line:58] - INFO: 第15次翻页...
2019-04-07 20:34:38,630 - AdspyChromeMiddleware.py[line:58] - INFO: 第16次翻页...
2019-04-07 20:34:41,641 - AdspyChromeMiddleware.py[line:58] - INFO: 第17次翻页...
2019-04-07 20:34:44,836 - AdspyChromeMiddleware.py[line:58] - INFO: 第18次翻页...
2019-04-07 20:34:47,860 - AdspyChromeMiddleware.py[line:58] - INFO: 第19次翻页...
2019-04-07 20:34:50,876 - AdspyChromeMiddleware.py[line:58] - INFO: 第20次翻页...
2019-04-07 20:34:56,407 - AdspyRedisPipeline.py[line:26] - INFO: 解析到新链接： https://www.facebook.com/443143479756402
2019-04-07 20:34:56,411 - AdspyRedisPipeline.py[line:26] - INFO: 解析到新链接： https://www.facebook.com/1075224256019584
2019-04-07 20:34:56,425 - AdspyRedisPipeline.py[line:26] - INFO: 解析到新链接： https://www.facebook.com/2314277395514022
2019-04-07 20:34:56,437 - AdspyRedisPipeline.py[line:26] - INFO: 解析到新链接： https://www.facebook.com/501656423181530
2019-04-07 20:34:56,449 - AdspyRedisPipeline.py[line:26] - INFO: 解析到新链接： https://www.facebook.com/148180961913768
2019-04-07 20:34:56,450 - AdspyRedisPipeline.py[line:26] - INFO: 解析到新链接： https://www.facebook.com/2254672267877633
2019-04-07 20:34:56,459 - AdspyRedisPipeline.py[line:26] - INFO: 解析到新链接： https://www.facebook.com/134044336644503
2019-04-07 20:34:56,465 - AdspyRedisPipeline.py[line:26] - INFO: 解析到新链接： https://www.facebook.com/394032477289699
2019-04-07 20:34:56,524 - AdspySpider.py[line:104] - INFO: 登陆成功，解析完毕!
