2019-04-04 00:11:32,721 - AdspySpider.py[line:59] - INFO: AdspySpider启动...
2019-04-04 00:11:38,087 - AdspyChromeMiddleware.py[line:51] - INFO: 8428792@qq.com: 登录成功！
2019-04-04 00:11:38,860 - AdspyChromeMiddleware.py[line:55] - INFO: 开始下拉翻页获取视频链接...
2019-04-04 00:11:41,863 - AdspyChromeMiddleware.py[line:58] - INFO: 第1次翻页...
2019-04-04 00:11:44,872 - AdspyChromeMiddleware.py[line:58] - INFO: 第2次翻页...
2019-04-04 00:11:47,886 - AdspyChromeMiddleware.py[line:58] - INFO: 第3次翻页...
2019-04-04 00:11:50,893 - AdspyChromeMiddleware.py[line:58] - INFO: 第4次翻页...
2019-04-04 00:11:53,900 - AdspyChromeMiddleware.py[line:58] - INFO: 第5次翻页...
2019-04-04 00:11:56,941 - AdspyChromeMiddleware.py[line:58] - INFO: 第6次翻页...
2019-04-04 00:11:59,953 - AdspyChromeMiddleware.py[line:58] - INFO: 第7次翻页...
2019-04-04 00:12:02,960 - AdspyChromeMiddleware.py[line:58] - INFO: 第8次翻页...
2019-04-04 00:12:05,972 - AdspyChromeMiddleware.py[line:58] - INFO: 第9次翻页...
2019-04-04 00:12:08,990 - AdspyChromeMiddleware.py[line:58] - INFO: 第10次翻页...
2019-04-04 00:12:12,009 - AdspyChromeMiddleware.py[line:58] - INFO: 第11次翻页...
2019-04-04 00:12:15,017 - AdspyChromeMiddleware.py[line:58] - INFO: 第12次翻页...
2019-04-04 00:12:18,023 - AdspyChromeMiddleware.py[line:58] - INFO: 第13次翻页...
2019-04-04 00:12:21,058 - AdspyChromeMiddleware.py[line:58] - INFO: 第14次翻页...
2019-04-04 00:12:24,073 - AdspyChromeMiddleware.py[line:58] - INFO: 第15次翻页...
2019-04-04 00:12:27,081 - AdspyChromeMiddleware.py[line:58] - INFO: 第16次翻页...
2019-04-04 00:12:30,114 - AdspyChromeMiddleware.py[line:58] - INFO: 第17次翻页...
2019-04-04 00:12:33,122 - AdspyChromeMiddleware.py[line:58] - INFO: 第18次翻页...
2019-04-04 00:12:36,171 - AdspyChromeMiddleware.py[line:58] - INFO: 第19次翻页...
2019-04-04 00:12:39,194 - AdspyChromeMiddleware.py[line:58] - INFO: 第20次翻页...
2019-04-04 00:12:44,973 - AdspyRedisPipeline.py[line:26] - INFO: 解析到新链接： https://www.facebook.com/469905343375605
2019-04-04 00:12:44,976 - AdspyRedisPipeline.py[line:26] - INFO: 解析到新链接： https://www.facebook.com/1944918259148728
2019-04-04 00:12:45,004 - AdspyRedisPipeline.py[line:26] - INFO: 解析到新链接： https://www.facebook.com/357785264839268
2019-04-04 00:12:45,011 - AdspyRedisPipeline.py[line:26] - INFO: 解析到新链接： https://www.facebook.com/2199761803598226
2019-04-04 00:12:45,014 - AdspyRedisPipeline.py[line:26] - INFO: 解析到新链接： https://www.facebook.com/415313549007224
2019-04-04 00:12:45,019 - AdspyRedisPipeline.py[line:26] - INFO: 解析到新链接： https://www.facebook.com/629007114214807
2019-04-04 00:12:45,021 - AdspyRedisPipeline.py[line:26] - INFO: 解析到新链接： https://www.facebook.com/300867950397422
2019-04-04 00:12:45,030 - AdspyRedisPipeline.py[line:26] - INFO: 解析到新链接： https://www.facebook.com/199986627617875
2019-04-04 00:12:45,031 - AdspyRedisPipeline.py[line:26] - INFO: 解析到新链接： https://www.facebook.com/409287569633880
2019-04-04 00:12:45,031 - AdspyRedisPipeline.py[line:26] - INFO: 解析到新链接： https://www.facebook.com/3080911235256084
2019-04-04 00:12:45,059 - AdspyRedisPipeline.py[line:26] - INFO: 解析到新链接： https://www.facebook.com/220939965086571
2019-04-04 00:12:45,066 - AdspyRedisPipeline.py[line:26] - INFO: 解析到新链接： https://www.facebook.com/696365660778765
2019-04-04 00:12:45,067 - AdspyRedisPipeline.py[line:26] - INFO: 解析到新链接： https://www.facebook.com/567694333722162
2019-04-04 00:12:45,070 - AdspyRedisPipeline.py[line:26] - INFO: 解析到新链接： https://www.facebook.com/1754270108012966
2019-04-04 00:12:45,070 - AdspyRedisPipeline.py[line:26] - INFO: 解析到新链接： https://www.facebook.com/315810322381059
2019-04-04 00:12:45,073 - AdspyRedisPipeline.py[line:26] - INFO: 解析到新链接： https://www.facebook.com/2022175131418557
2019-04-04 00:12:45,077 - AdspyRedisPipeline.py[line:26] - INFO: 解析到新链接： https://www.facebook.com/2000823173469901
2019-04-04 00:12:45,183 - AdspySpider.py[line:104] - INFO: 登陆成功，解析完毕!
2019-04-04 06:19:40,650 - AdspySpider.py[line:59] - INFO: AdspySpider启动...
2019-04-04 06:19:46,545 - AdspyChromeMiddleware.py[line:51] - INFO: 8428792@qq.com: 登录成功！
2019-04-04 06:19:47,073 - AdspyChromeMiddleware.py[line:55] - INFO: 开始下拉翻页获取视频链接...
2019-04-04 06:19:50,076 - AdspyChromeMiddleware.py[line:58] - INFO: 第1次翻页...
2019-04-04 06:19:53,085 - AdspyChromeMiddleware.py[line:58] - INFO: 第2次翻页...
2019-04-04 06:19:56,092 - AdspyChromeMiddleware.py[line:58] - INFO: 第3次翻页...
2019-04-04 06:19:59,109 - AdspyChromeMiddleware.py[line:58] - INFO: 第4次翻页...
2019-04-04 06:20:02,117 - AdspyChromeMiddleware.py[line:58] - INFO: 第5次翻页...
2019-04-04 06:20:05,125 - AdspyChromeMiddleware.py[line:58] - INFO: 第6次翻页...
2019-04-04 06:20:08,232 - AdspyChromeMiddleware.py[line:58] - INFO: 第7次翻页...
2019-04-04 06:20:11,240 - AdspyChromeMiddleware.py[line:58] - INFO: 第8次翻页...
2019-04-04 06:20:14,252 - AdspyChromeMiddleware.py[line:58] - INFO: 第9次翻页...
2019-04-04 06:20:17,260 - AdspyChromeMiddleware.py[line:58] - INFO: 第10次翻页...
2019-04-04 06:20:20,287 - AdspyChromeMiddleware.py[line:58] - INFO: 第11次翻页...
2019-04-04 06:20:23,306 - AdspyChromeMiddleware.py[line:58] - INFO: 第12次翻页...
2019-04-04 06:20:26,315 - AdspyChromeMiddleware.py[line:58] - INFO: 第13次翻页...
2019-04-04 06:20:29,321 - AdspyChromeMiddleware.py[line:58] - INFO: 第14次翻页...
2019-04-04 06:20:32,339 - AdspyChromeMiddleware.py[line:58] - INFO: 第15次翻页...
2019-04-04 06:20:35,350 - AdspyChromeMiddleware.py[line:58] - INFO: 第16次翻页...
2019-04-04 06:20:38,356 - AdspyChromeMiddleware.py[line:58] - INFO: 第17次翻页...
2019-04-04 06:20:41,376 - AdspyChromeMiddleware.py[line:58] - INFO: 第18次翻页...
2019-04-04 06:20:44,402 - AdspyChromeMiddleware.py[line:58] - INFO: 第19次翻页...
2019-04-04 06:20:47,408 - AdspyChromeMiddleware.py[line:58] - INFO: 第20次翻页...
2019-04-04 06:20:52,961 - AdspyRedisPipeline.py[line:26] - INFO: 解析到新链接： https://www.facebook.com/1739622349603819
2019-04-04 06:20:52,962 - AdspyRedisPipeline.py[line:26] - INFO: 解析到新链接： https://www.facebook.com/410168999791842
2019-04-04 06:20:52,962 - AdspyRedisPipeline.py[line:26] - INFO: 解析到新链接： https://www.facebook.com/374214926695683
2019-04-04 06:20:52,965 - AdspyRedisPipeline.py[line:26] - INFO: 解析到新链接： https://www.facebook.com/2241878509393720
2019-04-04 06:20:52,966 - AdspyRedisPipeline.py[line:26] - INFO: 解析到新链接： https://www.facebook.com/802660813433252
2019-04-04 06:20:52,974 - AdspyRedisPipeline.py[line:26] - INFO: 解析到新链接： https://www.facebook.com/2274698869519282
2019-04-04 06:20:52,978 - AdspyRedisPipeline.py[line:26] - INFO: 解析到新链接： https://www.facebook.com/1312051318948172
2019-04-04 06:20:52,996 - AdspyRedisPipeline.py[line:26] - INFO: 解析到新链接： https://www.facebook.com/452388361860027
2019-04-04 06:20:53,001 - AdspyRedisPipeline.py[line:26] - INFO: 解析到新链接： https://www.facebook.com/419924168549096
2019-04-04 06:20:53,007 - AdspyRedisPipeline.py[line:26] - INFO: 解析到新链接： https://www.facebook.com/470939079954134
2019-04-04 06:20:53,015 - AdspyRedisPipeline.py[line:26] - INFO: 解析到新链接： https://www.facebook.com/2054028374889443
2019-04-04 06:20:53,091 - AdspySpider.py[line:104] - INFO: 登陆成功，解析完毕!
2019-04-04 12:28:00,853 - AdspySpider.py[line:59] - INFO: AdspySpider启动...
2019-04-04 12:28:06,469 - AdspyChromeMiddleware.py[line:51] - INFO: 8428792@qq.com: 登录成功！
2019-04-04 12:28:07,224 - AdspyChromeMiddleware.py[line:55] - INFO: 开始下拉翻页获取视频链接...
2019-04-04 12:28:10,225 - AdspyChromeMiddleware.py[line:58] - INFO: 第1次翻页...
2019-04-04 12:28:13,234 - AdspyChromeMiddleware.py[line:58] - INFO: 第2次翻页...
2019-04-04 12:28:16,243 - AdspyChromeMiddleware.py[line:58] - INFO: 第3次翻页...
2019-04-04 12:28:19,253 - AdspyChromeMiddleware.py[line:58] - INFO: 第4次翻页...
2019-04-04 12:28:22,261 - AdspyChromeMiddleware.py[line:58] - INFO: 第5次翻页...
2019-04-04 12:28:25,271 - AdspyChromeMiddleware.py[line:58] - INFO: 第6次翻页...
2019-04-04 12:28:28,286 - AdspyChromeMiddleware.py[line:58] - INFO: 第7次翻页...
2019-04-04 12:28:31,330 - AdspyChromeMiddleware.py[line:58] - INFO: 第8次翻页...
2019-04-04 12:28:34,338 - AdspyChromeMiddleware.py[line:58] - INFO: 第9次翻页...
2019-04-04 12:28:37,354 - AdspyChromeMiddleware.py[line:58] - INFO: 第10次翻页...
2019-04-04 12:28:40,362 - AdspyChromeMiddleware.py[line:58] - INFO: 第11次翻页...
2019-04-04 12:28:43,376 - AdspyChromeMiddleware.py[line:58] - INFO: 第12次翻页...
2019-04-04 12:28:46,402 - AdspyChromeMiddleware.py[line:58] - INFO: 第13次翻页...
2019-04-04 12:28:49,408 - AdspyChromeMiddleware.py[line:58] - INFO: 第14次翻页...
2019-04-04 12:28:52,423 - AdspyChromeMiddleware.py[line:58] - INFO: 第15次翻页...
2019-04-04 12:28:55,434 - AdspyChromeMiddleware.py[line:58] - INFO: 第16次翻页...
2019-04-04 12:28:58,440 - AdspyChromeMiddleware.py[line:58] - INFO: 第17次翻页...
2019-04-04 12:29:01,457 - AdspyChromeMiddleware.py[line:58] - INFO: 第18次翻页...
2019-04-04 12:29:04,465 - AdspyChromeMiddleware.py[line:58] - INFO: 第19次翻页...
2019-04-04 12:29:07,471 - AdspyChromeMiddleware.py[line:58] - INFO: 第20次翻页...
2019-04-04 12:29:13,049 - AdspyRedisPipeline.py[line:26] - INFO: 解析到新链接： https://www.facebook.com/614279832255497
2019-04-04 12:29:13,050 - AdspyRedisPipeline.py[line:26] - INFO: 解析到新链接： https://www.facebook.com/301641283348709
2019-04-04 12:29:13,054 - AdspyRedisPipeline.py[line:26] - INFO: 解析到新链接： https://www.facebook.com/187286194647056
2019-04-04 12:29:13,056 - AdspyRedisPipeline.py[line:26] - INFO: 解析到新链接： https://www.facebook.com/122215144515169
2019-04-04 12:29:13,063 - AdspyRedisPipeline.py[line:26] - INFO: 解析到新链接： https://www.facebook.com/206383749437659
2019-04-04 12:29:13,064 - AdspyRedisPipeline.py[line:26] - INFO: 解析到新链接： https://www.facebook.com/2229820283756944
2019-04-04 12:29:13,065 - AdspyRedisPipeline.py[line:26] - INFO: 解析到新链接： https://www.facebook.com/356397697772593
2019-04-04 12:29:13,175 - AdspySpider.py[line:104] - INFO: 登陆成功，解析完毕!
2019-04-04 18:37:00,038 - AdspySpider.py[line:59] - INFO: AdspySpider启动...
2019-04-04 18:37:05,479 - AdspyChromeMiddleware.py[line:51] - INFO: 8428792@qq.com: 登录成功！
2019-04-04 18:37:05,987 - AdspyChromeMiddleware.py[line:55] - INFO: 开始下拉翻页获取视频链接...
2019-04-04 18:37:08,988 - AdspyChromeMiddleware.py[line:58] - INFO: 第1次翻页...
2019-04-04 18:37:12,005 - AdspyChromeMiddleware.py[line:58] - INFO: 第2次翻页...
2019-04-04 18:37:15,013 - AdspyChromeMiddleware.py[line:58] - INFO: 第3次翻页...
2019-04-04 18:37:18,020 - AdspyChromeMiddleware.py[line:58] - INFO: 第4次翻页...
2019-04-04 18:37:21,035 - AdspyChromeMiddleware.py[line:58] - INFO: 第5次翻页...
2019-04-04 18:37:24,042 - AdspyChromeMiddleware.py[line:58] - INFO: 第6次翻页...
2019-04-04 18:37:27,072 - AdspyChromeMiddleware.py[line:58] - INFO: 第7次翻页...
2019-04-04 18:37:30,084 - AdspyChromeMiddleware.py[line:58] - INFO: 第8次翻页...
2019-04-04 18:37:33,098 - AdspyChromeMiddleware.py[line:58] - INFO: 第9次翻页...
2019-04-04 18:37:36,106 - AdspyChromeMiddleware.py[line:58] - INFO: 第10次翻页...
2019-04-04 18:37:39,114 - AdspyChromeMiddleware.py[line:58] - INFO: 第11次翻页...
2019-04-04 18:37:42,122 - AdspyChromeMiddleware.py[line:58] - INFO: 第12次翻页...
2019-04-04 18:37:45,135 - AdspyChromeMiddleware.py[line:58] - INFO: 第13次翻页...
2019-04-04 18:37:48,157 - AdspyChromeMiddleware.py[line:58] - INFO: 第14次翻页...
2019-04-04 18:37:51,163 - AdspyChromeMiddleware.py[line:58] - INFO: 第15次翻页...
2019-04-04 18:37:54,177 - AdspyChromeMiddleware.py[line:58] - INFO: 第16次翻页...
2019-04-04 18:37:57,186 - AdspyChromeMiddleware.py[line:58] - INFO: 第17次翻页...
2019-04-04 18:38:00,193 - AdspyChromeMiddleware.py[line:58] - INFO: 第18次翻页...
2019-04-04 18:38:03,208 - AdspyChromeMiddleware.py[line:58] - INFO: 第19次翻页...
2019-04-04 18:38:06,218 - AdspyChromeMiddleware.py[line:58] - INFO: 第20次翻页...
2019-04-04 18:38:11,775 - AdspyRedisPipeline.py[line:26] - INFO: 解析到新链接： https://www.facebook.com/268325180769117
2019-04-04 18:38:11,778 - AdspyRedisPipeline.py[line:26] - INFO: 解析到新链接： https://www.facebook.com/810666952614356
2019-04-04 18:38:11,795 - AdspyRedisPipeline.py[line:26] - INFO: 解析到新链接： https://www.facebook.com/145409735863429
2019-04-04 18:38:11,893 - AdspySpider.py[line:104] - INFO: 登陆成功，解析完毕!
