2019-04-04 00:18:49,653 - SaveVideoSpider.py[line:19] - INFO: 启动：saveVideoSpider(下载视频、音频和图片)
2019-04-04 00:18:50,832 - SaveVideoSpider.py[line:59] - INFO: 启动SaveVideoSpider，准备开始工作...
2019-04-04 00:18:51,149 - SaveVideoSpider.py[line:102] - INFO: 爬取失败: https://video-den4-1.xx.fbcdn.net/v/t42.1790-2/38074291_212733789396360_2495401914808664064_n.mp4?_nc_cat=102&efg=eyJ2ZW5jb2RlX3RhZyI6ImRhc2hfdjRhdWRpb2ZvcnNvdXJjZXBpcGVsaW5lXzEyOF9jcmZfMjNfbWFpbl8zLjBfZnJhZ18yX2F1ZGlvIn0%3D&_nc_ht=video-den4-1.xx&oh=190980b9ebfb6b07fcdbfaa27dd2f82e&oe=5C9C01C3
2019-04-04 00:18:51,163 - SaveVideoSpider.py[line:102] - INFO: 爬取失败: https://video-dfw5-1.xx.fbcdn.net/v/t42.1790-2/38074291_212733789396360_2495401914808664064_n.mp4?_nc_cat=102&efg=eyJ2ZW5jb2RlX3RhZyI6ImRhc2hfdjRhdWRpb2ZvcnNvdXJjZXBpcGVsaW5lXzEyOF9jcmZfMjNfbWFpbl8zLjBfZnJhZ18yX2F1ZGlvIn0%3D&_nc_ht=video-dfw5-1.xx&oh=50db66019f77a9a370859c4ee37d2170&oe=5C9EA4C3
2019-04-04 00:18:51,274 - SaveVideoSpider.py[line:102] - INFO: 爬取失败: https://video-lga3-1.xx.fbcdn.net/v/t42.1790-2/38074291_212733789396360_2495401914808664064_n.mp4?_nc_cat=102&efg=eyJ2ZW5jb2RlX3RhZyI6ImRhc2hfdjRhdWRpb2ZvcnNvdXJjZXBpcGVsaW5lXzEyOF9jcmZfMjNfbWFpbl8zLjBfZnJhZ18yX2F1ZGlvIn0%3D&_nc_ht=video-lga3-1.xx&oh=a33028b1c6ef36a9f667423825f621f9&oe=5CA2B563
2019-04-04 00:18:51,951 - SaveVideoSpider.py[line:102] - INFO: 爬取失败: https://video-sin2-2.xx.fbcdn.net/v/t42.1790-2/38074291_212733789396360_2495401914808664064_n.mp4?_nc_cat=102&efg=eyJ2ZW5jb2RlX3RhZyI6ImRhc2hfdjRhdWRpb2ZvcnNvdXJjZXBpcGVsaW5lXzEyOF9jcmZfMjNfbWFpbl8zLjBfZnJhZ18yX2F1ZGlvIn0%3D&_nc_ht=video-sin2-2.xx&oh=b9e6faa13f17d635d22fc6406bd83859&oe=5C881113
2019-04-04 00:18:52,960 - SaveVideoSpider.py[line:102] - INFO: 爬取失败: https://video-dfw5-1.xx.fbcdn.net/v/t42.1790-2/38074291_212733789396360_2495401914808664064_n.mp4?_nc_cat=102&efg=eyJ2ZW5jb2RlX3RhZyI6ImRhc2hfdjRhdWRpb2ZvcnNvdXJjZXBpcGVsaW5lXzEyOF9jcmZfMjNfbWFpbl8zLjBfZnJhZ18yX2F1ZGlvIn0%3D&_nc_ht=video-dfw5-1.xx&oh=50db66019f77a9a370859c4ee37d2170&oe=5C9EA4C3
2019-04-04 00:18:55,319 - SaveVideoSpider.py[line:102] - INFO: 爬取失败: https://video-sin2-2.xx.fbcdn.net/v/t42.1790-2/38074291_212733789396360_2495401914808664064_n.mp4?_nc_cat=102&efg=eyJ2ZW5jb2RlX3RhZyI6ImRhc2hfdjRhdWRpb2ZvcnNvdXJjZXBpcGVsaW5lXzEyOF9jcmZfMjNfbWFpbl8zLjBfZnJhZ18yX2F1ZGlvIn0%3D&_nc_ht=video-sin2-2.xx&oh=b9e6faa13f17d635d22fc6406bd83859&oe=5C881113
2019-04-04 00:18:55,578 - SaveVideoSpider.py[line:102] - INFO: 爬取失败: https://scontent-lga3-1.xx.fbcdn.net/v/t42.9040-29/10000000_787028961672301_3794730509414694912_n.mp4?_nc_cat=1&efg=eyJ2ZW5jb2RlX3RhZyI6ImRhc2hfdjRfaHEyX2ZyYWdfMl92aWRlb19mcm9tX2xpdmVfZHZyX3YyIn0%3D&_nc_ht=scontent-lga3-1.xx&oh=52489f50ded379e65b9bf324b1018271&oe=5CA42089
2019-04-04 00:19:04,680 - SaveVideoSpider.py[line:102] - INFO: 爬取失败: https://scontent-lga3-1.xx.fbcdn.net/v/t42.1790-29/10000000_3056868027672755_232144176349708288_n.mp4?_nc_cat=111&efg=eyJ2ZW5jb2RlX3RhZyI6ImRhc2hfdjRfaHExX2ZyYWdfMl9hdWRpb19mcm9tX2xpdmVfZHZyX3YyIn0%3D&_nc_ht=scontent-lga3-1.xx&oh=64164cbc0f0b093dec4d616a0096fa67&oe=5CA41469
2019-04-04 00:39:26,226 - SaveVideoSpider.py[line:19] - INFO: 启动：saveVideoSpider(下载视频、音频和图片)
2019-04-04 00:39:27,403 - SaveVideoSpider.py[line:59] - INFO: 启动SaveVideoSpider，准备开始工作...
2019-04-04 05:44:42,375 - SaveVideoSpider.py[line:19] - INFO: 启动：saveVideoSpider(下载视频、音频和图片)
2019-04-04 05:44:43,558 - SaveVideoSpider.py[line:59] - INFO: 启动SaveVideoSpider，准备开始工作...
2019-04-04 06:47:30,700 - SaveVideoSpider.py[line:19] - INFO: 启动：saveVideoSpider(下载视频、音频和图片)
2019-04-04 06:47:31,877 - SaveVideoSpider.py[line:59] - INFO: 启动SaveVideoSpider，准备开始工作...
2019-04-04 11:52:37,092 - SaveVideoSpider.py[line:19] - INFO: 启动：saveVideoSpider(下载视频、音频和图片)
2019-04-04 11:52:38,272 - SaveVideoSpider.py[line:59] - INFO: 启动SaveVideoSpider，准备开始工作...
2019-04-04 18:00:55,395 - SaveVideoSpider.py[line:19] - INFO: 启动：saveVideoSpider(下载视频、音频和图片)
2019-04-04 18:00:56,577 - SaveVideoSpider.py[line:59] - INFO: 启动SaveVideoSpider，准备开始工作...
2019-04-04 19:04:29,851 - SaveVideoSpider.py[line:19] - INFO: 启动：saveVideoSpider(下载视频、音频和图片)
2019-04-04 19:04:31,030 - SaveVideoSpider.py[line:59] - INFO: 启动SaveVideoSpider，准备开始工作...
